2025-08-06 11:59:24.098 [info] [main] Log level: Info
2025-08-06 11:59:24.098 [info] [main] Validating found git in: "git"
2025-08-06 11:59:24.099 [info] [main] Using git "2.50.1" from "git"
2025-08-06 11:59:24.099 [info] [Model][doInitialScan] Initial repository scan started
2025-08-06 11:59:24.099 [info] > git rev-parse --show-toplevel [11ms]
2025-08-06 11:59:24.099 [info] > git rev-parse --git-dir --git-common-dir [2ms]
2025-08-06 11:59:24.099 [info] [Model][openRepository] Opened repository (path): /home/hubert/.dotfiles
2025-08-06 11:59:24.099 [info] [Model][openRepository] Opened repository (real path): /home/hubert/.dotfiles
2025-08-06 11:59:24.099 [info] > git rev-parse --show-toplevel [6ms]
2025-08-06 11:59:24.099 [info] fatal: not a git repository (or any of the parent directories): .git
2025-08-06 11:59:24.099 [info] > git config --get commit.template [11ms]
2025-08-06 11:59:24.099 [info] > git for-each-ref --format=%(refname)%00%(upstream:short)%00%(objectname)%00%(upstream:track)%00%(upstream:remotename)%00%(upstream:remoteref) refs/heads/main refs/remotes/main [2ms]
2025-08-06 11:59:24.130 [info] > git for-each-ref --sort -committerdate --format %(refname)%00%(objectname)%00%(*objectname) [7ms]
2025-08-06 11:59:24.414 [info] > git status -z -uall [300ms]
2025-08-06 11:59:24.434 [info] > git rev-parse --show-toplevel [290ms]
2025-08-06 11:59:24.434 [info] fatal: not a git repository (or any of the parent directories): .git
2025-08-06 11:59:24.496 [info] > git for-each-ref --format=%(refname)%00%(upstream:short)%00%(objectname)%00%(upstream:track)%00%(upstream:remotename)%00%(upstream:remoteref) refs/heads/main refs/remotes/main [63ms]
2025-08-06 11:59:24.511 [info] > git config --get --local branch.main.vscode-merge-base [11ms]
2025-08-06 11:59:24.516 [info] > git rev-parse --show-toplevel [21ms]
2025-08-06 11:59:24.516 [info] fatal: not a git repository (or any of the parent directories): .git
2025-08-06 11:59:24.516 [info] > git config --get commit.template [24ms]
2025-08-06 11:59:24.523 [info] > git for-each-ref --format=%(refname)%00%(upstream:short)%00%(objectname)%00%(upstream:track)%00%(upstream:remotename)%00%(upstream:remoteref) refs/heads/origin/main refs/remotes/origin/main [7ms]
2025-08-06 11:59:24.534 [info] > git merge-base refs/heads/main refs/remotes/origin/main [6ms]
2025-08-06 11:59:24.541 [info] > git rev-parse --show-toplevel [19ms]
2025-08-06 11:59:24.541 [info] fatal: not a git repository (or any of the parent directories): .git
2025-08-06 11:59:24.548 [info] > git diff --name-status -z --diff-filter=ADMR 4f9f921897bca9fe086ed5db1e0bb8dc3d7d85cf...refs/remotes/origin/main [8ms]
2025-08-06 11:59:24.549 [info] > git for-each-ref --format=%(refname)%00%(upstream:short)%00%(objectname)%00%(upstream:track)%00%(upstream:remotename)%00%(upstream:remoteref) refs/heads/main refs/remotes/main [16ms]
2025-08-06 11:59:24.551 [info] > git rev-parse --show-toplevel [4ms]
2025-08-06 11:59:24.551 [info] fatal: not a git repository (or any of the parent directories): .git
2025-08-06 11:59:24.567 [info] > git rev-parse --show-toplevel [11ms]
2025-08-06 11:59:24.567 [info] fatal: not a git repository (or any of the parent directories): .git
2025-08-06 11:59:24.581 [info] > git for-each-ref --sort -committerdate --format %(refname)%00%(objectname)%00%(*objectname) [15ms]
2025-08-06 11:59:24.582 [info] > git rev-parse --show-toplevel [2ms]
2025-08-06 11:59:24.582 [info] fatal: not a git repository (or any of the parent directories): .git
2025-08-06 11:59:24.703 [info] > git status -z -uall [142ms]
2025-08-06 11:59:24.720 [info] > git rev-parse --show-toplevel [23ms]
2025-08-06 11:59:24.720 [info] fatal: not a git repository (or any of the parent directories): .git
2025-08-06 11:59:24.745 [info] > git rev-parse --show-toplevel [20ms]
2025-08-06 11:59:24.745 [info] fatal: not a git repository (or any of the parent directories): .git
2025-08-06 11:59:24.773 [info] > git check-ignore -v -z --stdin [63ms]
2025-08-06 11:59:24.773 [info] > git rev-parse --show-toplevel [12ms]
2025-08-06 11:59:24.773 [info] fatal: not a git repository (or any of the parent directories): .git
2025-08-06 11:59:24.780 [info] > git rev-parse --show-toplevel [2ms]
2025-08-06 11:59:24.780 [info] fatal: not a git repository (or any of the parent directories): .git
2025-08-06 11:59:24.785 [info] > git rev-parse --show-toplevel [1ms]
2025-08-06 11:59:24.785 [info] fatal: not a git repository (or any of the parent directories): .git
2025-08-06 11:59:24.790 [info] > git rev-parse --show-toplevel [1ms]
2025-08-06 11:59:24.790 [info] fatal: not a git repository (or any of the parent directories): .git
2025-08-06 11:59:24.795 [info] > git rev-parse --show-toplevel [1ms]
2025-08-06 11:59:24.795 [info] fatal: not a git repository (or any of the parent directories): .git
2025-08-06 11:59:24.800 [info] > git rev-parse --show-toplevel [0ms]
2025-08-06 11:59:24.800 [info] fatal: not a git repository (or any of the parent directories): .git
2025-08-06 11:59:24.806 [info] > git rev-parse --show-toplevel [1ms]
2025-08-06 11:59:24.806 [info] fatal: not a git repository (or any of the parent directories): .git
2025-08-06 11:59:24.811 [info] > git rev-parse --show-toplevel [1ms]
2025-08-06 11:59:24.811 [info] fatal: not a git repository (or any of the parent directories): .git
2025-08-06 11:59:24.817 [info] > git rev-parse --show-toplevel [1ms]
2025-08-06 11:59:24.817 [info] fatal: not a git repository (or any of the parent directories): .git
2025-08-06 11:59:24.822 [info] > git rev-parse --show-toplevel [1ms]
2025-08-06 11:59:24.822 [info] fatal: not a git repository (or any of the parent directories): .git
2025-08-06 11:59:24.828 [info] > git rev-parse --show-toplevel [1ms]
2025-08-06 11:59:24.828 [info] fatal: not a git repository (or any of the parent directories): .git
2025-08-06 11:59:24.833 [info] > git rev-parse --show-toplevel [1ms]
2025-08-06 11:59:24.833 [info] fatal: not a git repository (or any of the parent directories): .git
2025-08-06 11:59:24.838 [info] > git rev-parse --show-toplevel [0ms]
2025-08-06 11:59:24.838 [info] fatal: not a git repository (or any of the parent directories): .git
2025-08-06 11:59:24.844 [info] > git rev-parse --show-toplevel [1ms]
2025-08-06 11:59:24.844 [info] fatal: not a git repository (or any of the parent directories): .git
2025-08-06 11:59:24.850 [info] > git rev-parse --show-toplevel [1ms]
2025-08-06 11:59:24.850 [info] fatal: not a git repository (or any of the parent directories): .git
2025-08-06 11:59:24.855 [info] > git rev-parse --show-toplevel [1ms]
2025-08-06 11:59:24.855 [info] fatal: not a git repository (or any of the parent directories): .git
2025-08-06 11:59:24.860 [info] > git rev-parse --show-toplevel [0ms]
2025-08-06 11:59:24.860 [info] fatal: not a git repository (or any of the parent directories): .git
2025-08-06 11:59:24.866 [info] > git rev-parse --show-toplevel [1ms]
2025-08-06 11:59:24.866 [info] fatal: not a git repository (or any of the parent directories): .git
2025-08-06 11:59:24.871 [info] > git rev-parse --show-toplevel [1ms]
2025-08-06 11:59:24.871 [info] fatal: not a git repository (or any of the parent directories): .git
2025-08-06 11:59:24.877 [info] > git rev-parse --show-toplevel [1ms]
2025-08-06 11:59:24.877 [info] fatal: not a git repository (or any of the parent directories): .git
2025-08-06 11:59:24.882 [info] > git rev-parse --show-toplevel [0ms]
2025-08-06 11:59:24.883 [info] fatal: not a git repository (or any of the parent directories): .git
2025-08-06 11:59:24.888 [info] > git rev-parse --show-toplevel [1ms]
2025-08-06 11:59:24.888 [info] fatal: not a git repository (or any of the parent directories): .git
2025-08-06 11:59:24.894 [info] > git rev-parse --show-toplevel [1ms]
2025-08-06 11:59:24.901 [info] > git rev-parse --show-toplevel [1ms]
2025-08-06 11:59:24.907 [info] > git rev-parse --show-toplevel [1ms]
2025-08-06 11:59:24.913 [info] > git rev-parse --show-toplevel [0ms]
2025-08-06 11:59:24.919 [info] > git rev-parse --show-toplevel [1ms]
2025-08-06 11:59:24.925 [info] > git rev-parse --show-toplevel [1ms]
2025-08-06 11:59:24.931 [info] > git rev-parse --show-toplevel [0ms]
2025-08-06 11:59:24.936 [info] > git rev-parse --show-toplevel [1ms]
2025-08-06 11:59:24.949 [info] > git rev-parse --show-toplevel [9ms]
2025-08-06 11:59:24.955 [info] > git rev-parse --show-toplevel [2ms]
2025-08-06 11:59:24.960 [info] > git rev-parse --show-toplevel [0ms]
2025-08-06 11:59:24.965 [info] > git rev-parse --show-toplevel [1ms]
2025-08-06 11:59:24.969 [info] > git rev-parse --show-toplevel [0ms]
2025-08-06 11:59:24.974 [info] > git rev-parse --show-toplevel [1ms]
2025-08-06 11:59:24.978 [info] > git rev-parse --show-toplevel [1ms]
2025-08-06 11:59:24.983 [info] > git rev-parse --show-toplevel [1ms]
2025-08-06 11:59:24.987 [info] > git rev-parse --show-toplevel [1ms]
2025-08-06 11:59:24.991 [info] > git rev-parse --show-toplevel [0ms]
2025-08-06 11:59:24.996 [info] > git rev-parse --show-toplevel [1ms]
2025-08-06 11:59:25.000 [info] > git rev-parse --show-toplevel [1ms]
2025-08-06 11:59:25.004 [info] > git rev-parse --show-toplevel [0ms]
2025-08-06 11:59:25.010 [info] > git rev-parse --show-toplevel [2ms]
2025-08-06 11:59:25.015 [info] > git rev-parse --show-toplevel [1ms]
2025-08-06 11:59:25.020 [info] > git rev-parse --show-toplevel [1ms]
2025-08-06 11:59:25.024 [info] > git rev-parse --show-toplevel [0ms]
2025-08-06 11:59:25.029 [info] > git rev-parse --show-toplevel [1ms]
2025-08-06 11:59:25.033 [info] > git rev-parse --show-toplevel [1ms]
2025-08-06 11:59:25.037 [info] > git rev-parse --show-toplevel [1ms]
2025-08-06 11:59:25.042 [info] > git rev-parse --show-toplevel [1ms]
2025-08-06 11:59:25.046 [info] > git rev-parse --show-toplevel [1ms]
2025-08-06 11:59:25.051 [info] > git rev-parse --show-toplevel [1ms]
2025-08-06 11:59:25.055 [info] > git rev-parse --show-toplevel [1ms]
2025-08-06 11:59:25.060 [info] > git rev-parse --show-toplevel [1ms]
2025-08-06 11:59:25.064 [info] > git rev-parse --show-toplevel [1ms]
2025-08-06 11:59:25.068 [info] > git rev-parse --show-toplevel [1ms]
2025-08-06 11:59:25.073 [info] > git rev-parse --show-toplevel [1ms]
2025-08-06 11:59:25.078 [info] > git rev-parse --show-toplevel [1ms]
2025-08-06 11:59:25.083 [info] > git rev-parse --show-toplevel [1ms]
2025-08-06 11:59:25.088 [info] > git rev-parse --show-toplevel [1ms]
2025-08-06 11:59:25.092 [info] > git rev-parse --show-toplevel [0ms]
2025-08-06 11:59:25.097 [info] > git rev-parse --show-toplevel [1ms]
2025-08-06 11:59:25.101 [info] > git rev-parse --show-toplevel [1ms]
2025-08-06 11:59:25.105 [info] > git rev-parse --show-toplevel [0ms]
2025-08-06 11:59:25.110 [info] > git rev-parse --show-toplevel [1ms]
2025-08-06 11:59:25.114 [info] > git rev-parse --show-toplevel [1ms]
2025-08-06 11:59:25.118 [info] > git rev-parse --show-toplevel [1ms]
2025-08-06 11:59:25.123 [info] > git rev-parse --show-toplevel [1ms]
2025-08-06 11:59:25.127 [info] > git rev-parse --show-toplevel [1ms]
2025-08-06 11:59:25.131 [info] > git rev-parse --show-toplevel [0ms]
2025-08-06 11:59:25.136 [info] > git rev-parse --show-toplevel [1ms]
2025-08-06 11:59:25.140 [info] > git rev-parse --show-toplevel [1ms]
2025-08-06 11:59:25.145 [info] > git rev-parse --show-toplevel [1ms]
2025-08-06 11:59:25.149 [info] > git rev-parse --show-toplevel [0ms]
2025-08-06 11:59:25.154 [info] > git rev-parse --show-toplevel [1ms]
2025-08-06 11:59:25.159 [info] > git rev-parse --show-toplevel [1ms]
2025-08-06 11:59:25.164 [info] > git rev-parse --show-toplevel [1ms]
2025-08-06 11:59:25.168 [info] > git rev-parse --show-toplevel [1ms]
2025-08-06 11:59:25.172 [info] > git rev-parse --show-toplevel [1ms]
2025-08-06 11:59:25.177 [info] > git rev-parse --show-toplevel [1ms]
2025-08-06 11:59:25.181 [info] > git rev-parse --show-toplevel [1ms]
2025-08-06 11:59:25.186 [info] > git rev-parse --show-toplevel [1ms]
2025-08-06 11:59:25.191 [info] > git rev-parse --show-toplevel [1ms]
2025-08-06 11:59:25.195 [info] > git rev-parse --show-toplevel [1ms]
2025-08-06 11:59:25.199 [info] > git rev-parse --show-toplevel [1ms]
2025-08-06 11:59:25.204 [info] > git rev-parse --show-toplevel [1ms]
2025-08-06 11:59:25.208 [info] > git rev-parse --show-toplevel [1ms]
2025-08-06 11:59:25.213 [info] > git rev-parse --show-toplevel [1ms]
2025-08-06 11:59:25.218 [info] > git rev-parse --show-toplevel [1ms]
2025-08-06 11:59:25.223 [info] > git rev-parse --show-toplevel [1ms]
2025-08-06 11:59:25.227 [info] > git rev-parse --show-toplevel [1ms]
2025-08-06 11:59:25.228 [info] [Model][doInitialScan] Initial repository scan completed - repositories (1), closed repositories (0), parent repositories (0), unsafe repositories (0)
2025-08-06 11:59:26.033 [info] > git rev-parse --show-toplevel [1ms]
2025-08-06 11:59:26.033 [info] fatal: not a git repository (or any of the parent directories): .git
2025-08-06 11:59:26.105 [info] > git fetch [2035ms]
2025-08-06 11:59:26.114 [info] > git config --get commit.template [4ms]
2025-08-06 11:59:26.115 [info] > git for-each-ref --format=%(refname)%00%(upstream:short)%00%(objectname)%00%(upstream:track)%00%(upstream:remotename)%00%(upstream:remoteref) refs/heads/main refs/remotes/main [1ms]
2025-08-06 11:59:26.132 [info] > git for-each-ref --sort -committerdate --format %(refname)%00%(objectname)%00%(*objectname) [7ms]
2025-08-06 11:59:26.198 [info] > git status -z -uall [79ms]
2025-08-06 11:59:29.699 [info] > git check-ignore -v -z --stdin [29ms]
2025-08-06 11:59:31.617 [info] > git check-ignore -v -z --stdin [37ms]
2025-08-06 11:59:35.108 [info] > git config --get commit.template [18ms]
2025-08-06 11:59:35.112 [info] > git for-each-ref --format=%(refname)%00%(upstream:short)%00%(objectname)%00%(upstream:track)%00%(upstream:remotename)%00%(upstream:remoteref) refs/heads/main refs/remotes/main [5ms]
2025-08-06 11:59:35.145 [info] > git for-each-ref --sort -committerdate --format %(refname)%00%(objectname)%00%(*objectname) [8ms]
2025-08-06 11:59:35.201 [info] > git status -z -uall [75ms]
2025-08-06 11:59:45.648 [info] > git config --get commit.template [17ms]
2025-08-06 11:59:45.651 [info] > git for-each-ref --format=%(refname)%00%(upstream:short)%00%(objectname)%00%(upstream:track)%00%(upstream:remotename)%00%(upstream:remoteref) refs/heads/main refs/remotes/main [5ms]
2025-08-06 11:59:45.690 [info] > git for-each-ref --sort -committerdate --format %(refname)%00%(objectname)%00%(*objectname) [8ms]
2025-08-06 11:59:45.739 [info] > git status -z -uall [73ms]
2025-08-06 11:59:50.776 [info] > git config --get commit.template [17ms]
2025-08-06 11:59:50.780 [info] > git for-each-ref --format=%(refname)%00%(upstream:short)%00%(objectname)%00%(upstream:track)%00%(upstream:remotename)%00%(upstream:remoteref) refs/heads/main refs/remotes/main [6ms]
2025-08-06 11:59:50.813 [info] > git for-each-ref --sort -committerdate --format %(refname)%00%(objectname)%00%(*objectname) [6ms]
2025-08-06 11:59:50.860 [info] > git status -z -uall [66ms]
2025-08-06 11:59:55.898 [info] > git config --get commit.template [18ms]
2025-08-06 11:59:55.902 [info] > git for-each-ref --format=%(refname)%00%(upstream:short)%00%(objectname)%00%(upstream:track)%00%(upstream:remotename)%00%(upstream:remoteref) refs/heads/main refs/remotes/main [5ms]
2025-08-06 11:59:55.935 [info] > git for-each-ref --sort -committerdate --format %(refname)%00%(objectname)%00%(*objectname) [8ms]
2025-08-06 11:59:55.985 [info] > git status -z -uall [70ms]
2025-08-06 12:00:24.028 [info] > git config --get commit.template [10ms]
2025-08-06 12:00:24.030 [info] > git for-each-ref --format=%(refname)%00%(upstream:short)%00%(objectname)%00%(upstream:track)%00%(upstream:remotename)%00%(upstream:remoteref) refs/heads/main refs/remotes/main [2ms]
2025-08-06 12:00:24.047 [info] > git for-each-ref --sort -committerdate --format %(refname)%00%(objectname)%00%(*objectname) [3ms]
2025-08-06 12:00:24.095 [info] > git status -z -uall [59ms]
2025-08-06 12:00:25.450 [info] > git rev-parse --show-toplevel [1ms]
2025-08-06 12:00:25.450 [info] fatal: not a git repository (or any of the parent directories): .git
2025-08-06 12:00:28.825 [info] > git rev-parse --show-toplevel [1ms]
2025-08-06 12:00:28.825 [info] fatal: not a git repository (or any of the parent directories): .git
2025-08-06 12:00:29.138 [info] > git config --get commit.template [20ms]
2025-08-06 12:00:29.141 [info] > git for-each-ref --format=%(refname)%00%(upstream:short)%00%(objectname)%00%(upstream:track)%00%(upstream:remotename)%00%(upstream:remoteref) refs/heads/main refs/remotes/main [5ms]
2025-08-06 12:00:29.189 [info] > git for-each-ref --sort -committerdate --format %(refname)%00%(objectname)%00%(*objectname) [13ms]
2025-08-06 12:00:29.311 [info] > git status -z -uall [153ms]
2025-08-06 12:00:34.349 [info] > git config --get commit.template [14ms]
2025-08-06 12:00:34.351 [info] > git for-each-ref --format=%(refname)%00%(upstream:short)%00%(objectname)%00%(upstream:track)%00%(upstream:remotename)%00%(upstream:remoteref) refs/heads/main refs/remotes/main [3ms]
2025-08-06 12:00:34.377 [info] > git for-each-ref --sort -committerdate --format %(refname)%00%(objectname)%00%(*objectname) [9ms]
2025-08-06 12:00:34.427 [info] > git status -z -uall [69ms]
2025-08-06 12:00:46.516 [info] > git config --get commit.template [4ms]
2025-08-06 12:00:46.517 [info] > git for-each-ref --format=%(refname)%00%(upstream:short)%00%(objectname)%00%(upstream:track)%00%(upstream:remotename)%00%(upstream:remoteref) refs/heads/main refs/remotes/main [2ms]
2025-08-06 12:00:46.529 [info] > git for-each-ref --sort -committerdate --format %(refname)%00%(objectname)%00%(*objectname) [3ms]
2025-08-06 12:00:46.575 [info] > git status -z -uall [54ms]
2025-08-06 12:00:53.471 [info] > git config --get commit.template [10ms]
2025-08-06 12:00:53.473 [info] > git for-each-ref --format=%(refname)%00%(upstream:short)%00%(objectname)%00%(upstream:track)%00%(upstream:remotename)%00%(upstream:remoteref) refs/heads/main refs/remotes/main [3ms]
2025-08-06 12:00:53.488 [info] > git for-each-ref --sort -committerdate --format %(refname)%00%(objectname)%00%(*objectname) [2ms]
2025-08-06 12:00:53.539 [info] > git status -z -uall [60ms]
2025-08-06 12:01:04.186 [info] > git config --get commit.template [21ms]
2025-08-06 12:01:04.189 [info] > git for-each-ref --format=%(refname)%00%(upstream:short)%00%(objectname)%00%(upstream:track)%00%(upstream:remotename)%00%(upstream:remoteref) refs/heads/main refs/remotes/main [6ms]
2025-08-06 12:01:04.228 [info] > git for-each-ref --sort -committerdate --format %(refname)%00%(objectname)%00%(*objectname) [7ms]
2025-08-06 12:01:04.283 [info] > git status -z -uall [78ms]
2025-08-06 12:01:17.847 [info] > git rev-parse --show-toplevel [1ms]
2025-08-06 12:01:17.847 [info] fatal: not a git repository (or any of the parent directories): .git
2025-08-06 12:01:18.960 [info] > git config --get commit.template [17ms]
2025-08-06 12:01:18.963 [info] > git for-each-ref --format=%(refname)%00%(upstream:short)%00%(objectname)%00%(upstream:track)%00%(upstream:remotename)%00%(upstream:remoteref) refs/heads/main refs/remotes/main [5ms]
2025-08-06 12:01:18.991 [info] > git for-each-ref --sort -committerdate --format %(refname)%00%(objectname)%00%(*objectname) [1ms]
2025-08-06 12:01:19.052 [info] > git status -z -uall [76ms]
2025-08-06 12:01:24.087 [info] > git config --get commit.template [17ms]
2025-08-06 12:01:24.090 [info] > git for-each-ref --format=%(refname)%00%(upstream:short)%00%(objectname)%00%(upstream:track)%00%(upstream:remotename)%00%(upstream:remoteref) refs/heads/main refs/remotes/main [5ms]
2025-08-06 12:01:24.125 [info] > git for-each-ref --sort -committerdate --format %(refname)%00%(objectname)%00%(*objectname) [6ms]
2025-08-06 12:01:24.180 [info] > git status -z -uall [75ms]
2025-08-06 12:01:38.370 [info] > git check-ignore -v -z --stdin [19ms]
2025-08-06 12:01:39.071 [info] > git config --get commit.template [7ms]
2025-08-06 12:01:39.072 [info] > git for-each-ref --format=%(refname)%00%(upstream:short)%00%(objectname)%00%(upstream:track)%00%(upstream:remotename)%00%(upstream:remoteref) refs/heads/main refs/remotes/main [2ms]
2025-08-06 12:01:39.090 [info] > git for-each-ref --sort -committerdate --format %(refname)%00%(objectname)%00%(*objectname) [5ms]
2025-08-06 12:01:39.143 [info] > git status -z -uall [65ms]
2025-08-06 12:01:41.482 [info] > git check-ignore -v -z --stdin [19ms]
2025-08-06 12:01:42.202 [info] > git show --textconv :alacritty/.config/alacritty/alacritty.toml [7ms]
2025-08-06 12:01:42.205 [info] > git ls-files --stage -- alacritty/.config/alacritty/alacritty.toml [4ms]
2025-08-06 12:01:42.211 [info] > git cat-file -s e9717a9eceb3983c1a426ec2b3ca3ad4810214ba [1ms]
2025-08-06 12:01:44.181 [info] > git config --get commit.template [18ms]
2025-08-06 12:01:44.184 [info] > git for-each-ref --format=%(refname)%00%(upstream:short)%00%(objectname)%00%(upstream:track)%00%(upstream:remotename)%00%(upstream:remoteref) refs/heads/main refs/remotes/main [5ms]
2025-08-06 12:01:44.212 [info] > git for-each-ref --sort -committerdate --format %(refname)%00%(objectname)%00%(*objectname) [5ms]
2025-08-06 12:01:44.261 [info] > git status -z -uall [64ms]
2025-08-06 12:01:49.279 [info] > git config --get commit.template [10ms]
2025-08-06 12:01:49.279 [info] > git for-each-ref --format=%(refname)%00%(upstream:short)%00%(objectname)%00%(upstream:track)%00%(upstream:remotename)%00%(upstream:remoteref) refs/heads/main refs/remotes/main [2ms]
2025-08-06 12:01:49.293 [info] > git for-each-ref --sort -committerdate --format %(refname)%00%(objectname)%00%(*objectname) [2ms]
2025-08-06 12:01:49.358 [info] > git status -z -uall [74ms]
2025-08-06 12:01:54.394 [info] > git config --get commit.template [17ms]
2025-08-06 12:01:54.397 [info] > git for-each-ref --format=%(refname)%00%(upstream:short)%00%(objectname)%00%(upstream:track)%00%(upstream:remotename)%00%(upstream:remoteref) refs/heads/main refs/remotes/main [4ms]
2025-08-06 12:01:54.432 [info] > git for-each-ref --sort -committerdate --format %(refname)%00%(objectname)%00%(*objectname) [4ms]
2025-08-06 12:01:54.487 [info] > git status -z -uall [74ms]
2025-08-06 12:02:24.035 [info] > git config --get commit.template [4ms]
2025-08-06 12:02:24.036 [info] > git for-each-ref --format=%(refname)%00%(upstream:short)%00%(objectname)%00%(upstream:track)%00%(upstream:remotename)%00%(upstream:remoteref) refs/heads/main refs/remotes/main [1ms]
2025-08-06 12:02:24.051 [info] > git for-each-ref --sort -committerdate --format %(refname)%00%(objectname)%00%(*objectname) [5ms]
2025-08-06 12:02:24.098 [info] > git status -z -uall [57ms]
2025-08-06 12:02:27.446 [info] > git ls-files --stage -- alacritty/.config/alacritty/alacritty.toml [16ms]
2025-08-06 12:02:27.468 [info] > git cat-file -s e9717a9eceb3983c1a426ec2b3ca3ad4810214ba [4ms]
2025-08-06 12:02:27.490 [info] > git show --textconv :alacritty/.config/alacritty/alacritty.toml [8ms]
2025-08-06 12:02:28.440 [info] > git fetch [2226ms]
2025-08-06 12:02:28.472 [info] > git config --get commit.template [16ms]
2025-08-06 12:02:28.476 [info] > git for-each-ref --format=%(refname)%00%(upstream:short)%00%(objectname)%00%(upstream:track)%00%(upstream:remotename)%00%(upstream:remoteref) refs/heads/main refs/remotes/main [5ms]
2025-08-06 12:02:28.504 [info] > git for-each-ref --sort -committerdate --format %(refname)%00%(objectname)%00%(*objectname) [7ms]
2025-08-06 12:02:28.553 [info] > git status -z -uall [66ms]
2025-08-06 12:02:29.455 [info] > git ls-files --stage -- alacritty/.config/alacritty/alacritty.toml [14ms]
2025-08-06 12:02:29.473 [info] > git cat-file -s e9717a9eceb3983c1a426ec2b3ca3ad4810214ba [4ms]
2025-08-06 12:02:29.507 [info] > git show --textconv :alacritty/.config/alacritty/alacritty.toml [15ms]
2025-08-06 12:02:35.921 [info] > git config --get commit.template [5ms]
2025-08-06 12:02:35.922 [info] > git for-each-ref --format=%(refname)%00%(upstream:short)%00%(objectname)%00%(upstream:track)%00%(upstream:remotename)%00%(upstream:remoteref) refs/heads/main refs/remotes/main [1ms]
2025-08-06 12:02:35.937 [info] > git for-each-ref --sort -committerdate --format %(refname)%00%(objectname)%00%(*objectname) [3ms]
2025-08-06 12:02:35.993 [info] > git status -z -uall [65ms]
2025-08-06 12:02:41.029 [info] > git config --get commit.template [17ms]
2025-08-06 12:02:41.031 [info] > git for-each-ref --format=%(refname)%00%(upstream:short)%00%(objectname)%00%(upstream:track)%00%(upstream:remotename)%00%(upstream:remoteref) refs/heads/main refs/remotes/main [3ms]
2025-08-06 12:02:41.047 [info] > git for-each-ref --sort -committerdate --format %(refname)%00%(objectname)%00%(*objectname) [3ms]
2025-08-06 12:02:41.113 [info] > git status -z -uall [76ms]
2025-08-06 12:02:46.150 [info] > git config --get commit.template [17ms]
2025-08-06 12:02:46.153 [info] > git for-each-ref --format=%(refname)%00%(upstream:short)%00%(objectname)%00%(upstream:track)%00%(upstream:remotename)%00%(upstream:remoteref) refs/heads/main refs/remotes/main [5ms]
2025-08-06 12:02:46.206 [info] > git for-each-ref --sort -committerdate --format %(refname)%00%(objectname)%00%(*objectname) [8ms]
2025-08-06 12:02:46.253 [info] > git status -z -uall [84ms]
2025-08-06 12:02:51.423 [info] > git config --get commit.template [9ms]
2025-08-06 12:02:51.424 [info] > git for-each-ref --format=%(refname)%00%(upstream:short)%00%(objectname)%00%(upstream:track)%00%(upstream:remotename)%00%(upstream:remoteref) refs/heads/main refs/remotes/main [2ms]
2025-08-06 12:02:51.444 [info] > git for-each-ref --sort -committerdate --format %(refname)%00%(objectname)%00%(*objectname) [4ms]
2025-08-06 12:02:51.496 [info] > git status -z -uall [66ms]
2025-08-06 12:03:03.092 [info] > git config --get commit.template [19ms]
2025-08-06 12:03:03.096 [info] > git for-each-ref --format=%(refname)%00%(upstream:short)%00%(objectname)%00%(upstream:track)%00%(upstream:remotename)%00%(upstream:remoteref) refs/heads/main refs/remotes/main [5ms]
2025-08-06 12:03:03.126 [info] > git for-each-ref --sort -committerdate --format %(refname)%00%(objectname)%00%(*objectname) [2ms]
2025-08-06 12:03:03.185 [info] > git status -z -uall [75ms]
2025-08-06 12:03:08.223 [info] > git config --get commit.template [19ms]
2025-08-06 12:03:08.227 [info] > git for-each-ref --format=%(refname)%00%(upstream:short)%00%(objectname)%00%(upstream:track)%00%(upstream:remotename)%00%(upstream:remoteref) refs/heads/main refs/remotes/main [6ms]
2025-08-06 12:03:08.262 [info] > git for-each-ref --sort -committerdate --format %(refname)%00%(objectname)%00%(*objectname) [12ms]
2025-08-06 12:03:08.306 [info] > git status -z -uall [66ms]
2025-08-06 12:03:13.322 [info] > git config --get commit.template [7ms]
2025-08-06 12:03:13.323 [info] > git for-each-ref --format=%(refname)%00%(upstream:short)%00%(objectname)%00%(upstream:track)%00%(upstream:remotename)%00%(upstream:remoteref) refs/heads/main refs/remotes/main [2ms]
2025-08-06 12:03:13.339 [info] > git for-each-ref --sort -committerdate --format %(refname)%00%(objectname)%00%(*objectname) [4ms]
2025-08-06 12:03:13.393 [info] > git status -z -uall [65ms]
2025-08-06 12:03:20.489 [info] > git config --get commit.template [5ms]
2025-08-06 12:03:20.489 [info] > git for-each-ref --format=%(refname)%00%(upstream:short)%00%(objectname)%00%(upstream:track)%00%(upstream:remotename)%00%(upstream:remoteref) refs/heads/main refs/remotes/main [1ms]
2025-08-06 12:03:20.503 [info] > git for-each-ref --sort -committerdate --format %(refname)%00%(objectname)%00%(*objectname) [2ms]
2025-08-06 12:03:20.552 [info] > git status -z -uall [58ms]
2025-08-06 12:03:25.564 [info] > git config --get commit.template [5ms]
2025-08-06 12:03:25.564 [info] > git for-each-ref --format=%(refname)%00%(upstream:short)%00%(objectname)%00%(upstream:track)%00%(upstream:remotename)%00%(upstream:remoteref) refs/heads/main refs/remotes/main [1ms]
2025-08-06 12:03:25.577 [info] > git for-each-ref --sort -committerdate --format %(refname)%00%(objectname)%00%(*objectname) [2ms]
2025-08-06 12:03:25.626 [info] > git status -z -uall [57ms]
2025-08-06 12:03:45.096 [info] > git show --textconv :alacritty/.config/alacritty/alacritty.toml.bak [5ms]
2025-08-06 12:03:45.100 [info] > git ls-files --stage -- alacritty/.config/alacritty/alacritty.toml.bak [4ms]
2025-08-06 12:03:45.107 [info] > git cat-file -s e9717a9eceb3983c1a426ec2b3ca3ad4810214ba [2ms]
2025-08-06 12:03:47.677 [info] > git config --get commit.template [6ms]
2025-08-06 12:03:47.678 [info] > git for-each-ref --format=%(refname)%00%(upstream:short)%00%(objectname)%00%(upstream:track)%00%(upstream:remotename)%00%(upstream:remoteref) refs/heads/main refs/remotes/main [2ms]
2025-08-06 12:03:47.699 [info] > git for-each-ref --sort -committerdate --format %(refname)%00%(objectname)%00%(*objectname) [7ms]
2025-08-06 12:03:47.759 [info] > git status -z -uall [76ms]
2025-08-06 12:04:01.629 [info] > git rev-parse --show-toplevel [1ms]
2025-08-06 12:04:01.629 [info] fatal: not a git repository (or any of the parent directories): .git
2025-08-06 12:04:02.785 [info] > git config --get commit.template [5ms]
2025-08-06 12:04:02.786 [info] > git for-each-ref --format=%(refname)%00%(upstream:short)%00%(objectname)%00%(upstream:track)%00%(upstream:remotename)%00%(upstream:remoteref) refs/heads/main refs/remotes/main [2ms]
2025-08-06 12:04:02.799 [info] > git for-each-ref --sort -committerdate --format %(refname)%00%(objectname)%00%(*objectname) [3ms]
2025-08-06 12:04:02.847 [info] > git status -z -uall [57ms]
