2025-08-07 00:22:14.839 [info] [main] Log level: Info
2025-08-07 00:22:14.839 [info] [main] Validating found git in: "git"
2025-08-07 00:22:14.839 [info] [main] Using git "2.50.1" from "git"
2025-08-07 00:22:14.839 [info] [Model][doInitialScan] Initial repository scan started
2025-08-07 00:22:14.839 [info] > git rev-parse --show-toplevel [9ms]
2025-08-07 00:22:14.839 [info] > git rev-parse --git-dir --git-common-dir [144ms]
2025-08-07 00:22:14.839 [info] [Model][openRepository] Opened repository (path): /home/hubert/.dotfiles
2025-08-07 00:22:14.839 [info] [Model][openRepository] Opened repository (real path): /home/hubert/.dotfiles
2025-08-07 00:22:14.892 [info] > git rev-parse --show-toplevel [43ms]
2025-08-07 00:22:14.892 [info] fatal: not a git repository (or any of the parent directories): .git
2025-08-07 00:22:14.892 [info] > git config --get commit.template [49ms]
2025-08-07 00:22:14.931 [info] > git rev-parse --show-toplevel [18ms]
2025-08-07 00:22:14.931 [info] fatal: not a git repository (or any of the parent directories): .git
2025-08-07 00:22:14.933 [info] > git for-each-ref --format=%(refname)%00%(upstream:short)%00%(objectname)%00%(upstream:track)%00%(upstream:remotename)%00%(upstream:remoteref) refs/heads/main refs/remotes/main [3ms]
2025-08-07 00:22:14.949 [info] > git for-each-ref --sort -committerdate --format %(refname)%00%(objectname)%00%(*objectname) [1ms]
2025-08-07 00:22:15.066 [info] > git status -z -uall [125ms]
2025-08-07 00:22:15.149 [info] > git for-each-ref --format=%(refname)%00%(upstream:short)%00%(objectname)%00%(upstream:track)%00%(upstream:remotename)%00%(upstream:remoteref) refs/heads/main refs/remotes/main [15ms]
2025-08-07 00:22:15.153 [info] > git fetch [430ms]
2025-08-07 00:22:15.162 [info] > git config --get --local branch.main.vscode-merge-base [9ms]
2025-08-07 00:22:15.166 [info] > git config --get commit.template [18ms]
2025-08-07 00:22:15.167 [info] > git config --get commit.template [5ms]
2025-08-07 00:22:15.199 [info] > git for-each-ref --format=%(refname)%00%(upstream:short)%00%(objectname)%00%(upstream:track)%00%(upstream:remotename)%00%(upstream:remoteref) refs/heads/origin/main refs/remotes/origin/main [33ms]
2025-08-07 00:22:15.404 [info] > git merge-base refs/heads/main refs/remotes/origin/main [201ms]
2025-08-07 00:22:15.409 [info] > git for-each-ref --format=%(refname)%00%(upstream:short)%00%(objectname)%00%(upstream:track)%00%(upstream:remotename)%00%(upstream:remoteref) refs/heads/main refs/remotes/main [218ms]
2025-08-07 00:22:15.417 [info] > git diff --name-status -z --diff-filter=ADMR dfaa739d2665d3690f0a7b334fecdfad012f516b...refs/remotes/origin/main [8ms]
2025-08-07 00:22:15.417 [info] > git for-each-ref --format=%(refname)%00%(upstream:short)%00%(objectname)%00%(upstream:track)%00%(upstream:remotename)%00%(upstream:remoteref) refs/heads/main refs/remotes/main [14ms]
2025-08-07 00:22:15.419 [info] > git check-ignore -v -z --stdin [5ms]
2025-08-07 00:22:15.436 [info] > git for-each-ref --sort -committerdate --format %(refname)%00%(objectname)%00%(*objectname) [2ms]
2025-08-07 00:22:15.443 [info] > git status -z -uall [14ms]
2025-08-07 00:22:15.500 [info] > git rev-parse --show-toplevel [59ms]
2025-08-07 00:22:15.500 [info] fatal: not a git repository (or any of the parent directories): .git
2025-08-07 00:22:15.507 [info] > git rev-parse --show-toplevel [2ms]
2025-08-07 00:22:15.507 [info] fatal: not a git repository (or any of the parent directories): .git
2025-08-07 00:22:15.512 [info] > git rev-parse --show-toplevel [1ms]
2025-08-07 00:22:15.512 [info] fatal: not a git repository (or any of the parent directories): .git
2025-08-07 00:22:15.517 [info] > git rev-parse --show-toplevel [1ms]
2025-08-07 00:22:15.517 [info] fatal: not a git repository (or any of the parent directories): .git
2025-08-07 00:22:15.522 [info] > git rev-parse --show-toplevel [1ms]
2025-08-07 00:22:15.522 [info] fatal: not a git repository (or any of the parent directories): .git
2025-08-07 00:22:15.527 [info] > git rev-parse --show-toplevel [1ms]
2025-08-07 00:22:15.527 [info] fatal: not a git repository (or any of the parent directories): .git
2025-08-07 00:22:15.533 [info] > git rev-parse --show-toplevel [0ms]
2025-08-07 00:22:15.533 [info] fatal: not a git repository (or any of the parent directories): .git
2025-08-07 00:22:15.538 [info] > git rev-parse --show-toplevel [1ms]
2025-08-07 00:22:15.538 [info] fatal: not a git repository (or any of the parent directories): .git
2025-08-07 00:22:15.544 [info] > git rev-parse --show-toplevel [1ms]
2025-08-07 00:22:15.544 [info] fatal: not a git repository (or any of the parent directories): .git
2025-08-07 00:22:15.726 [info] > git rev-parse --show-toplevel [178ms]
2025-08-07 00:22:15.726 [info] fatal: not a git repository (or any of the parent directories): .git
2025-08-07 00:22:15.734 [info] > git rev-parse --show-toplevel [2ms]
2025-08-07 00:22:15.734 [info] fatal: not a git repository (or any of the parent directories): .git
2025-08-07 00:22:15.742 [info] > git rev-parse --show-toplevel [1ms]
2025-08-07 00:22:15.742 [info] fatal: not a git repository (or any of the parent directories): .git
2025-08-07 00:22:15.747 [info] > git rev-parse --show-toplevel [1ms]
2025-08-07 00:22:15.747 [info] fatal: not a git repository (or any of the parent directories): .git
2025-08-07 00:22:15.751 [info] > git rev-parse --show-toplevel [0ms]
2025-08-07 00:22:15.752 [info] fatal: not a git repository (or any of the parent directories): .git
2025-08-07 00:22:15.756 [info] > git rev-parse --show-toplevel [1ms]
2025-08-07 00:22:15.756 [info] fatal: not a git repository (or any of the parent directories): .git
2025-08-07 00:22:15.761 [info] > git rev-parse --show-toplevel [0ms]
2025-08-07 00:22:15.761 [info] fatal: not a git repository (or any of the parent directories): .git
2025-08-07 00:22:15.765 [info] > git rev-parse --show-toplevel [1ms]
2025-08-07 00:22:15.765 [info] fatal: not a git repository (or any of the parent directories): .git
2025-08-07 00:22:15.769 [info] > git rev-parse --show-toplevel [0ms]
2025-08-07 00:22:15.769 [info] fatal: not a git repository (or any of the parent directories): .git
2025-08-07 00:22:15.774 [info] > git rev-parse --show-toplevel [1ms]
2025-08-07 00:22:15.774 [info] fatal: not a git repository (or any of the parent directories): .git
2025-08-07 00:22:15.778 [info] > git rev-parse --show-toplevel [0ms]
2025-08-07 00:22:15.778 [info] fatal: not a git repository (or any of the parent directories): .git
2025-08-07 00:22:15.784 [info] > git rev-parse --show-toplevel [1ms]
2025-08-07 00:22:15.784 [info] fatal: not a git repository (or any of the parent directories): .git
2025-08-07 00:22:15.790 [info] > git rev-parse --show-toplevel [1ms]
2025-08-07 00:22:15.790 [info] fatal: not a git repository (or any of the parent directories): .git
2025-08-07 00:22:15.795 [info] > git rev-parse --show-toplevel [1ms]
2025-08-07 00:22:15.795 [info] fatal: not a git repository (or any of the parent directories): .git
2025-08-07 00:22:15.801 [info] > git rev-parse --show-toplevel [1ms]
2025-08-07 00:22:15.801 [info] fatal: not a git repository (or any of the parent directories): .git
2025-08-07 00:22:15.807 [info] > git rev-parse --show-toplevel [1ms]
2025-08-07 00:22:15.807 [info] fatal: not a git repository (or any of the parent directories): .git
2025-08-07 00:22:15.813 [info] > git rev-parse --show-toplevel [0ms]
2025-08-07 00:22:15.813 [info] fatal: not a git repository (or any of the parent directories): .git
2025-08-07 00:22:15.818 [info] > git rev-parse --show-toplevel [0ms]
2025-08-07 00:22:15.818 [info] fatal: not a git repository (or any of the parent directories): .git
2025-08-07 00:22:15.823 [info] > git rev-parse --show-toplevel [1ms]
2025-08-07 00:22:15.823 [info] fatal: not a git repository (or any of the parent directories): .git
2025-08-07 00:22:15.829 [info] > git rev-parse --show-toplevel [1ms]
2025-08-07 00:22:15.829 [info] fatal: not a git repository (or any of the parent directories): .git
2025-08-07 00:22:15.834 [info] > git rev-parse --show-toplevel [1ms]
2025-08-07 00:22:15.839 [info] > git rev-parse --show-toplevel [1ms]
2025-08-07 00:22:15.844 [info] > git rev-parse --show-toplevel [1ms]
2025-08-07 00:22:15.849 [info] > git rev-parse --show-toplevel [1ms]
2025-08-07 00:22:15.855 [info] > git rev-parse --show-toplevel [1ms]
2025-08-07 00:22:15.860 [info] > git rev-parse --show-toplevel [1ms]
2025-08-07 00:22:15.865 [info] > git rev-parse --show-toplevel [1ms]
2025-08-07 00:22:15.870 [info] > git rev-parse --show-toplevel [1ms]
2025-08-07 00:22:15.876 [info] > git rev-parse --show-toplevel [1ms]
2025-08-07 00:22:15.881 [info] > git rev-parse --show-toplevel [1ms]
2025-08-07 00:22:15.886 [info] > git rev-parse --show-toplevel [1ms]
2025-08-07 00:22:15.891 [info] > git rev-parse --show-toplevel [1ms]
2025-08-07 00:22:15.897 [info] > git rev-parse --show-toplevel [1ms]
2025-08-07 00:22:15.903 [info] > git rev-parse --show-toplevel [1ms]
2025-08-07 00:22:15.908 [info] > git rev-parse --show-toplevel [1ms]
2025-08-07 00:22:15.914 [info] > git rev-parse --show-toplevel [1ms]
2025-08-07 00:22:15.920 [info] > git rev-parse --show-toplevel [1ms]
2025-08-07 00:22:15.925 [info] > git rev-parse --show-toplevel [1ms]
2025-08-07 00:22:15.930 [info] > git rev-parse --show-toplevel [1ms]
2025-08-07 00:22:15.936 [info] > git rev-parse --show-toplevel [1ms]
2025-08-07 00:22:15.941 [info] > git rev-parse --show-toplevel [1ms]
2025-08-07 00:22:15.946 [info] > git rev-parse --show-toplevel [1ms]
2025-08-07 00:22:15.951 [info] > git rev-parse --show-toplevel [1ms]
2025-08-07 00:22:15.957 [info] > git rev-parse --show-toplevel [1ms]
2025-08-07 00:22:15.964 [info] > git rev-parse --show-toplevel [1ms]
2025-08-07 00:22:15.970 [info] > git rev-parse --show-toplevel [1ms]
2025-08-07 00:22:15.976 [info] > git rev-parse --show-toplevel [1ms]
2025-08-07 00:22:15.988 [info] > git rev-parse --show-toplevel [7ms]
2025-08-07 00:22:15.995 [info] > git rev-parse --show-toplevel [2ms]
2025-08-07 00:22:16.002 [info] > git rev-parse --show-toplevel [2ms]
2025-08-07 00:22:16.008 [info] > git rev-parse --show-toplevel [2ms]
2025-08-07 00:22:16.016 [info] > git rev-parse --show-toplevel [2ms]
2025-08-07 00:22:16.024 [info] > git rev-parse --show-toplevel [0ms]
2025-08-07 00:22:16.033 [info] > git rev-parse --show-toplevel [2ms]
2025-08-07 00:22:16.039 [info] > git rev-parse --show-toplevel [1ms]
2025-08-07 00:22:16.047 [info] > git rev-parse --show-toplevel [1ms]
2025-08-07 00:22:16.054 [info] > git rev-parse --show-toplevel [1ms]
2025-08-07 00:22:16.061 [info] > git rev-parse --show-toplevel [1ms]
2025-08-07 00:22:16.069 [info] > git rev-parse --show-toplevel [2ms]
2025-08-07 00:22:16.075 [info] > git rev-parse --show-toplevel [2ms]
2025-08-07 00:22:16.081 [info] > git rev-parse --show-toplevel [1ms]
2025-08-07 00:22:16.088 [info] > git rev-parse --show-toplevel [1ms]
2025-08-07 00:22:16.094 [info] > git rev-parse --show-toplevel [1ms]
2025-08-07 00:22:16.101 [info] > git rev-parse --show-toplevel [1ms]
2025-08-07 00:22:16.107 [info] > git rev-parse --show-toplevel [1ms]
2025-08-07 00:22:16.112 [info] > git rev-parse --show-toplevel [1ms]
2025-08-07 00:22:16.118 [info] > git rev-parse --show-toplevel [1ms]
2025-08-07 00:22:16.118 [info] [Model][doInitialScan] Initial repository scan completed - repositories (1), closed repositories (0), parent repositories (0), unsafe repositories (0)
2025-08-07 00:22:16.124 [info] > git rev-parse --show-toplevel [1ms]
2025-08-07 00:22:16.124 [info] fatal: not a git repository (or any of the parent directories): .git
