2025-08-06 11:59:24.785 [info] Reading sessions from keychain...
2025-08-06 11:59:24.785 [info] Getting sessions for all scopes...
2025-08-06 11:59:24.785 [info] Got 0 sessions for ...
2025-08-06 11:59:24.785 [info] Getting sessions for all scopes...
2025-08-06 11:59:24.785 [info] Got 0 sessions for ...
2025-08-06 11:59:24.785 [info] Getting sessions for all scopes...
2025-08-06 11:59:24.785 [info] Got 0 sessions for ...
2025-08-06 11:59:24.785 [info] Getting sessions for read:user,repo,user:email,workflow...
2025-08-06 11:59:24.785 [info] Got 0 sessions for read:user,repo,user:email,workflow...
2025-08-06 11:59:26.036 [info] Getting sessions for all scopes...
2025-08-06 11:59:26.036 [info] Got 0 sessions for ...
2025-08-06 11:59:26.036 [info] Getting sessions for all scopes...
2025-08-06 11:59:26.037 [info] Got 0 sessions for ...
2025-08-06 11:59:26.045 [info] Getting sessions for all scopes...
2025-08-06 11:59:26.045 [info] Got 0 sessions for ...
2025-08-06 11:59:26.091 [info] Getting sessions for all scopes...
2025-08-06 11:59:26.091 [info] Got 0 sessions for ...
2025-08-06 12:01:02.242 [info] Getting sessions for all scopes...
2025-08-06 12:01:02.242 [info] Got 0 sessions for ...
2025-08-06 12:02:34.831 [info] Getting sessions for all scopes...
2025-08-06 12:02:34.831 [info] Got 0 sessions for ...
2025-08-06 12:02:35.968 [info] Getting sessions for all scopes...
2025-08-06 12:02:35.968 [info] Got 0 sessions for ...
2025-08-06 12:02:41.090 [info] Getting sessions for all scopes...
2025-08-06 12:02:41.090 [info] Got 0 sessions for ...
2025-08-06 12:02:50.107 [info] Getting sessions for all scopes...
2025-08-06 12:02:50.107 [info] Got 0 sessions for ...
2025-08-06 12:03:01.977 [info] Getting sessions for all scopes...
2025-08-06 12:03:01.977 [info] Got 0 sessions for ...
2025-08-06 12:03:05.762 [info] Getting sessions for all scopes...
2025-08-06 12:03:05.762 [info] Got 0 sessions for ...
2025-08-06 12:03:10.902 [info] Getting sessions for all scopes...
2025-08-06 12:03:10.902 [info] Got 0 sessions for ...
