2025-08-13 21:44:25.940 [info] [main] Log level: Info
2025-08-13 21:44:25.941 [info] [main] Validating found git in: "git"
2025-08-13 21:44:25.941 [info] [main] Using git "2.50.1" from "git"
2025-08-13 21:44:25.941 [info] [Model][doInitialScan] Initial repository scan started
2025-08-13 21:44:25.941 [warning] [Model][traverseWorkspaceFolder] Unable to read workspace folder '/home/hubert/Pobrane/.hydedots': Error: ENOENT: no such file or directory, scandir '/home/hubert/Pobrane/.hydedots'
2025-08-13 21:44:25.941 [info] > git rev-parse --show-toplevel [12ms]
2025-08-13 21:44:25.941 [info] fatal: not a git repository (or any of the parent directories): .git
2025-08-13 21:44:25.941 [warning] [Model][getRepositoryExact] Failed to get repository realpath for: "/home/hubert/Pobrane/.hydedots". Error:Error: ENOENT: no such file or directory, realpath '/home/hubert/Pobrane/.hydedots'
2025-08-13 21:44:25.941 [info] > git rev-parse --show-toplevel [1ms]
2025-08-13 21:44:25.941 [info] fatal: not a git repository (or any of the parent directories): .git
2025-08-13 21:44:25.941 [info] > git rev-parse --show-toplevel [1ms]
2025-08-13 21:44:25.941 [info] fatal: not a git repository (or any of the parent directories): .git
2025-08-13 21:44:25.941 [info] > git rev-parse --show-toplevel [2ms]
2025-08-13 21:44:25.941 [info] fatal: not a git repository (or any of the parent directories): .git
2025-08-13 21:44:25.941 [info] > git rev-parse --show-toplevel [1ms]
2025-08-13 21:44:25.941 [info] fatal: not a git repository (or any of the parent directories): .git
2025-08-13 21:44:25.941 [info] > git rev-parse --show-toplevel [1ms]
2025-08-13 21:44:25.941 [info] fatal: not a git repository (or any of the parent directories): .git
2025-08-13 21:44:25.941 [info] > git rev-parse --show-toplevel [1ms]
2025-08-13 21:44:25.941 [info] fatal: not a git repository (or any of the parent directories): .git
2025-08-13 21:44:25.941 [info] > git rev-parse --show-toplevel [1ms]
2025-08-13 21:44:25.941 [info] fatal: not a git repository (or any of the parent directories): .git
2025-08-13 21:44:25.941 [info] > git rev-parse --show-toplevel [2ms]
2025-08-13 21:44:25.941 [info] fatal: not a git repository (or any of the parent directories): .git
2025-08-13 21:44:25.941 [info] > git rev-parse --show-toplevel [1ms]
2025-08-13 21:44:25.941 [info] fatal: not a git repository (or any of the parent directories): .git
2025-08-13 21:44:25.941 [info] > git rev-parse --show-toplevel [1ms]
2025-08-13 21:44:25.941 [info] fatal: not a git repository (or any of the parent directories): .git
2025-08-13 21:44:25.941 [info] > git rev-parse --show-toplevel [1ms]
2025-08-13 21:44:25.941 [info] fatal: not a git repository (or any of the parent directories): .git
2025-08-13 21:44:25.941 [info] > git rev-parse --show-toplevel [1ms]
2025-08-13 21:44:25.941 [info] fatal: not a git repository (or any of the parent directories): .git
2025-08-13 21:44:25.941 [info] > git rev-parse --show-toplevel [1ms]
2025-08-13 21:44:25.941 [info] fatal: not a git repository (or any of the parent directories): .git
2025-08-13 21:44:25.941 [info] > git rev-parse --show-toplevel [1ms]
2025-08-13 21:44:25.941 [info] fatal: not a git repository (or any of the parent directories): .git
2025-08-13 21:44:25.941 [info] > git rev-parse --show-toplevel [1ms]
2025-08-13 21:44:25.941 [info] fatal: not a git repository (or any of the parent directories): .git
2025-08-13 21:44:25.941 [info] > git rev-parse --show-toplevel [2ms]
2025-08-13 21:44:25.941 [info] fatal: not a git repository (or any of the parent directories): .git
2025-08-13 21:44:25.941 [info] > git rev-parse --show-toplevel [9ms]
2025-08-13 21:44:25.941 [info] fatal: not a git repository (or any of the parent directories): .git
2025-08-13 21:44:25.943 [info] > git rev-parse --show-toplevel [255ms]
2025-08-13 21:44:25.943 [info] fatal: not a git repository (or any of the parent directories): .git
2025-08-13 21:44:25.987 [info] > git rev-parse --show-toplevel [4ms]
2025-08-13 21:44:25.987 [info] fatal: not a git repository (or any of the parent directories): .git
2025-08-13 21:44:25.992 [info] > git rev-parse --show-toplevel [2ms]
2025-08-13 21:44:25.992 [info] fatal: not a git repository (or any of the parent directories): .git
2025-08-13 21:44:25.997 [info] > git rev-parse --show-toplevel [2ms]
2025-08-13 21:44:25.997 [info] fatal: not a git repository (or any of the parent directories): .git
2025-08-13 21:44:26.000 [info] > git rev-parse --show-toplevel [1ms]
2025-08-13 21:44:26.000 [info] fatal: not a git repository (or any of the parent directories): .git
2025-08-13 21:44:26.005 [info] > git rev-parse --show-toplevel [1ms]
2025-08-13 21:44:26.005 [info] fatal: not a git repository (or any of the parent directories): .git
2025-08-13 21:44:26.010 [info] > git rev-parse --show-toplevel [1ms]
2025-08-13 21:44:26.010 [info] fatal: not a git repository (or any of the parent directories): .git
2025-08-13 21:44:26.015 [info] > git rev-parse --show-toplevel [1ms]
2025-08-13 21:44:26.015 [info] fatal: not a git repository (or any of the parent directories): .git
2025-08-13 21:44:26.019 [info] > git rev-parse --show-toplevel [1ms]
2025-08-13 21:44:26.019 [info] fatal: not a git repository (or any of the parent directories): .git
2025-08-13 21:44:26.023 [info] > git rev-parse --show-toplevel [1ms]
2025-08-13 21:44:26.023 [info] fatal: not a git repository (or any of the parent directories): .git
2025-08-13 21:44:26.039 [info] > git rev-parse --show-toplevel [12ms]
2025-08-13 21:44:26.039 [info] fatal: not a git repository (or any of the parent directories): .git
2025-08-13 21:44:26.207 [info] > git rev-parse --show-toplevel [8ms]
2025-08-13 21:44:26.207 [info] fatal: not a git repository (or any of the parent directories): .git
2025-08-13 21:44:26.231 [info] > git rev-parse --show-toplevel [21ms]
2025-08-13 21:44:26.231 [info] fatal: not a git repository (or any of the parent directories): .git
2025-08-13 21:44:26.231 [info] [Model][doInitialScan] Initial repository scan completed - repositories (0), closed repositories (0), parent repositories (0), unsafe repositories (0)
2025-08-13 21:44:26.236 [info] > git rev-parse --show-toplevel [1ms]
2025-08-13 21:44:26.236 [info] fatal: not a git repository (or any of the parent directories): .git
2025-08-13 21:44:26.236 [warning] [Model][getRepositoryExact] Failed to get repository realpath for: "/home/hubert/Pobrane/.hydedots". Error:Error: ENOENT: no such file or directory, realpath '/home/hubert/Pobrane/.hydedots'
2025-08-13 21:44:27.252 [info] > git rev-parse --show-toplevel [1ms]
2025-08-13 21:44:27.252 [info] fatal: not a git repository (or any of the parent directories): .git
2025-08-13 21:44:27.252 [warning] [Model][getRepositoryExact] Failed to get repository realpath for: "/home/hubert/Pobrane/.hydedots". Error:Error: ENOENT: no such file or directory, realpath '/home/hubert/Pobrane/.hydedots'
