2025-08-06 11:41:47.629 [info] [main] Log level: Info
2025-08-06 11:41:47.629 [info] [main] Validating found git in: "git"
2025-08-06 11:41:47.629 [info] [main] Using git "2.50.1" from "git"
2025-08-06 11:41:47.629 [info] [Model][doInitialScan] Initial repository scan started
2025-08-06 11:41:47.629 [info] [Model][doInitialScan] Initial repository scan completed - repositories (0), closed repositories (0), parent repositories (0), unsafe repositories (0)
2025-08-06 11:42:11.899 [info] [main] Log level: Info
2025-08-06 11:42:11.899 [info] [main] Validating found git in: "git"
2025-08-06 11:42:11.899 [info] [main] Using git "2.50.1" from "git"
2025-08-06 11:42:11.899 [info] [Model][doInitialScan] Initial repository scan started
2025-08-06 11:42:11.899 [info] > git rev-parse --show-toplevel [7ms]
2025-08-06 11:42:11.899 [info] > git rev-parse --git-dir --git-common-dir [1ms]
2025-08-06 11:42:11.899 [info] [Model][openRepository] Opened repository (path): /home/hubert/.dotfiles
2025-08-06 11:42:11.899 [info] [Model][openRepository] Opened repository (real path): /home/hubert/.dotfiles
2025-08-06 11:42:11.899 [info] > git config --get commit.template [4ms]
2025-08-06 11:42:11.899 [info] > git for-each-ref --format=%(refname)%00%(upstream:short)%00%(objectname)%00%(upstream:track)%00%(upstream:remotename)%00%(upstream:remoteref) refs/heads/main refs/remotes/main [19ms]
2025-08-06 11:42:11.970 [info] > git for-each-ref --sort -committerdate --format %(refname)%00%(objectname)%00%(*objectname) [5ms]
2025-08-06 11:42:11.993 [info] > git rev-parse --show-toplevel [2ms]
2025-08-06 11:42:12.001 [info] > git rev-parse --show-toplevel [2ms]
2025-08-06 11:42:12.008 [info] > git rev-parse --show-toplevel [2ms]
2025-08-06 11:42:12.120 [info] > git rev-parse --show-toplevel [107ms]
2025-08-06 11:42:12.142 [info] > git status -z -uall [185ms]
2025-08-06 11:42:12.142 [info] > git rev-parse --show-toplevel [7ms]
2025-08-06 11:42:12.226 [info] > git for-each-ref --format=%(refname)%00%(upstream:short)%00%(objectname)%00%(upstream:track)%00%(upstream:remotename)%00%(upstream:remoteref) refs/heads/main refs/remotes/main [14ms]
2025-08-06 11:42:12.231 [info] > git rev-parse --show-toplevel [83ms]
2025-08-06 11:42:12.248 [info] > git config --get --local branch.main.vscode-merge-base [18ms]
2025-08-06 11:42:12.252 [info] > git config --get commit.template [27ms]
2025-08-06 11:42:12.254 [info] > git for-each-ref --format=%(refname)%00%(upstream:short)%00%(objectname)%00%(upstream:track)%00%(upstream:remotename)%00%(upstream:remoteref) refs/heads/origin/main refs/remotes/origin/main [2ms]
2025-08-06 11:42:12.259 [info] > git rev-parse --show-toplevel [12ms]
2025-08-06 11:42:12.807 [info] > git rev-parse --show-toplevel [538ms]
2025-08-06 11:42:12.808 [info] > git for-each-ref --format=%(refname)%00%(upstream:short)%00%(objectname)%00%(upstream:track)%00%(upstream:remotename)%00%(upstream:remoteref) refs/heads/main refs/remotes/main [543ms]
2025-08-06 11:42:12.808 [info] > git merge-base refs/heads/main refs/remotes/origin/main [549ms]
2025-08-06 11:42:12.818 [info] > git rev-parse --show-toplevel [2ms]
2025-08-06 11:42:12.818 [info] > git diff --name-status -z --diff-filter=ADMR 49fd4d12dcc52a542d810ffc80663887ccdfac93...refs/remotes/origin/main [6ms]
2025-08-06 11:42:12.833 [info] > git rev-parse --show-toplevel [11ms]
2025-08-06 11:42:12.852 [info] > git rev-parse --show-toplevel [2ms]
2025-08-06 11:42:12.852 [info] > git for-each-ref --sort -committerdate --format %(refname)%00%(objectname)%00%(*objectname) [20ms]
2025-08-06 11:42:12.861 [info] > git rev-parse --show-toplevel [3ms]
2025-08-06 11:42:12.868 [info] > git rev-parse --show-toplevel [1ms]
2025-08-06 11:42:12.874 [info] > git rev-parse --show-toplevel [1ms]
2025-08-06 11:42:12.879 [info] > git rev-parse --show-toplevel [1ms]
2025-08-06 11:42:12.886 [info] > git rev-parse --show-toplevel [1ms]
2025-08-06 11:42:12.892 [info] > git rev-parse --show-toplevel [1ms]
2025-08-06 11:42:12.899 [info] > git rev-parse --show-toplevel [1ms]
2025-08-06 11:42:12.904 [info] > git rev-parse --show-toplevel [1ms]
2025-08-06 11:42:12.909 [info] > git rev-parse --show-toplevel [1ms]
2025-08-06 11:42:12.916 [info] > git rev-parse --show-toplevel [1ms]
2025-08-06 11:42:12.922 [info] > git status -z -uall [96ms]
2025-08-06 11:42:12.922 [info] > git rev-parse --show-toplevel [2ms]
2025-08-06 11:42:12.979 [info] > git rev-parse --show-toplevel [6ms]
2025-08-06 11:42:13.003 [info] > git rev-parse --show-toplevel [20ms]
2025-08-06 11:42:13.011 [info] > git rev-parse --show-toplevel [2ms]
2025-08-06 11:42:13.016 [info] > git rev-parse --show-toplevel [1ms]
2025-08-06 11:42:13.021 [info] > git rev-parse --show-toplevel [1ms]
2025-08-06 11:42:13.026 [info] > git rev-parse --show-toplevel [1ms]
2025-08-06 11:42:13.546 [info] > git rev-parse --show-toplevel [517ms]
2025-08-06 11:42:13.546 [info] > git fetch [1929ms]
2025-08-06 11:42:13.571 [info] > git config --get commit.template [1ms]
2025-08-06 11:42:13.572 [info] > git rev-parse --show-toplevel [9ms]
2025-08-06 11:42:13.584 [info] > git rev-parse --show-toplevel [5ms]
2025-08-06 11:42:13.591 [info] > git rev-parse --show-toplevel [1ms]
2025-08-06 11:42:13.591 [info] > git for-each-ref --format=%(refname)%00%(upstream:short)%00%(objectname)%00%(upstream:track)%00%(upstream:remotename)%00%(upstream:remoteref) refs/heads/main refs/remotes/main [7ms]
2025-08-06 11:42:13.613 [info] > git for-each-ref --sort -committerdate --format %(refname)%00%(objectname)%00%(*objectname) [3ms]
2025-08-06 11:42:13.614 [info] > git rev-parse --show-toplevel [16ms]
2025-08-06 11:42:13.624 [info] > git rev-parse --show-toplevel [1ms]
2025-08-06 11:42:13.632 [info] > git rev-parse --show-toplevel [1ms]
2025-08-06 11:42:13.638 [info] > git rev-parse --show-toplevel [1ms]
2025-08-06 11:42:13.644 [info] > git rev-parse --show-toplevel [1ms]
2025-08-06 11:42:13.650 [info] > git rev-parse --show-toplevel [1ms]
2025-08-06 11:42:13.656 [info] > git rev-parse --show-toplevel [1ms]
2025-08-06 11:42:13.662 [info] > git rev-parse --show-toplevel [1ms]
2025-08-06 11:42:13.671 [info] > git rev-parse --show-toplevel [1ms]
2025-08-06 11:42:13.678 [info] > git rev-parse --show-toplevel [1ms]
2025-08-06 11:42:13.685 [info] > git rev-parse --show-toplevel [1ms]
2025-08-06 11:42:13.691 [info] > git rev-parse --show-toplevel [1ms]
2025-08-06 11:42:13.698 [info] > git rev-parse --show-toplevel [2ms]
2025-08-06 11:42:13.704 [info] > git status -z -uall [101ms]
2025-08-06 11:42:13.704 [info] > git rev-parse --show-toplevel [1ms]
2025-08-06 11:42:13.765 [info] > git rev-parse --show-toplevel [57ms]
2025-08-06 11:42:13.772 [info] > git rev-parse --show-toplevel [3ms]
2025-08-06 11:42:13.777 [info] > git rev-parse --show-toplevel [1ms]
2025-08-06 11:42:13.782 [info] > git rev-parse --show-toplevel [1ms]
2025-08-06 11:42:13.786 [info] > git rev-parse --show-toplevel [1ms]
2025-08-06 11:42:13.791 [info] > git rev-parse --show-toplevel [1ms]
2025-08-06 11:42:13.796 [info] > git rev-parse --show-toplevel [1ms]
2025-08-06 11:42:13.801 [info] > git rev-parse --show-toplevel [1ms]
2025-08-06 11:42:13.805 [info] > git rev-parse --show-toplevel [1ms]
2025-08-06 11:42:13.810 [info] > git rev-parse --show-toplevel [1ms]
2025-08-06 11:42:13.814 [info] > git rev-parse --show-toplevel [0ms]
2025-08-06 11:42:13.819 [info] > git rev-parse --show-toplevel [1ms]
2025-08-06 11:42:14.327 [info] > git rev-parse --show-toplevel [504ms]
2025-08-06 11:42:14.333 [info] > git rev-parse --show-toplevel [1ms]
2025-08-06 11:42:14.339 [info] > git rev-parse --show-toplevel [1ms]
2025-08-06 11:42:14.345 [info] > git rev-parse --show-toplevel [1ms]
2025-08-06 11:42:14.350 [info] > git rev-parse --show-toplevel [1ms]
2025-08-06 11:42:14.355 [info] > git rev-parse --show-toplevel [1ms]
2025-08-06 11:42:14.361 [info] > git rev-parse --show-toplevel [1ms]
2025-08-06 11:42:14.366 [info] > git rev-parse --show-toplevel [1ms]
2025-08-06 11:42:14.371 [info] > git rev-parse --show-toplevel [1ms]
2025-08-06 11:42:14.376 [info] > git rev-parse --show-toplevel [1ms]
2025-08-06 11:42:14.381 [info] > git rev-parse --show-toplevel [1ms]
2025-08-06 11:42:14.385 [info] > git rev-parse --show-toplevel [0ms]
2025-08-06 11:42:14.386 [info] [Model][doInitialScan] Initial repository scan completed - repositories (1), closed repositories (0), parent repositories (0), unsafe repositories (0)
2025-08-06 11:42:17.712 [info] > git check-ignore -v -z --stdin [76ms]
2025-08-06 11:42:19.191 [info] > git config --get commit.template [19ms]
2025-08-06 11:42:19.194 [info] > git for-each-ref --format=%(refname)%00%(upstream:short)%00%(objectname)%00%(upstream:track)%00%(upstream:remotename)%00%(upstream:remoteref) refs/heads/main refs/remotes/main [5ms]
2025-08-06 11:42:19.237 [info] > git for-each-ref --sort -committerdate --format %(refname)%00%(objectname)%00%(*objectname) [8ms]
2025-08-06 11:42:19.301 [info] > git status -z -uall [91ms]
2025-08-06 11:42:24.352 [info] > git config --get commit.template [5ms]
2025-08-06 11:42:24.353 [info] > git for-each-ref --format=%(refname)%00%(upstream:short)%00%(objectname)%00%(upstream:track)%00%(upstream:remotename)%00%(upstream:remoteref) refs/heads/main refs/remotes/main [1ms]
2025-08-06 11:42:24.366 [info] > git for-each-ref --sort -committerdate --format %(refname)%00%(objectname)%00%(*objectname) [3ms]
2025-08-06 11:42:24.423 [info] > git status -z -uall [66ms]
2025-08-06 11:42:29.497 [info] > git config --get commit.template [16ms]
2025-08-06 11:42:29.498 [info] > git for-each-ref --format=%(refname)%00%(upstream:short)%00%(objectname)%00%(upstream:track)%00%(upstream:remotename)%00%(upstream:remoteref) refs/heads/main refs/remotes/main [2ms]
2025-08-06 11:42:29.521 [info] > git for-each-ref --sort -committerdate --format %(refname)%00%(objectname)%00%(*objectname) [4ms]
2025-08-06 11:42:29.583 [info] > git status -z -uall [77ms]
2025-08-06 11:42:34.658 [info] > git config --get commit.template [18ms]
2025-08-06 11:42:34.661 [info] > git for-each-ref --format=%(refname)%00%(upstream:short)%00%(objectname)%00%(upstream:track)%00%(upstream:remotename)%00%(upstream:remoteref) refs/heads/main refs/remotes/main [5ms]
2025-08-06 11:42:34.678 [info] > git for-each-ref --sort -committerdate --format %(refname)%00%(objectname)%00%(*objectname) [3ms]
2025-08-06 11:42:34.735 [info] > git status -z -uall [66ms]
2025-08-06 11:42:39.786 [info] > git config --get commit.template [4ms]
2025-08-06 11:42:39.786 [info] > git for-each-ref --format=%(refname)%00%(upstream:short)%00%(objectname)%00%(upstream:track)%00%(upstream:remotename)%00%(upstream:remoteref) refs/heads/main refs/remotes/main [1ms]
2025-08-06 11:42:39.801 [info] > git for-each-ref --sort -committerdate --format %(refname)%00%(objectname)%00%(*objectname) [1ms]
2025-08-06 11:42:39.858 [info] > git status -z -uall [67ms]
2025-08-06 11:42:44.909 [info] > git config --get commit.template [2ms]
2025-08-06 11:42:44.915 [info] > git for-each-ref --format=%(refname)%00%(upstream:short)%00%(objectname)%00%(upstream:track)%00%(upstream:remotename)%00%(upstream:remoteref) refs/heads/main refs/remotes/main [2ms]
2025-08-06 11:42:44.929 [info] > git for-each-ref --sort -committerdate --format %(refname)%00%(objectname)%00%(*objectname) [1ms]
2025-08-06 11:42:44.997 [info] > git status -z -uall [77ms]
2025-08-06 11:42:50.059 [info] > git config --get commit.template [5ms]
2025-08-06 11:42:50.059 [info] > git for-each-ref --format=%(refname)%00%(upstream:short)%00%(objectname)%00%(upstream:track)%00%(upstream:remotename)%00%(upstream:remoteref) refs/heads/main refs/remotes/main [1ms]
2025-08-06 11:42:50.072 [info] > git for-each-ref --sort -committerdate --format %(refname)%00%(objectname)%00%(*objectname) [1ms]
2025-08-06 11:42:50.128 [info] > git status -z -uall [64ms]
2025-08-06 11:42:55.191 [info] > git config --get commit.template [5ms]
2025-08-06 11:42:55.192 [info] > git for-each-ref --format=%(refname)%00%(upstream:short)%00%(objectname)%00%(upstream:track)%00%(upstream:remotename)%00%(upstream:remoteref) refs/heads/main refs/remotes/main [1ms]
2025-08-06 11:42:55.211 [info] > git for-each-ref --sort -committerdate --format %(refname)%00%(objectname)%00%(*objectname) [9ms]
2025-08-06 11:42:55.261 [info] > git status -z -uall [65ms]
2025-08-06 11:42:58.553 [info] > git check-ignore -v -z --stdin [17ms]
2025-08-06 11:43:00.332 [info] > git config --get commit.template [10ms]
2025-08-06 11:43:00.333 [info] > git for-each-ref --format=%(refname)%00%(upstream:short)%00%(objectname)%00%(upstream:track)%00%(upstream:remotename)%00%(upstream:remoteref) refs/heads/main refs/remotes/main [2ms]
2025-08-06 11:43:00.347 [info] > git for-each-ref --sort -committerdate --format %(refname)%00%(objectname)%00%(*objectname) [3ms]
2025-08-06 11:43:00.407 [info] > git status -z -uall [69ms]
2025-08-06 11:43:02.915 [info] > git check-ignore -v -z --stdin [41ms]
2025-08-06 11:43:05.484 [info] > git config --get commit.template [17ms]
2025-08-06 11:43:05.486 [info] > git for-each-ref --format=%(refname)%00%(upstream:short)%00%(objectname)%00%(upstream:track)%00%(upstream:remotename)%00%(upstream:remoteref) refs/heads/main refs/remotes/main [3ms]
2025-08-06 11:43:05.505 [info] > git for-each-ref --sort -committerdate --format %(refname)%00%(objectname)%00%(*objectname) [3ms]
2025-08-06 11:43:05.563 [info] > git status -z -uall [69ms]
2025-08-06 11:43:10.642 [info] > git config --get commit.template [20ms]
2025-08-06 11:43:10.645 [info] > git for-each-ref --format=%(refname)%00%(upstream:short)%00%(objectname)%00%(upstream:track)%00%(upstream:remotename)%00%(upstream:remoteref) refs/heads/main refs/remotes/main [5ms]
2025-08-06 11:43:10.682 [info] > git for-each-ref --sort -committerdate --format %(refname)%00%(objectname)%00%(*objectname) [4ms]
2025-08-06 11:43:10.748 [info] > git status -z -uall [86ms]
2025-08-06 11:43:15.817 [info] > git config --get commit.template [5ms]
2025-08-06 11:43:15.818 [info] > git for-each-ref --format=%(refname)%00%(upstream:short)%00%(objectname)%00%(upstream:track)%00%(upstream:remotename)%00%(upstream:remoteref) refs/heads/main refs/remotes/main [1ms]
2025-08-06 11:43:15.837 [info] > git for-each-ref --sort -committerdate --format %(refname)%00%(objectname)%00%(*objectname) [3ms]
2025-08-06 11:43:15.893 [info] > git status -z -uall [70ms]
2025-08-06 11:43:20.999 [info] > git config --get commit.template [19ms]
2025-08-06 11:43:21.000 [info] > git for-each-ref --format=%(refname)%00%(upstream:short)%00%(objectname)%00%(upstream:track)%00%(upstream:remotename)%00%(upstream:remoteref) refs/heads/main refs/remotes/main [4ms]
2025-08-06 11:43:21.026 [info] > git for-each-ref --sort -committerdate --format %(refname)%00%(objectname)%00%(*objectname) [3ms]
2025-08-06 11:43:21.097 [info] > git status -z -uall [85ms]
2025-08-06 11:43:26.180 [info] > git config --get commit.template [5ms]
2025-08-06 11:43:26.203 [info] > git for-each-ref --format=%(refname)%00%(upstream:short)%00%(objectname)%00%(upstream:track)%00%(upstream:remotename)%00%(upstream:remoteref) refs/heads/main refs/remotes/main [6ms]
2025-08-06 11:43:26.228 [info] > git for-each-ref --sort -committerdate --format %(refname)%00%(objectname)%00%(*objectname) [3ms]
2025-08-06 11:43:26.299 [info] > git status -z -uall [85ms]
2025-08-06 11:43:31.363 [info] > git config --get commit.template [4ms]
2025-08-06 11:43:31.364 [info] > git for-each-ref --format=%(refname)%00%(upstream:short)%00%(objectname)%00%(upstream:track)%00%(upstream:remotename)%00%(upstream:remoteref) refs/heads/main refs/remotes/main [1ms]
2025-08-06 11:43:31.375 [info] > git for-each-ref --sort -committerdate --format %(refname)%00%(objectname)%00%(*objectname) [1ms]
2025-08-06 11:43:31.434 [info] > git status -z -uall [66ms]
2025-08-06 11:43:36.486 [info] > git config --get commit.template [5ms]
2025-08-06 11:43:36.486 [info] > git for-each-ref --format=%(refname)%00%(upstream:short)%00%(objectname)%00%(upstream:track)%00%(upstream:remotename)%00%(upstream:remoteref) refs/heads/main refs/remotes/main [1ms]
2025-08-06 11:43:36.503 [info] > git for-each-ref --sort -committerdate --format %(refname)%00%(objectname)%00%(*objectname) [3ms]
2025-08-06 11:43:36.558 [info] > git status -z -uall [67ms]
2025-08-06 11:43:41.614 [info] > git config --get commit.template [5ms]
2025-08-06 11:43:41.615 [info] > git for-each-ref --format=%(refname)%00%(upstream:short)%00%(objectname)%00%(upstream:track)%00%(upstream:remotename)%00%(upstream:remoteref) refs/heads/main refs/remotes/main [2ms]
2025-08-06 11:43:41.630 [info] > git for-each-ref --sort -committerdate --format %(refname)%00%(objectname)%00%(*objectname) [5ms]
2025-08-06 11:43:41.687 [info] > git status -z -uall [68ms]
2025-08-06 11:43:46.746 [info] > git config --get commit.template [5ms]
2025-08-06 11:43:46.746 [info] > git for-each-ref --format=%(refname)%00%(upstream:short)%00%(objectname)%00%(upstream:track)%00%(upstream:remotename)%00%(upstream:remoteref) refs/heads/main refs/remotes/main [1ms]
2025-08-06 11:43:46.759 [info] > git for-each-ref --sort -committerdate --format %(refname)%00%(objectname)%00%(*objectname) [3ms]
2025-08-06 11:43:46.817 [info] > git status -z -uall [66ms]
2025-08-06 11:43:51.872 [info] > git config --get commit.template [5ms]
2025-08-06 11:43:51.873 [info] > git for-each-ref --format=%(refname)%00%(upstream:short)%00%(objectname)%00%(upstream:track)%00%(upstream:remotename)%00%(upstream:remoteref) refs/heads/main refs/remotes/main [2ms]
2025-08-06 11:43:51.892 [info] > git for-each-ref --sort -committerdate --format %(refname)%00%(objectname)%00%(*objectname) [6ms]
2025-08-06 11:43:51.949 [info] > git status -z -uall [72ms]
2025-08-06 11:43:57.030 [info] > git config --get commit.template [19ms]
2025-08-06 11:43:57.034 [info] > git for-each-ref --format=%(refname)%00%(upstream:short)%00%(objectname)%00%(upstream:track)%00%(upstream:remotename)%00%(upstream:remoteref) refs/heads/main refs/remotes/main [4ms]
2025-08-06 11:43:57.070 [info] > git for-each-ref --sort -committerdate --format %(refname)%00%(objectname)%00%(*objectname) [5ms]
2025-08-06 11:43:57.136 [info] > git status -z -uall [86ms]
2025-08-06 11:44:00.802 [info] > git log --format=%H%n%aN%n%aE%n%at%n%ct%n%P%n%D%n%B -z --shortstat --diff-merges=first-parent -n50 --skip=0 --topo-order --decorate=full --stdin [312ms]
2025-08-06 11:44:01.395 [info] > git check-ignore -v -z --stdin [55ms]
2025-08-06 11:44:02.184 [info] > git config --get commit.template [5ms]
2025-08-06 11:44:02.184 [info] > git for-each-ref --format=%(refname)%00%(upstream:short)%00%(objectname)%00%(upstream:track)%00%(upstream:remotename)%00%(upstream:remoteref) refs/heads/main refs/remotes/main [1ms]
2025-08-06 11:44:02.204 [info] > git for-each-ref --sort -committerdate --format %(refname)%00%(objectname)%00%(*objectname) [3ms]
2025-08-06 11:44:02.264 [info] > git status -z -uall [74ms]
2025-08-06 11:44:07.322 [info] > git config --get commit.template [4ms]
2025-08-06 11:44:07.323 [info] > git for-each-ref --format=%(refname)%00%(upstream:short)%00%(objectname)%00%(upstream:track)%00%(upstream:remotename)%00%(upstream:remoteref) refs/heads/main refs/remotes/main [1ms]
2025-08-06 11:44:07.336 [info] > git for-each-ref --sort -committerdate --format %(refname)%00%(objectname)%00%(*objectname) [3ms]
2025-08-06 11:44:07.392 [info] > git status -z -uall [65ms]
2025-08-06 11:44:08.517 [info] > git check-ignore -v -z --stdin [29ms]
2025-08-06 11:44:12.444 [info] > git config --get commit.template [5ms]
2025-08-06 11:44:12.444 [info] > git for-each-ref --format=%(refname)%00%(upstream:short)%00%(objectname)%00%(upstream:track)%00%(upstream:remotename)%00%(upstream:remoteref) refs/heads/main refs/remotes/main [1ms]
2025-08-06 11:44:12.457 [info] > git for-each-ref --sort -committerdate --format %(refname)%00%(objectname)%00%(*objectname) [2ms]
2025-08-06 11:44:12.513 [info] > git status -z -uall [64ms]
2025-08-06 11:44:17.562 [info] > git config --get commit.template [2ms]
2025-08-06 11:44:17.569 [info] > git for-each-ref --format=%(refname)%00%(upstream:short)%00%(objectname)%00%(upstream:track)%00%(upstream:remotename)%00%(upstream:remoteref) refs/heads/main refs/remotes/main [2ms]
2025-08-06 11:44:17.584 [info] > git for-each-ref --sort -committerdate --format %(refname)%00%(objectname)%00%(*objectname) [4ms]
2025-08-06 11:44:17.646 [info] > git status -z -uall [71ms]
2025-08-06 11:44:22.720 [info] > git config --get commit.template [12ms]
2025-08-06 11:44:22.722 [info] > git for-each-ref --format=%(refname)%00%(upstream:short)%00%(objectname)%00%(upstream:track)%00%(upstream:remotename)%00%(upstream:remoteref) refs/heads/main refs/remotes/main [3ms]
2025-08-06 11:44:22.737 [info] > git for-each-ref --sort -committerdate --format %(refname)%00%(objectname)%00%(*objectname) [2ms]
2025-08-06 11:44:22.803 [info] > git status -z -uall [75ms]
2025-08-06 11:44:27.885 [info] > git config --get commit.template [16ms]
2025-08-06 11:44:27.889 [info] > git for-each-ref --format=%(refname)%00%(upstream:short)%00%(objectname)%00%(upstream:track)%00%(upstream:remotename)%00%(upstream:remoteref) refs/heads/main refs/remotes/main [5ms]
2025-08-06 11:44:27.927 [info] > git for-each-ref --sort -committerdate --format %(refname)%00%(objectname)%00%(*objectname) [5ms]
2025-08-06 11:44:27.990 [info] > git status -z -uall [85ms]
2025-08-06 11:44:33.041 [info] > git config --get commit.template [5ms]
2025-08-06 11:44:33.041 [info] > git for-each-ref --format=%(refname)%00%(upstream:short)%00%(objectname)%00%(upstream:track)%00%(upstream:remotename)%00%(upstream:remoteref) refs/heads/main refs/remotes/main [1ms]
2025-08-06 11:44:33.054 [info] > git for-each-ref --sort -committerdate --format %(refname)%00%(objectname)%00%(*objectname) [3ms]
2025-08-06 11:44:33.111 [info] > git status -z -uall [65ms]
2025-08-06 11:44:38.162 [info] > git config --get commit.template [5ms]
2025-08-06 11:44:38.162 [info] > git for-each-ref --format=%(refname)%00%(upstream:short)%00%(objectname)%00%(upstream:track)%00%(upstream:remotename)%00%(upstream:remoteref) refs/heads/main refs/remotes/main [1ms]
2025-08-06 11:44:38.178 [info] > git for-each-ref --sort -committerdate --format %(refname)%00%(objectname)%00%(*objectname) [4ms]
2025-08-06 11:44:38.233 [info] > git status -z -uall [66ms]
2025-08-06 11:44:43.292 [info] > git config --get commit.template [4ms]
2025-08-06 11:44:43.293 [info] > git for-each-ref --format=%(refname)%00%(upstream:short)%00%(objectname)%00%(upstream:track)%00%(upstream:remotename)%00%(upstream:remoteref) refs/heads/main refs/remotes/main [1ms]
2025-08-06 11:44:43.309 [info] > git for-each-ref --sort -committerdate --format %(refname)%00%(objectname)%00%(*objectname) [6ms]
2025-08-06 11:44:43.361 [info] > git status -z -uall [64ms]
2025-08-06 11:44:48.422 [info] > git config --get commit.template [5ms]
2025-08-06 11:44:48.440 [info] > git for-each-ref --format=%(refname)%00%(upstream:short)%00%(objectname)%00%(upstream:track)%00%(upstream:remotename)%00%(upstream:remoteref) refs/heads/main refs/remotes/main [4ms]
2025-08-06 11:44:48.473 [info] > git for-each-ref --sort -committerdate --format %(refname)%00%(objectname)%00%(*objectname) [6ms]
2025-08-06 11:44:48.537 [info] > git status -z -uall [85ms]
2025-08-06 11:44:54.292 [info] [main] Log level: Info
2025-08-06 11:44:54.292 [info] [main] Validating found git in: "git"
2025-08-06 11:44:54.292 [info] [main] Using git "2.50.1" from "git"
2025-08-06 11:44:54.292 [info] [Model][doInitialScan] Initial repository scan started
2025-08-06 11:44:54.292 [info] > git rev-parse --show-toplevel [7ms]
2025-08-06 11:44:54.300 [info] > git rev-parse --git-dir --git-common-dir [2ms]
2025-08-06 11:44:54.327 [info] [Model][openRepository] Opened repository (path): /home/hubert/.dotfiles
2025-08-06 11:44:54.327 [info] [Model][openRepository] Opened repository (real path): /home/hubert/.dotfiles
2025-08-06 11:44:54.343 [info] > git rev-parse --show-toplevel [3ms]
2025-08-06 11:44:54.343 [info] fatal: not a git repository (or any of the parent directories): .git
2025-08-06 11:44:54.344 [info] > git config --get commit.template [9ms]
2025-08-06 11:44:54.351 [info] > git for-each-ref --format=%(refname)%00%(upstream:short)%00%(objectname)%00%(upstream:track)%00%(upstream:remotename)%00%(upstream:remoteref) refs/heads/main refs/remotes/main [1ms]
2025-08-06 11:44:54.381 [info] > git for-each-ref --sort -committerdate --format %(refname)%00%(objectname)%00%(*objectname) [4ms]
2025-08-06 11:44:54.407 [info] > git rev-parse --show-toplevel [1ms]
2025-08-06 11:44:54.407 [info] fatal: not a git repository (or any of the parent directories): .git
2025-08-06 11:44:54.667 [info] > git rev-parse --show-toplevel [51ms]
2025-08-06 11:44:54.667 [info] fatal: not a git repository (or any of the parent directories): .git
2025-08-06 11:44:54.684 [info] > git status -z -uall [326ms]
2025-08-06 11:44:54.684 [info] > git rev-parse --show-toplevel [5ms]
2025-08-06 11:44:54.684 [info] fatal: not a git repository (or any of the parent directories): .git
2025-08-06 11:44:54.761 [info] > git for-each-ref --format=%(refname)%00%(upstream:short)%00%(objectname)%00%(upstream:track)%00%(upstream:remotename)%00%(upstream:remoteref) refs/heads/main refs/remotes/main [14ms]
2025-08-06 11:44:54.771 [info] > git config --get --local branch.main.vscode-merge-base [4ms]
2025-08-06 11:44:54.775 [info] > git config --get commit.template [18ms]
2025-08-06 11:44:54.775 [info] > git rev-parse --show-toplevel [22ms]
2025-08-06 11:44:54.775 [info] fatal: not a git repository (or any of the parent directories): .git
2025-08-06 11:44:54.780 [info] > git for-each-ref --format=%(refname)%00%(upstream:short)%00%(objectname)%00%(upstream:track)%00%(upstream:remotename)%00%(upstream:remoteref) refs/heads/origin/main refs/remotes/origin/main [5ms]
2025-08-06 11:44:54.789 [info] > git rev-parse --show-toplevel [10ms]
2025-08-06 11:44:54.789 [info] fatal: not a git repository (or any of the parent directories): .git
2025-08-06 11:44:54.794 [info] > git for-each-ref --format=%(refname)%00%(upstream:short)%00%(objectname)%00%(upstream:track)%00%(upstream:remotename)%00%(upstream:remoteref) refs/heads/main refs/remotes/main [5ms]
2025-08-06 11:44:54.794 [info] > git merge-base refs/heads/main refs/remotes/origin/main [10ms]
2025-08-06 11:44:54.799 [info] > git rev-parse --show-toplevel [6ms]
2025-08-06 11:44:54.799 [info] fatal: not a git repository (or any of the parent directories): .git
2025-08-06 11:44:54.803 [info] > git diff --name-status -z --diff-filter=ADMR 49fd4d12dcc52a542d810ffc80663887ccdfac93...refs/remotes/origin/main [5ms]
2025-08-06 11:44:54.813 [info] > git rev-parse --show-toplevel [11ms]
2025-08-06 11:44:54.813 [info] fatal: not a git repository (or any of the parent directories): .git
2025-08-06 11:44:55.323 [info] > git for-each-ref --sort -committerdate --format %(refname)%00%(objectname)%00%(*objectname) [510ms]
2025-08-06 11:44:55.330 [info] > git rev-parse --show-toplevel [9ms]
2025-08-06 11:44:55.330 [info] fatal: not a git repository (or any of the parent directories): .git
2025-08-06 11:44:55.336 [info] > git rev-parse --show-toplevel [1ms]
2025-08-06 11:44:55.336 [info] fatal: not a git repository (or any of the parent directories): .git
2025-08-06 11:44:55.341 [info] > git status -z -uall [534ms]
2025-08-06 11:44:55.373 [info] > git rev-parse --show-toplevel [32ms]
2025-08-06 11:44:55.373 [info] fatal: not a git repository (or any of the parent directories): .git
2025-08-06 11:44:55.380 [info] > git rev-parse --show-toplevel [1ms]
2025-08-06 11:44:55.380 [info] fatal: not a git repository (or any of the parent directories): .git
2025-08-06 11:44:55.386 [info] > git rev-parse --show-toplevel [1ms]
2025-08-06 11:44:55.386 [info] fatal: not a git repository (or any of the parent directories): .git
2025-08-06 11:44:55.391 [info] > git rev-parse --show-toplevel [0ms]
2025-08-06 11:44:55.392 [info] fatal: not a git repository (or any of the parent directories): .git
2025-08-06 11:44:55.396 [info] > git rev-parse --show-toplevel [1ms]
2025-08-06 11:44:55.396 [info] fatal: not a git repository (or any of the parent directories): .git
2025-08-06 11:44:55.402 [info] > git rev-parse --show-toplevel [1ms]
2025-08-06 11:44:55.402 [info] fatal: not a git repository (or any of the parent directories): .git
2025-08-06 11:44:55.407 [info] > git rev-parse --show-toplevel [1ms]
2025-08-06 11:44:55.407 [info] fatal: not a git repository (or any of the parent directories): .git
2025-08-06 11:44:55.412 [info] > git rev-parse --show-toplevel [0ms]
2025-08-06 11:44:55.412 [info] fatal: not a git repository (or any of the parent directories): .git
2025-08-06 11:44:55.418 [info] > git rev-parse --show-toplevel [1ms]
2025-08-06 11:44:55.418 [info] fatal: not a git repository (or any of the parent directories): .git
2025-08-06 11:44:55.422 [info] > git check-ignore -v -z --stdin [94ms]
2025-08-06 11:44:55.423 [info] > git rev-parse --show-toplevel [1ms]
2025-08-06 11:44:55.423 [info] fatal: not a git repository (or any of the parent directories): .git
2025-08-06 11:44:55.428 [info] > git rev-parse --show-toplevel [1ms]
2025-08-06 11:44:55.428 [info] fatal: not a git repository (or any of the parent directories): .git
2025-08-06 11:44:55.433 [info] > git rev-parse --show-toplevel [0ms]
2025-08-06 11:44:55.433 [info] fatal: not a git repository (or any of the parent directories): .git
2025-08-06 11:44:55.438 [info] > git rev-parse --show-toplevel [1ms]
2025-08-06 11:44:55.438 [info] fatal: not a git repository (or any of the parent directories): .git
2025-08-06 11:44:55.443 [info] > git rev-parse --show-toplevel [1ms]
2025-08-06 11:44:55.443 [info] fatal: not a git repository (or any of the parent directories): .git
2025-08-06 11:44:55.448 [info] > git rev-parse --show-toplevel [1ms]
2025-08-06 11:44:55.448 [info] fatal: not a git repository (or any of the parent directories): .git
2025-08-06 11:44:55.949 [info] > git fetch [1623ms]
2025-08-06 11:44:55.955 [info] > git rev-parse --show-toplevel [6ms]
2025-08-06 11:44:55.955 [info] fatal: not a git repository (or any of the parent directories): .git
2025-08-06 11:44:55.960 [info] > git config --get commit.template [5ms]
2025-08-06 11:44:55.965 [info] > git rev-parse --show-toplevel [5ms]
2025-08-06 11:44:55.965 [info] fatal: not a git repository (or any of the parent directories): .git
2025-08-06 11:44:55.969 [info] > git for-each-ref --format=%(refname)%00%(upstream:short)%00%(objectname)%00%(upstream:track)%00%(upstream:remotename)%00%(upstream:remoteref) refs/heads/main refs/remotes/main [5ms]
2025-08-06 11:44:55.970 [info] > git rev-parse --show-toplevel [1ms]
2025-08-06 11:44:55.970 [info] fatal: not a git repository (or any of the parent directories): .git
2025-08-06 11:44:55.978 [info] > git rev-parse --show-toplevel [3ms]
2025-08-06 11:44:55.978 [info] fatal: not a git repository (or any of the parent directories): .git
2025-08-06 11:44:56.002 [info] > git for-each-ref --sort -committerdate --format %(refname)%00%(objectname)%00%(*objectname) [12ms]
2025-08-06 11:44:56.003 [info] > git rev-parse --show-toplevel [2ms]
2025-08-06 11:44:56.003 [info] fatal: not a git repository (or any of the parent directories): .git
2025-08-06 11:44:56.009 [info] > git rev-parse --show-toplevel [1ms]
2025-08-06 11:44:56.009 [info] fatal: not a git repository (or any of the parent directories): .git
2025-08-06 11:44:56.016 [info] > git rev-parse --show-toplevel [1ms]
2025-08-06 11:44:56.021 [info] > git rev-parse --show-toplevel [1ms]
2025-08-06 11:44:56.027 [info] > git rev-parse --show-toplevel [1ms]
2025-08-06 11:44:56.033 [info] > git rev-parse --show-toplevel [1ms]
2025-08-06 11:44:56.038 [info] > git rev-parse --show-toplevel [1ms]
2025-08-06 11:44:56.045 [info] > git rev-parse --show-toplevel [1ms]
2025-08-06 11:44:56.052 [info] > git rev-parse --show-toplevel [1ms]
2025-08-06 11:44:56.059 [info] > git rev-parse --show-toplevel [1ms]
2025-08-06 11:44:56.065 [info] > git rev-parse --show-toplevel [0ms]
2025-08-06 11:44:56.073 [info] > git rev-parse --show-toplevel [3ms]
2025-08-06 11:44:56.079 [info] > git status -z -uall [97ms]
2025-08-06 11:44:56.079 [info] > git rev-parse --show-toplevel [1ms]
2025-08-06 11:44:56.122 [info] > git rev-parse --show-toplevel [38ms]
2025-08-06 11:44:56.128 [info] > git rev-parse --show-toplevel [2ms]
2025-08-06 11:44:56.133 [info] > git rev-parse --show-toplevel [1ms]
2025-08-06 11:44:56.138 [info] > git rev-parse --show-toplevel [1ms]
2025-08-06 11:44:56.143 [info] > git rev-parse --show-toplevel [1ms]
2025-08-06 11:44:56.148 [info] > git rev-parse --show-toplevel [1ms]
2025-08-06 11:44:56.152 [info] > git rev-parse --show-toplevel [0ms]
2025-08-06 11:44:56.158 [info] > git rev-parse --show-toplevel [1ms]
2025-08-06 11:44:56.162 [info] > git rev-parse --show-toplevel [0ms]
2025-08-06 11:44:56.167 [info] > git rev-parse --show-toplevel [1ms]
2025-08-06 11:44:56.172 [info] > git rev-parse --show-toplevel [1ms]
2025-08-06 11:44:56.177 [info] > git rev-parse --show-toplevel [1ms]
2025-08-06 11:44:56.181 [info] > git rev-parse --show-toplevel [0ms]
2025-08-06 11:44:56.186 [info] > git rev-parse --show-toplevel [1ms]
2025-08-06 11:44:56.191 [info] > git rev-parse --show-toplevel [1ms]
2025-08-06 11:44:56.196 [info] > git rev-parse --show-toplevel [1ms]
2025-08-06 11:44:56.673 [info] > git rev-parse --show-toplevel [473ms]
2025-08-06 11:44:56.680 [info] > git rev-parse --show-toplevel [1ms]
2025-08-06 11:44:56.693 [info] > git rev-parse --show-toplevel [2ms]
2025-08-06 11:44:56.712 [info] > git rev-parse --show-toplevel [2ms]
2025-08-06 11:44:56.719 [info] > git rev-parse --show-toplevel [1ms]
2025-08-06 11:44:56.729 [info] > git rev-parse --show-toplevel [1ms]
2025-08-06 11:44:56.737 [info] > git rev-parse --show-toplevel [1ms]
2025-08-06 11:44:56.743 [info] > git rev-parse --show-toplevel [1ms]
2025-08-06 11:44:56.752 [info] > git rev-parse --show-toplevel [3ms]
2025-08-06 11:44:56.768 [info] > git rev-parse --show-toplevel [1ms]
2025-08-06 11:44:56.774 [info] > git rev-parse --show-toplevel [1ms]
2025-08-06 11:44:56.780 [info] > git rev-parse --show-toplevel [1ms]
2025-08-06 11:44:56.786 [info] > git rev-parse --show-toplevel [0ms]
2025-08-06 11:44:56.791 [info] > git rev-parse --show-toplevel [1ms]
2025-08-06 11:44:56.797 [info] > git rev-parse --show-toplevel [1ms]
2025-08-06 11:44:56.802 [info] > git rev-parse --show-toplevel [1ms]
2025-08-06 11:44:56.808 [info] > git rev-parse --show-toplevel [1ms]
2025-08-06 11:44:56.813 [info] > git rev-parse --show-toplevel [1ms]
2025-08-06 11:44:56.818 [info] > git rev-parse --show-toplevel [1ms]
2025-08-06 11:44:56.823 [info] > git rev-parse --show-toplevel [1ms]
2025-08-06 11:44:56.828 [info] > git rev-parse --show-toplevel [1ms]
2025-08-06 11:44:56.834 [info] > git rev-parse --show-toplevel [1ms]
2025-08-06 11:44:56.839 [info] > git rev-parse --show-toplevel [1ms]
2025-08-06 11:44:56.844 [info] > git rev-parse --show-toplevel [1ms]
2025-08-06 11:44:56.849 [info] > git rev-parse --show-toplevel [1ms]
2025-08-06 11:44:56.854 [info] > git rev-parse --show-toplevel [1ms]
2025-08-06 11:44:56.859 [info] > git rev-parse --show-toplevel [1ms]
2025-08-06 11:44:56.864 [info] > git rev-parse --show-toplevel [1ms]
2025-08-06 11:44:56.869 [info] > git rev-parse --show-toplevel [0ms]
2025-08-06 11:44:56.874 [info] > git rev-parse --show-toplevel [1ms]
2025-08-06 11:44:56.879 [info] > git rev-parse --show-toplevel [1ms]
2025-08-06 11:44:56.883 [info] > git rev-parse --show-toplevel [1ms]
2025-08-06 11:44:56.888 [info] > git rev-parse --show-toplevel [1ms]
2025-08-06 11:44:56.893 [info] > git rev-parse --show-toplevel [1ms]
2025-08-06 11:44:56.898 [info] > git rev-parse --show-toplevel [1ms]
2025-08-06 11:44:56.902 [info] > git rev-parse --show-toplevel [0ms]
2025-08-06 11:44:56.908 [info] > git rev-parse --show-toplevel [0ms]
2025-08-06 11:44:56.913 [info] > git rev-parse --show-toplevel [1ms]
2025-08-06 11:44:56.918 [info] > git rev-parse --show-toplevel [1ms]
2025-08-06 11:44:56.923 [info] > git rev-parse --show-toplevel [1ms]
2025-08-06 11:44:56.928 [info] > git rev-parse --show-toplevel [1ms]
2025-08-06 11:44:56.933 [info] > git rev-parse --show-toplevel [1ms]
2025-08-06 11:44:56.938 [info] > git rev-parse --show-toplevel [0ms]
2025-08-06 11:44:56.938 [info] [Model][doInitialScan] Initial repository scan completed - repositories (1), closed repositories (0), parent repositories (0), unsafe repositories (0)
2025-08-06 11:44:57.709 [info] > git config --get commit.template [17ms]
2025-08-06 11:44:57.711 [info] > git for-each-ref --format=%(refname)%00%(upstream:short)%00%(objectname)%00%(upstream:track)%00%(upstream:remotename)%00%(upstream:remoteref) refs/heads/main refs/remotes/main [4ms]
2025-08-06 11:44:57.741 [info] > git for-each-ref --sort -committerdate --format %(refname)%00%(objectname)%00%(*objectname) [4ms]
2025-08-06 11:44:57.802 [info] > git status -z -uall [77ms]
2025-08-06 11:45:02.842 [info] > git config --get commit.template [7ms]
2025-08-06 11:45:02.843 [info] > git for-each-ref --format=%(refname)%00%(upstream:short)%00%(objectname)%00%(upstream:track)%00%(upstream:remotename)%00%(upstream:remoteref) refs/heads/main refs/remotes/main [2ms]
2025-08-06 11:45:02.859 [info] > git for-each-ref --sort -committerdate --format %(refname)%00%(objectname)%00%(*objectname) [3ms]
2025-08-06 11:45:02.925 [info] > git status -z -uall [77ms]
2025-08-06 11:45:04.076 [info] > git check-ignore -v -z --stdin [47ms]
2025-08-06 11:45:07.991 [info] > git config --get commit.template [17ms]
2025-08-06 11:45:07.994 [info] > git for-each-ref --format=%(refname)%00%(upstream:short)%00%(objectname)%00%(upstream:track)%00%(upstream:remotename)%00%(upstream:remoteref) refs/heads/main refs/remotes/main [4ms]
2025-08-06 11:45:08.030 [info] > git for-each-ref --sort -committerdate --format %(refname)%00%(objectname)%00%(*objectname) [2ms]
2025-08-06 11:45:08.088 [info] > git status -z -uall [77ms]
2025-08-06 11:45:13.130 [info] > git config --get commit.template [5ms]
2025-08-06 11:45:13.131 [info] > git for-each-ref --format=%(refname)%00%(upstream:short)%00%(objectname)%00%(upstream:track)%00%(upstream:remotename)%00%(upstream:remoteref) refs/heads/main refs/remotes/main [1ms]
2025-08-06 11:45:13.145 [info] > git for-each-ref --sort -committerdate --format %(refname)%00%(objectname)%00%(*objectname) [4ms]
2025-08-06 11:45:13.200 [info] > git status -z -uall [64ms]
2025-08-06 11:45:18.250 [info] > git config --get commit.template [5ms]
2025-08-06 11:45:18.251 [info] > git for-each-ref --format=%(refname)%00%(upstream:short)%00%(objectname)%00%(upstream:track)%00%(upstream:remotename)%00%(upstream:remoteref) refs/heads/main refs/remotes/main [2ms]
2025-08-06 11:45:18.265 [info] > git for-each-ref --sort -committerdate --format %(refname)%00%(objectname)%00%(*objectname) [1ms]
2025-08-06 11:45:18.331 [info] > git status -z -uall [75ms]
2025-08-06 11:45:23.380 [info] > git config --get commit.template [5ms]
2025-08-06 11:45:23.403 [info] > git for-each-ref --format=%(refname)%00%(upstream:short)%00%(objectname)%00%(upstream:track)%00%(upstream:remotename)%00%(upstream:remoteref) refs/heads/main refs/remotes/main [5ms]
2025-08-06 11:45:23.446 [info] > git for-each-ref --sort -committerdate --format %(refname)%00%(objectname)%00%(*objectname) [8ms]
2025-08-06 11:45:23.507 [info] > git status -z -uall [90ms]
