2025-08-09 10:51:25.675 [info] [main] Log level: Info
2025-08-09 10:51:25.675 [info] [main] Validating found git in: "git"
2025-08-09 10:51:25.675 [info] [main] Using git "2.50.1" from "git"
2025-08-09 10:51:25.675 [info] [Model][doInitialScan] Initial repository scan started
2025-08-09 10:51:25.675 [info] > git rev-parse --show-toplevel [8ms]
2025-08-09 10:51:25.675 [info] > git rev-parse --git-dir --git-common-dir [1ms]
2025-08-09 10:51:25.675 [info] [Model][openRepository] Opened repository (path): /home/hubert/.dotfiles
2025-08-09 10:51:25.675 [info] [Model][openRepository] Opened repository (real path): /home/hubert/.dotfiles
2025-08-09 10:51:25.676 [info] > git rev-parse --show-toplevel [11ms]
2025-08-09 10:51:25.676 [info] fatal: not a git repository (or any of the parent directories): .git
2025-08-09 10:51:25.677 [info] > git config --get commit.template [16ms]
2025-08-09 10:51:25.687 [info] > git rev-parse --show-toplevel [6ms]
2025-08-09 10:51:25.687 [info] fatal: not a git repository (or any of the parent directories): .git
2025-08-09 10:51:25.688 [info] > git for-each-ref --format=%(refname)%00%(upstream:short)%00%(objectname)%00%(upstream:track)%00%(upstream:remotename)%00%(upstream:remoteref) refs/heads/main refs/remotes/main [3ms]
2025-08-09 10:51:25.706 [info] > git for-each-ref --sort -committerdate --format %(refname)%00%(objectname)%00%(*objectname) [7ms]
2025-08-09 10:51:25.720 [info] > git rev-parse --show-toplevel [1ms]
2025-08-09 10:51:25.720 [info] fatal: not a git repository (or any of the parent directories): .git
2025-08-09 10:51:25.726 [info] > git rev-parse --show-toplevel [1ms]
2025-08-09 10:51:25.726 [info] fatal: not a git repository (or any of the parent directories): .git
2025-08-09 10:51:25.731 [info] > git rev-parse --show-toplevel [1ms]
2025-08-09 10:51:25.731 [info] fatal: not a git repository (or any of the parent directories): .git
2025-08-09 10:51:25.736 [info] > git rev-parse --show-toplevel [1ms]
2025-08-09 10:51:25.736 [info] fatal: not a git repository (or any of the parent directories): .git
2025-08-09 10:51:25.979 [info] > git status -z -uall [286ms]
2025-08-09 10:51:26.004 [info] > git rev-parse --show-toplevel [263ms]
2025-08-09 10:51:26.004 [info] fatal: not a git repository (or any of the parent directories): .git
2025-08-09 10:51:26.083 [info] > git for-each-ref --format=%(refname)%00%(upstream:short)%00%(objectname)%00%(upstream:track)%00%(upstream:remotename)%00%(upstream:remoteref) refs/heads/main refs/remotes/main [80ms]
2025-08-09 10:51:26.088 [info] > git fetch [438ms]
2025-08-09 10:51:26.129 [info] > git config --get --local branch.main.vscode-merge-base [41ms]
2025-08-09 10:51:26.134 [info] > git rev-parse --show-toplevel [52ms]
2025-08-09 10:51:26.135 [info] fatal: not a git repository (or any of the parent directories): .git
2025-08-09 10:51:26.135 [info] > git config --get commit.template [57ms]
2025-08-09 10:51:26.143 [info] > git for-each-ref --format=%(refname)%00%(upstream:short)%00%(objectname)%00%(upstream:track)%00%(upstream:remotename)%00%(upstream:remoteref) refs/heads/origin/main refs/remotes/origin/main [9ms]
2025-08-09 10:51:26.150 [info] > git config --get commit.template [23ms]
2025-08-09 10:51:26.156 [info] > git merge-base refs/heads/main refs/remotes/origin/main [7ms]
2025-08-09 10:51:26.163 [info] > git rev-parse --show-toplevel [20ms]
2025-08-09 10:51:26.163 [info] fatal: not a git repository (or any of the parent directories): .git
2025-08-09 10:51:26.174 [info] > git for-each-ref --format=%(refname)%00%(upstream:short)%00%(objectname)%00%(upstream:track)%00%(upstream:remotename)%00%(upstream:remoteref) refs/heads/main refs/remotes/main [19ms]
2025-08-09 10:51:26.178 [info] > git rev-parse --show-toplevel [4ms]
2025-08-09 10:51:26.178 [info] fatal: not a git repository (or any of the parent directories): .git
2025-08-09 10:51:26.178 [info] > git for-each-ref --format=%(refname)%00%(upstream:short)%00%(objectname)%00%(upstream:track)%00%(upstream:remotename)%00%(upstream:remoteref) refs/heads/main refs/remotes/main [10ms]
2025-08-09 10:51:26.178 [info] > git diff --name-status -z --diff-filter=ADMR 2a80ba477049127210a0a60ea08ad620b07cd914...refs/remotes/origin/main [16ms]
2025-08-09 10:51:26.187 [info] > git rev-parse --show-toplevel [3ms]
2025-08-09 10:51:26.188 [info] fatal: not a git repository (or any of the parent directories): .git
2025-08-09 10:51:26.205 [info] > git rev-parse --show-toplevel [1ms]
2025-08-09 10:51:26.205 [info] fatal: not a git repository (or any of the parent directories): .git
2025-08-09 10:51:26.205 [info] > git for-each-ref --sort -committerdate --format %(refname)%00%(objectname)%00%(*objectname) [7ms]
2025-08-09 10:51:26.211 [info] > git rev-parse --show-toplevel [1ms]
2025-08-09 10:51:26.211 [info] fatal: not a git repository (or any of the parent directories): .git
2025-08-09 10:51:26.218 [info] > git rev-parse --show-toplevel [1ms]
2025-08-09 10:51:26.218 [info] fatal: not a git repository (or any of the parent directories): .git
2025-08-09 10:51:26.342 [info] > git status -z -uall [150ms]
2025-08-09 10:51:26.386 [info] > git rev-parse --show-toplevel [44ms]
2025-08-09 10:51:26.386 [info] fatal: not a git repository (or any of the parent directories): .git
2025-08-09 10:51:26.395 [info] > git rev-parse --show-toplevel [2ms]
2025-08-09 10:51:26.395 [info] fatal: not a git repository (or any of the parent directories): .git
2025-08-09 10:51:26.420 [info] > git rev-parse --show-toplevel [12ms]
2025-08-09 10:51:26.420 [info] fatal: not a git repository (or any of the parent directories): .git
2025-08-09 10:51:26.425 [info] > git rev-parse --show-toplevel [1ms]
2025-08-09 10:51:26.425 [info] fatal: not a git repository (or any of the parent directories): .git
2025-08-09 10:51:26.431 [info] > git rev-parse --show-toplevel [1ms]
2025-08-09 10:51:26.431 [info] fatal: not a git repository (or any of the parent directories): .git
2025-08-09 10:51:26.436 [info] > git rev-parse --show-toplevel [1ms]
2025-08-09 10:51:26.436 [info] fatal: not a git repository (or any of the parent directories): .git
2025-08-09 10:51:26.440 [info] > git rev-parse --show-toplevel [1ms]
2025-08-09 10:51:26.440 [info] fatal: not a git repository (or any of the parent directories): .git
2025-08-09 10:51:26.451 [info] > git rev-parse --show-toplevel [6ms]
2025-08-09 10:51:26.451 [info] fatal: not a git repository (or any of the parent directories): .git
2025-08-09 10:51:26.455 [info] > git rev-parse --show-toplevel [1ms]
2025-08-09 10:51:26.455 [info] fatal: not a git repository (or any of the parent directories): .git
2025-08-09 10:51:26.460 [info] > git rev-parse --show-toplevel [1ms]
2025-08-09 10:51:26.460 [info] fatal: not a git repository (or any of the parent directories): .git
2025-08-09 10:51:26.465 [info] > git rev-parse --show-toplevel [1ms]
2025-08-09 10:51:26.465 [info] fatal: not a git repository (or any of the parent directories): .git
2025-08-09 10:51:26.469 [info] > git rev-parse --show-toplevel [1ms]
2025-08-09 10:51:26.469 [info] fatal: not a git repository (or any of the parent directories): .git
2025-08-09 10:51:26.474 [info] > git rev-parse --show-toplevel [1ms]
2025-08-09 10:51:26.474 [info] fatal: not a git repository (or any of the parent directories): .git
2025-08-09 10:51:26.480 [info] > git rev-parse --show-toplevel [1ms]
2025-08-09 10:51:26.480 [info] fatal: not a git repository (or any of the parent directories): .git
2025-08-09 10:51:26.484 [info] > git rev-parse --show-toplevel [1ms]
2025-08-09 10:51:26.484 [info] fatal: not a git repository (or any of the parent directories): .git
2025-08-09 10:51:26.488 [info] > git rev-parse --show-toplevel [0ms]
2025-08-09 10:51:26.489 [info] fatal: not a git repository (or any of the parent directories): .git
2025-08-09 10:51:26.493 [info] > git rev-parse --show-toplevel [1ms]
2025-08-09 10:51:26.498 [info] > git rev-parse --show-toplevel [1ms]
2025-08-09 10:51:26.503 [info] > git rev-parse --show-toplevel [1ms]
2025-08-09 10:51:26.507 [info] > git rev-parse --show-toplevel [1ms]
2025-08-09 10:51:26.512 [info] > git rev-parse --show-toplevel [1ms]
2025-08-09 10:51:26.516 [info] > git rev-parse --show-toplevel [1ms]
2025-08-09 10:51:26.521 [info] > git rev-parse --show-toplevel [1ms]
2025-08-09 10:51:26.525 [info] > git rev-parse --show-toplevel [0ms]
2025-08-09 10:51:26.531 [info] > git rev-parse --show-toplevel [1ms]
2025-08-09 10:51:26.536 [info] > git rev-parse --show-toplevel [1ms]
2025-08-09 10:51:26.542 [info] > git rev-parse --show-toplevel [1ms]
2025-08-09 10:51:26.546 [info] > git rev-parse --show-toplevel [1ms]
2025-08-09 10:51:26.551 [info] > git rev-parse --show-toplevel [1ms]
2025-08-09 10:51:26.556 [info] > git rev-parse --show-toplevel [1ms]
2025-08-09 10:51:26.560 [info] > git rev-parse --show-toplevel [1ms]
2025-08-09 10:51:26.565 [info] > git rev-parse --show-toplevel [1ms]
2025-08-09 10:51:26.569 [info] > git rev-parse --show-toplevel [0ms]
2025-08-09 10:51:26.574 [info] > git rev-parse --show-toplevel [1ms]
2025-08-09 10:51:26.578 [info] > git rev-parse --show-toplevel [0ms]
2025-08-09 10:51:26.583 [info] > git rev-parse --show-toplevel [1ms]
2025-08-09 10:51:26.588 [info] > git rev-parse --show-toplevel [1ms]
2025-08-09 10:51:26.600 [info] > git rev-parse --show-toplevel [9ms]
2025-08-09 10:51:26.606 [info] > git rev-parse --show-toplevel [2ms]
2025-08-09 10:51:26.611 [info] > git rev-parse --show-toplevel [1ms]
2025-08-09 10:51:26.616 [info] > git rev-parse --show-toplevel [1ms]
2025-08-09 10:51:26.620 [info] > git rev-parse --show-toplevel [1ms]
2025-08-09 10:51:26.624 [info] > git rev-parse --show-toplevel [0ms]
2025-08-09 10:51:26.629 [info] > git rev-parse --show-toplevel [1ms]
2025-08-09 10:51:26.633 [info] > git rev-parse --show-toplevel [1ms]
2025-08-09 10:51:26.637 [info] > git rev-parse --show-toplevel [0ms]
2025-08-09 10:51:26.642 [info] > git rev-parse --show-toplevel [1ms]
2025-08-09 10:51:26.647 [info] > git rev-parse --show-toplevel [1ms]
2025-08-09 10:51:26.652 [info] > git rev-parse --show-toplevel [1ms]
2025-08-09 10:51:26.656 [info] > git rev-parse --show-toplevel [1ms]
2025-08-09 10:51:26.661 [info] > git rev-parse --show-toplevel [1ms]
2025-08-09 10:51:26.666 [info] > git rev-parse --show-toplevel [1ms]
2025-08-09 10:51:26.671 [info] > git rev-parse --show-toplevel [1ms]
2025-08-09 10:51:26.675 [info] > git rev-parse --show-toplevel [0ms]
2025-08-09 10:51:26.680 [info] > git rev-parse --show-toplevel [1ms]
2025-08-09 10:51:26.690 [info] > git rev-parse --show-toplevel [6ms]
2025-08-09 10:51:26.696 [info] > git rev-parse --show-toplevel [1ms]
2025-08-09 10:51:26.701 [info] > git check-ignore -v -z --stdin [12ms]
2025-08-09 10:51:26.702 [info] > git rev-parse --show-toplevel [2ms]
2025-08-09 10:51:26.707 [info] > git rev-parse --show-toplevel [1ms]
2025-08-09 10:51:26.712 [info] > git rev-parse --show-toplevel [1ms]
2025-08-09 10:51:26.718 [info] > git rev-parse --show-toplevel [0ms]
2025-08-09 10:51:26.723 [info] > git rev-parse --show-toplevel [1ms]
2025-08-09 10:51:26.727 [info] > git rev-parse --show-toplevel [1ms]
2025-08-09 10:51:26.733 [info] > git rev-parse --show-toplevel [1ms]
2025-08-09 10:51:26.734 [info] [Model][doInitialScan] Initial repository scan completed - repositories (1), closed repositories (0), parent repositories (0), unsafe repositories (0)
2025-08-09 10:51:26.953 [info] > git rev-parse --show-toplevel [1ms]
2025-08-09 10:51:26.953 [info] fatal: not a git repository (or any of the parent directories): .git
2025-08-09 10:51:28.344 [info] > git check-ignore -v -z --stdin [3ms]
2025-08-09 10:51:36.497 [info] > git config --get commit.template [1ms]
2025-08-09 10:51:36.504 [info] > git for-each-ref --format=%(refname)%00%(upstream:short)%00%(objectname)%00%(upstream:track)%00%(upstream:remotename)%00%(upstream:remoteref) refs/heads/main refs/remotes/main [3ms]
2025-08-09 10:51:36.528 [info] > git for-each-ref --sort -committerdate --format %(refname)%00%(objectname)%00%(*objectname) [12ms]
2025-08-09 10:51:36.547 [info] > git status -z -uall [37ms]
2025-08-09 10:51:36.675 [info] > git rev-parse --show-toplevel [1ms]
2025-08-09 10:51:36.675 [info] fatal: not a git repository (or any of the parent directories): .git
2025-08-09 10:51:41.393 [info] > git rev-parse --show-toplevel [1ms]
2025-08-09 10:51:41.393 [info] fatal: not a git repository (or any of the parent directories): .git
2025-08-09 10:51:41.577 [info] > git config --get commit.template [1ms]
2025-08-09 10:51:41.584 [info] > git for-each-ref --format=%(refname)%00%(upstream:short)%00%(objectname)%00%(upstream:track)%00%(upstream:remotename)%00%(upstream:remoteref) refs/heads/main refs/remotes/main [1ms]
2025-08-09 10:51:41.600 [info] > git for-each-ref --sort -committerdate --format %(refname)%00%(objectname)%00%(*objectname) [6ms]
2025-08-09 10:51:41.652 [info] > git status -z -uall [63ms]
2025-08-09 10:51:44.458 [info] > git rev-parse --show-toplevel [4ms]
2025-08-09 10:51:44.458 [info] fatal: not a git repository (or any of the parent directories): .git
2025-08-09 10:51:46.693 [info] > git config --get commit.template [17ms]
2025-08-09 10:51:46.696 [info] > git for-each-ref --format=%(refname)%00%(upstream:short)%00%(objectname)%00%(upstream:track)%00%(upstream:remotename)%00%(upstream:remoteref) refs/heads/main refs/remotes/main [5ms]
2025-08-09 10:51:46.732 [info] > git for-each-ref --sort -committerdate --format %(refname)%00%(objectname)%00%(*objectname) [2ms]
2025-08-09 10:51:46.772 [info] > git status -z -uall [60ms]
2025-08-09 10:51:51.789 [info] > git config --get commit.template [5ms]
2025-08-09 10:51:51.789 [info] > git for-each-ref --format=%(refname)%00%(upstream:short)%00%(objectname)%00%(upstream:track)%00%(upstream:remotename)%00%(upstream:remoteref) refs/heads/main refs/remotes/main [1ms]
2025-08-09 10:51:51.803 [info] > git for-each-ref --sort -committerdate --format %(refname)%00%(objectname)%00%(*objectname) [2ms]
2025-08-09 10:51:51.839 [info] > git status -z -uall [44ms]
2025-08-09 10:51:56.879 [info] > git config --get commit.template [18ms]
2025-08-09 10:51:56.882 [info] > git for-each-ref --format=%(refname)%00%(upstream:short)%00%(objectname)%00%(upstream:track)%00%(upstream:remotename)%00%(upstream:remoteref) refs/heads/main refs/remotes/main [4ms]
2025-08-09 10:51:56.918 [info] > git for-each-ref --sort -committerdate --format %(refname)%00%(objectname)%00%(*objectname) [4ms]
2025-08-09 10:51:56.958 [info] > git status -z -uall [60ms]
2025-08-09 10:52:01.982 [info] > git config --get commit.template [4ms]
2025-08-09 10:52:01.983 [info] > git for-each-ref --format=%(refname)%00%(upstream:short)%00%(objectname)%00%(upstream:track)%00%(upstream:remotename)%00%(upstream:remoteref) refs/heads/main refs/remotes/main [1ms]
2025-08-09 10:52:01.993 [info] > git for-each-ref --sort -committerdate --format %(refname)%00%(objectname)%00%(*objectname) [1ms]
2025-08-09 10:52:02.024 [info] > git status -z -uall [37ms]
2025-08-09 10:52:25.752 [info] > git config --get commit.template [1ms]
2025-08-09 10:52:25.766 [info] > git for-each-ref --format=%(refname)%00%(upstream:short)%00%(objectname)%00%(upstream:track)%00%(upstream:remotename)%00%(upstream:remoteref) refs/heads/main refs/remotes/main [2ms]
2025-08-09 10:52:25.792 [info] > git for-each-ref --sort -committerdate --format %(refname)%00%(objectname)%00%(*objectname) [2ms]
2025-08-09 10:52:25.870 [info] > git status -z -uall [95ms]
2025-08-09 10:53:24.486 [info] > git config --get commit.template [22ms]
2025-08-09 10:53:24.487 [info] > git for-each-ref --format=%(refname)%00%(upstream:short)%00%(objectname)%00%(upstream:track)%00%(upstream:remotename)%00%(upstream:remoteref) refs/heads/main refs/remotes/main [6ms]
2025-08-09 10:53:24.507 [info] > git for-each-ref --sort -committerdate --format %(refname)%00%(objectname)%00%(*objectname) [1ms]
2025-08-09 10:53:24.544 [info] > git status -z -uall [47ms]
2025-08-09 10:54:35.258 [info] > git config --get commit.template [7ms]
2025-08-09 10:54:35.259 [info] > git for-each-ref --format=%(refname)%00%(upstream:short)%00%(objectname)%00%(upstream:track)%00%(upstream:remotename)%00%(upstream:remoteref) refs/heads/main refs/remotes/main [2ms]
2025-08-09 10:54:35.273 [info] > git for-each-ref --sort -committerdate --format %(refname)%00%(objectname)%00%(*objectname) [1ms]
2025-08-09 10:54:35.307 [info] > git status -z -uall [43ms]
2025-08-09 10:54:35.622 [info] > git fetch [381ms]
2025-08-09 10:54:35.657 [info] > git config --get commit.template [18ms]
2025-08-09 10:54:35.661 [info] > git for-each-ref --format=%(refname)%00%(upstream:short)%00%(objectname)%00%(upstream:track)%00%(upstream:remotename)%00%(upstream:remoteref) refs/heads/main refs/remotes/main [4ms]
2025-08-09 10:54:35.699 [info] > git for-each-ref --sort -committerdate --format %(refname)%00%(objectname)%00%(*objectname) [3ms]
2025-08-09 10:54:35.739 [info] > git status -z -uall [62ms]
2025-08-09 10:54:40.321 [info] > git config --get commit.template [2ms]
2025-08-09 10:54:40.330 [info] > git for-each-ref --format=%(refname)%00%(upstream:short)%00%(objectname)%00%(upstream:track)%00%(upstream:remotename)%00%(upstream:remoteref) refs/heads/main refs/remotes/main [2ms]
2025-08-09 10:54:40.349 [info] > git for-each-ref --sort -committerdate --format %(refname)%00%(objectname)%00%(*objectname) [3ms]
2025-08-09 10:54:40.391 [info] > git status -z -uall [54ms]
2025-08-09 10:54:45.432 [info] > git config --get commit.template [18ms]
2025-08-09 10:54:45.435 [info] > git for-each-ref --format=%(refname)%00%(upstream:short)%00%(objectname)%00%(upstream:track)%00%(upstream:remotename)%00%(upstream:remoteref) refs/heads/main refs/remotes/main [4ms]
2025-08-09 10:54:45.459 [info] > git for-each-ref --sort -committerdate --format %(refname)%00%(objectname)%00%(*objectname) [2ms]
2025-08-09 10:54:45.495 [info] > git status -z -uall [48ms]
2025-08-09 10:54:53.104 [info] > git rev-parse --show-toplevel [2ms]
2025-08-09 10:54:53.112 [info] > git rev-parse --path-format=relative --show-toplevel [2ms]
2025-08-09 10:54:57.005 [info] > git config --get commit.template [7ms]
2025-08-09 10:54:57.007 [info] > git for-each-ref --format=%(refname)%00%(upstream:short)%00%(objectname)%00%(upstream:track)%00%(upstream:remotename)%00%(upstream:remoteref) refs/heads/main refs/remotes/main [2ms]
2025-08-09 10:54:57.024 [info] > git for-each-ref --sort -committerdate --format %(refname)%00%(objectname)%00%(*objectname) [2ms]
2025-08-09 10:54:57.078 [info] > git status -z -uall [65ms]
2025-08-09 10:55:02.118 [info] > git config --get commit.template [18ms]
2025-08-09 10:55:02.121 [info] > git for-each-ref --format=%(refname)%00%(upstream:short)%00%(objectname)%00%(upstream:track)%00%(upstream:remotename)%00%(upstream:remoteref) refs/heads/main refs/remotes/main [5ms]
2025-08-09 10:55:02.156 [info] > git for-each-ref --sort -committerdate --format %(refname)%00%(objectname)%00%(*objectname) [3ms]
2025-08-09 10:55:02.198 [info] > git status -z -uall [61ms]
2025-08-09 10:55:07.142 [info] > git rev-parse --show-toplevel [2ms]
2025-08-09 10:55:07.147 [info] > git rev-parse --path-format=relative --show-toplevel [1ms]
2025-08-09 10:55:23.136 [info] > git config --get commit.template [9ms]
2025-08-09 10:55:23.137 [info] > git for-each-ref --format=%(refname)%00%(upstream:short)%00%(objectname)%00%(upstream:track)%00%(upstream:remotename)%00%(upstream:remoteref) refs/heads/main refs/remotes/main [2ms]
2025-08-09 10:55:23.151 [info] > git for-each-ref --sort -committerdate --format %(refname)%00%(objectname)%00%(*objectname) [2ms]
2025-08-09 10:55:23.186 [info] > git status -z -uall [43ms]
2025-08-09 10:55:28.226 [info] > git config --get commit.template [18ms]
2025-08-09 10:55:28.229 [info] > git for-each-ref --format=%(refname)%00%(upstream:short)%00%(objectname)%00%(upstream:track)%00%(upstream:remotename)%00%(upstream:remoteref) refs/heads/main refs/remotes/main [5ms]
2025-08-09 10:55:28.255 [info] > git for-each-ref --sort -committerdate --format %(refname)%00%(objectname)%00%(*objectname) [2ms]
2025-08-09 10:55:28.294 [info] > git status -z -uall [52ms]
2025-08-09 10:55:28.927 [info] > git rev-parse --show-toplevel [3ms]
2025-08-09 10:55:28.935 [info] > git rev-parse --path-format=relative --show-toplevel [2ms]
2025-08-09 10:56:11.331 [info] > git config --get commit.template [9ms]
2025-08-09 10:56:11.332 [info] > git for-each-ref --format=%(refname)%00%(upstream:short)%00%(objectname)%00%(upstream:track)%00%(upstream:remotename)%00%(upstream:remoteref) refs/heads/main refs/remotes/main [2ms]
2025-08-09 10:56:11.347 [info] > git for-each-ref --sort -committerdate --format %(refname)%00%(objectname)%00%(*objectname) [2ms]
2025-08-09 10:56:11.385 [info] > git status -z -uall [47ms]
2025-08-09 10:58:34.419 [info] > git config --get commit.template [6ms]
2025-08-09 10:58:34.420 [info] > git for-each-ref --format=%(refname)%00%(upstream:short)%00%(objectname)%00%(upstream:track)%00%(upstream:remotename)%00%(upstream:remoteref) refs/heads/main refs/remotes/main [2ms]
2025-08-09 10:58:34.437 [info] > git for-each-ref --sort -committerdate --format %(refname)%00%(objectname)%00%(*objectname) [3ms]
2025-08-09 10:58:34.479 [info] > git status -z -uall [52ms]
2025-08-09 10:58:34.772 [info] > git fetch [368ms]
2025-08-09 10:58:34.797 [info] > git config --get commit.template [13ms]
2025-08-09 10:58:34.799 [info] > git for-each-ref --format=%(refname)%00%(upstream:short)%00%(objectname)%00%(upstream:track)%00%(upstream:remotename)%00%(upstream:remoteref) refs/heads/main refs/remotes/main [4ms]
2025-08-09 10:58:34.826 [info] > git for-each-ref --sort -committerdate --format %(refname)%00%(objectname)%00%(*objectname) [2ms]
2025-08-09 10:58:34.871 [info] > git status -z -uall [60ms]
2025-08-09 10:58:39.493 [info] > git config --get commit.template [1ms]
2025-08-09 10:58:39.501 [info] > git for-each-ref --format=%(refname)%00%(upstream:short)%00%(objectname)%00%(upstream:track)%00%(upstream:remotename)%00%(upstream:remoteref) refs/heads/main refs/remotes/main [2ms]
2025-08-09 10:58:39.519 [info] > git for-each-ref --sort -committerdate --format %(refname)%00%(objectname)%00%(*objectname) [3ms]
2025-08-09 10:58:39.563 [info] > git status -z -uall [55ms]
2025-08-09 10:58:44.609 [info] > git config --get commit.template [23ms]
2025-08-09 10:58:44.612 [info] > git for-each-ref --format=%(refname)%00%(upstream:short)%00%(objectname)%00%(upstream:track)%00%(upstream:remotename)%00%(upstream:remoteref) refs/heads/main refs/remotes/main [5ms]
2025-08-09 10:58:44.650 [info] > git for-each-ref --sort -committerdate --format %(refname)%00%(objectname)%00%(*objectname) [2ms]
2025-08-09 10:58:44.690 [info] > git status -z -uall [59ms]
2025-08-09 10:58:52.897 [info] > git rev-parse --show-toplevel [1ms]
2025-08-09 10:58:52.902 [info] > git rev-parse --path-format=relative --show-toplevel [1ms]
2025-08-09 10:58:53.906 [info] > git rev-parse --show-toplevel [1ms]
2025-08-09 10:58:53.913 [info] > git rev-parse --path-format=relative --show-toplevel [2ms]
2025-08-09 10:58:54.349 [info] > git config --get commit.template [19ms]
2025-08-09 10:58:54.353 [info] > git for-each-ref --format=%(refname)%00%(upstream:short)%00%(objectname)%00%(upstream:track)%00%(upstream:remotename)%00%(upstream:remoteref) refs/heads/main refs/remotes/main [6ms]
2025-08-09 10:58:54.384 [info] > git for-each-ref --sort -committerdate --format %(refname)%00%(objectname)%00%(*objectname) [4ms]
2025-08-09 10:58:54.423 [info] > git status -z -uall [55ms]
2025-08-09 10:58:55.227 [info] > git rev-parse --show-toplevel [2ms]
2025-08-09 10:58:55.227 [info] fatal: not a git repository (or any of the parent directories): .git
2025-08-09 10:59:11.869 [info] > git config --get commit.template [18ms]
2025-08-09 10:59:11.870 [info] > git for-each-ref --format=%(refname)%00%(upstream:short)%00%(objectname)%00%(upstream:track)%00%(upstream:remotename)%00%(upstream:remoteref) refs/heads/main refs/remotes/main [3ms]
2025-08-09 10:59:11.893 [info] > git for-each-ref --sort -committerdate --format %(refname)%00%(objectname)%00%(*objectname) [2ms]
2025-08-09 10:59:11.935 [info] > git status -z -uall [54ms]
2025-08-09 10:59:16.976 [info] > git config --get commit.template [17ms]
2025-08-09 10:59:16.980 [info] > git for-each-ref --format=%(refname)%00%(upstream:short)%00%(objectname)%00%(upstream:track)%00%(upstream:remotename)%00%(upstream:remoteref) refs/heads/main refs/remotes/main [6ms]
2025-08-09 10:59:17.015 [info] > git for-each-ref --sort -committerdate --format %(refname)%00%(objectname)%00%(*objectname) [3ms]
2025-08-09 10:59:17.056 [info] > git status -z -uall [59ms]
2025-08-09 10:59:22.094 [info] > git config --get commit.template [16ms]
2025-08-09 10:59:22.095 [info] > git for-each-ref --format=%(refname)%00%(upstream:short)%00%(objectname)%00%(upstream:track)%00%(upstream:remotename)%00%(upstream:remoteref) refs/heads/main refs/remotes/main [2ms]
2025-08-09 10:59:22.112 [info] > git for-each-ref --sort -committerdate --format %(refname)%00%(objectname)%00%(*objectname) [1ms]
2025-08-09 10:59:22.150 [info] > git status -z -uall [48ms]
2025-08-09 11:03:21.035 [info] > git config --get commit.template [9ms]
2025-08-09 11:03:21.036 [info] > git for-each-ref --format=%(refname)%00%(upstream:short)%00%(objectname)%00%(upstream:track)%00%(upstream:remotename)%00%(upstream:remoteref) refs/heads/main refs/remotes/main [2ms]
2025-08-09 11:03:21.051 [info] > git for-each-ref --sort -committerdate --format %(refname)%00%(objectname)%00%(*objectname) [2ms]
2025-08-09 11:03:21.094 [info] > git status -z -uall [52ms]
2025-08-09 11:03:21.400 [info] > git fetch [384ms]
2025-08-09 11:03:21.420 [info] > git config --get commit.template [10ms]
2025-08-09 11:03:21.422 [info] > git for-each-ref --format=%(refname)%00%(upstream:short)%00%(objectname)%00%(upstream:track)%00%(upstream:remotename)%00%(upstream:remoteref) refs/heads/main refs/remotes/main [3ms]
2025-08-09 11:03:21.438 [info] > git for-each-ref --sort -committerdate --format %(refname)%00%(objectname)%00%(*objectname) [2ms]
2025-08-09 11:03:21.474 [info] > git status -z -uall [45ms]
2025-08-09 11:03:56.691 [info] > git config --get commit.template [6ms]
2025-08-09 11:03:56.692 [info] > git for-each-ref --format=%(refname)%00%(upstream:short)%00%(objectname)%00%(upstream:track)%00%(upstream:remotename)%00%(upstream:remoteref) refs/heads/main refs/remotes/main [2ms]
2025-08-09 11:03:56.707 [info] > git for-each-ref --sort -committerdate --format %(refname)%00%(objectname)%00%(*objectname) [1ms]
2025-08-09 11:03:56.752 [info] > git status -z -uall [53ms]
2025-08-09 11:03:59.637 [info] > git rev-parse --show-toplevel [1ms]
2025-08-09 11:03:59.637 [info] fatal: not a git repository (or any of the parent directories): .git
2025-08-09 11:04:01.792 [info] > git config --get commit.template [17ms]
2025-08-09 11:04:01.795 [info] > git for-each-ref --format=%(refname)%00%(upstream:short)%00%(objectname)%00%(upstream:track)%00%(upstream:remotename)%00%(upstream:remoteref) refs/heads/main refs/remotes/main [5ms]
2025-08-09 11:04:01.818 [info] > git for-each-ref --sort -committerdate --format %(refname)%00%(objectname)%00%(*objectname) [2ms]
2025-08-09 11:04:01.858 [info] > git status -z -uall [54ms]
2025-08-09 11:05:18.962 [info] > git config --get commit.template [9ms]
2025-08-09 11:05:18.963 [info] > git for-each-ref --format=%(refname)%00%(upstream:short)%00%(objectname)%00%(upstream:track)%00%(upstream:remotename)%00%(upstream:remoteref) refs/heads/main refs/remotes/main [2ms]
2025-08-09 11:05:18.977 [info] > git for-each-ref --sort -committerdate --format %(refname)%00%(objectname)%00%(*objectname) [1ms]
2025-08-09 11:05:19.029 [info] > git status -z -uall [61ms]
2025-08-09 11:07:47.377 [info] > git config --get commit.template [1ms]
2025-08-09 11:07:47.384 [info] > git for-each-ref --format=%(refname)%00%(upstream:short)%00%(objectname)%00%(upstream:track)%00%(upstream:remotename)%00%(upstream:remoteref) refs/heads/main refs/remotes/main [1ms]
2025-08-09 11:07:47.399 [info] > git for-each-ref --sort -committerdate --format %(refname)%00%(objectname)%00%(*objectname) [2ms]
2025-08-09 11:07:47.439 [info] > git status -z -uall [48ms]
2025-08-09 11:07:47.779 [info] > git fetch [410ms]
2025-08-09 11:07:47.806 [info] > git config --get commit.template [13ms]
2025-08-09 11:07:47.808 [info] > git for-each-ref --format=%(refname)%00%(upstream:short)%00%(objectname)%00%(upstream:track)%00%(upstream:remotename)%00%(upstream:remoteref) refs/heads/main refs/remotes/main [3ms]
2025-08-09 11:07:47.837 [info] > git for-each-ref --sort -committerdate --format %(refname)%00%(objectname)%00%(*objectname) [3ms]
2025-08-09 11:07:47.879 [info] > git status -z -uall [59ms]
2025-08-09 11:07:52.471 [info] > git config --get commit.template [10ms]
2025-08-09 11:07:52.473 [info] > git for-each-ref --format=%(refname)%00%(upstream:short)%00%(objectname)%00%(upstream:track)%00%(upstream:remotename)%00%(upstream:remoteref) refs/heads/main refs/remotes/main [2ms]
2025-08-09 11:07:52.489 [info] > git for-each-ref --sort -committerdate --format %(refname)%00%(objectname)%00%(*objectname) [1ms]
2025-08-09 11:07:52.525 [info] > git status -z -uall [46ms]
2025-08-09 11:08:05.841 [info] > git rev-parse --show-toplevel [1ms]
2025-08-09 11:08:05.841 [info] fatal: not a git repository (or any of the parent directories): .git
2025-08-09 11:08:06.576 [info] > git rev-parse --show-toplevel [2ms]
2025-08-09 11:08:06.576 [info] fatal: not a git repository (or any of the parent directories): .git
2025-08-09 11:08:07.936 [info] > git config --get commit.template [4ms]
2025-08-09 11:08:07.954 [info] > git for-each-ref --format=%(refname)%00%(upstream:short)%00%(objectname)%00%(upstream:track)%00%(upstream:remotename)%00%(upstream:remoteref) refs/heads/main refs/remotes/main [3ms]
2025-08-09 11:08:07.977 [info] > git for-each-ref --sort -committerdate --format %(refname)%00%(objectname)%00%(*objectname) [1ms]
2025-08-09 11:08:08.016 [info] > git status -z -uall [51ms]
2025-08-09 11:08:25.686 [info] > git config --get commit.template [19ms]
2025-08-09 11:08:25.688 [info] > git for-each-ref --format=%(refname)%00%(upstream:short)%00%(objectname)%00%(upstream:track)%00%(upstream:remotename)%00%(upstream:remoteref) refs/heads/main refs/remotes/main [5ms]
2025-08-09 11:08:25.724 [info] > git for-each-ref --sort -committerdate --format %(refname)%00%(objectname)%00%(*objectname) [3ms]
2025-08-09 11:08:25.767 [info] > git status -z -uall [63ms]
2025-08-09 11:08:46.655 [info] > git rev-parse --show-toplevel [2ms]
2025-08-09 11:08:46.655 [info] fatal: not a git repository (or any of the parent directories): .git
2025-08-09 11:08:50.672 [info] > git config --get commit.template [19ms]
2025-08-09 11:08:50.675 [info] > git for-each-ref --format=%(refname)%00%(upstream:short)%00%(objectname)%00%(upstream:track)%00%(upstream:remotename)%00%(upstream:remoteref) refs/heads/main refs/remotes/main [5ms]
2025-08-09 11:08:50.716 [info] > git for-each-ref --sort -committerdate --format %(refname)%00%(objectname)%00%(*objectname) [3ms]
2025-08-09 11:08:50.758 [info] > git status -z -uall [64ms]
2025-08-09 11:08:56.308 [info] > git config --get commit.template [8ms]
2025-08-09 11:08:56.309 [info] > git for-each-ref --format=%(refname)%00%(upstream:short)%00%(objectname)%00%(upstream:track)%00%(upstream:remotename)%00%(upstream:remoteref) refs/heads/main refs/remotes/main [2ms]
2025-08-09 11:08:56.327 [info] > git for-each-ref --sort -committerdate --format %(refname)%00%(objectname)%00%(*objectname) [1ms]
2025-08-09 11:08:56.361 [info] > git status -z -uall [44ms]
2025-08-09 11:11:31.044 [info] > git config --get commit.template [8ms]
2025-08-09 11:11:31.044 [info] > git for-each-ref --format=%(refname)%00%(upstream:short)%00%(objectname)%00%(upstream:track)%00%(upstream:remotename)%00%(upstream:remoteref) refs/heads/main refs/remotes/main [1ms]
2025-08-09 11:11:31.058 [info] > git for-each-ref --sort -committerdate --format %(refname)%00%(objectname)%00%(*objectname) [1ms]
2025-08-09 11:11:31.100 [info] > git status -z -uall [51ms]
2025-08-09 11:11:31.425 [info] > git fetch [399ms]
2025-08-09 11:11:31.446 [info] > git config --get commit.template [11ms]
2025-08-09 11:11:31.447 [info] > git for-each-ref --format=%(refname)%00%(upstream:short)%00%(objectname)%00%(upstream:track)%00%(upstream:remotename)%00%(upstream:remoteref) refs/heads/main refs/remotes/main [3ms]
2025-08-09 11:11:31.469 [info] > git for-each-ref --sort -committerdate --format %(refname)%00%(objectname)%00%(*objectname) [2ms]
2025-08-09 11:11:31.510 [info] > git status -z -uall [53ms]
2025-08-09 11:11:36.140 [info] > git config --get commit.template [19ms]
2025-08-09 11:11:36.144 [info] > git for-each-ref --format=%(refname)%00%(upstream:short)%00%(objectname)%00%(upstream:track)%00%(upstream:remotename)%00%(upstream:remoteref) refs/heads/main refs/remotes/main [6ms]
2025-08-09 11:11:36.171 [info] > git for-each-ref --sort -committerdate --format %(refname)%00%(objectname)%00%(*objectname) [2ms]
2025-08-09 11:11:36.209 [info] > git status -z -uall [51ms]
2025-08-09 11:14:06.222 [info] > git config --get commit.template [7ms]
2025-08-09 11:14:06.224 [info] > git for-each-ref --format=%(refname)%00%(upstream:short)%00%(objectname)%00%(upstream:track)%00%(upstream:remotename)%00%(upstream:remoteref) refs/heads/main refs/remotes/main [2ms]
2025-08-09 11:14:06.239 [info] > git for-each-ref --sort -committerdate --format %(refname)%00%(objectname)%00%(*objectname) [1ms]
2025-08-09 11:14:06.278 [info] > git status -z -uall [48ms]
2025-08-09 11:15:42.976 [info] > git config --get commit.template [9ms]
2025-08-09 11:15:42.976 [info] > git for-each-ref --format=%(refname)%00%(upstream:short)%00%(objectname)%00%(upstream:track)%00%(upstream:remotename)%00%(upstream:remoteref) refs/heads/main refs/remotes/main [1ms]
2025-08-09 11:15:42.993 [info] > git for-each-ref --sort -committerdate --format %(refname)%00%(objectname)%00%(*objectname) [2ms]
2025-08-09 11:15:43.033 [info] > git status -z -uall [50ms]
2025-08-09 11:15:43.351 [info] > git fetch [392ms]
2025-08-09 11:15:43.374 [info] > git config --get commit.template [10ms]
2025-08-09 11:15:43.375 [info] > git for-each-ref --format=%(refname)%00%(upstream:short)%00%(objectname)%00%(upstream:track)%00%(upstream:remotename)%00%(upstream:remoteref) refs/heads/main refs/remotes/main [2ms]
2025-08-09 11:15:43.394 [info] > git for-each-ref --sort -committerdate --format %(refname)%00%(objectname)%00%(*objectname) [2ms]
2025-08-09 11:15:43.434 [info] > git status -z -uall [51ms]
2025-08-09 11:15:48.072 [info] > git config --get commit.template [17ms]
2025-08-09 11:15:48.075 [info] > git for-each-ref --format=%(refname)%00%(upstream:short)%00%(objectname)%00%(upstream:track)%00%(upstream:remotename)%00%(upstream:remoteref) refs/heads/main refs/remotes/main [4ms]
2025-08-09 11:15:48.113 [info] > git for-each-ref --sort -committerdate --format %(refname)%00%(objectname)%00%(*objectname) [4ms]
2025-08-09 11:15:48.156 [info] > git status -z -uall [64ms]
2025-08-09 12:45:11.217 [info] > git config --get commit.template [10ms]
2025-08-09 12:45:11.218 [info] > git for-each-ref --format=%(refname)%00%(upstream:short)%00%(objectname)%00%(upstream:track)%00%(upstream:remotename)%00%(upstream:remoteref) refs/heads/main refs/remotes/main [2ms]
2025-08-09 12:45:11.233 [info] > git for-each-ref --sort -committerdate --format %(refname)%00%(objectname)%00%(*objectname) [2ms]
2025-08-09 12:45:11.274 [info] > git status -z -uall [51ms]
2025-08-09 12:45:11.559 [info] > git fetch [361ms]
2025-08-09 12:45:11.594 [info] > git config --get commit.template [19ms]
2025-08-09 12:45:11.598 [info] > git for-each-ref --format=%(refname)%00%(upstream:short)%00%(objectname)%00%(upstream:track)%00%(upstream:remotename)%00%(upstream:remoteref) refs/heads/main refs/remotes/main [6ms]
2025-08-09 12:45:11.652 [info] > git for-each-ref --sort -committerdate --format %(refname)%00%(objectname)%00%(*objectname) [6ms]
2025-08-09 12:45:11.758 [info] > git status -z -uall [141ms]
2025-08-09 12:45:16.311 [info] > git config --get commit.template [12ms]
2025-08-09 12:45:16.314 [info] > git for-each-ref --format=%(refname)%00%(upstream:short)%00%(objectname)%00%(upstream:track)%00%(upstream:remotename)%00%(upstream:remoteref) refs/heads/main refs/remotes/main [4ms]
2025-08-09 12:45:16.333 [info] > git for-each-ref --sort -committerdate --format %(refname)%00%(objectname)%00%(*objectname) [2ms]
2025-08-09 12:45:16.375 [info] > git status -z -uall [53ms]
2025-08-09 12:45:21.418 [info] > git config --get commit.template [18ms]
2025-08-09 12:45:21.421 [info] > git for-each-ref --format=%(refname)%00%(upstream:short)%00%(objectname)%00%(upstream:track)%00%(upstream:remotename)%00%(upstream:remoteref) refs/heads/main refs/remotes/main [5ms]
2025-08-09 12:45:21.462 [info] > git for-each-ref --sort -committerdate --format %(refname)%00%(objectname)%00%(*objectname) [3ms]
2025-08-09 12:45:21.506 [info] > git status -z -uall [66ms]
2025-08-09 12:45:26.535 [info] > git config --get commit.template [9ms]
2025-08-09 12:45:26.536 [info] > git for-each-ref --format=%(refname)%00%(upstream:short)%00%(objectname)%00%(upstream:track)%00%(upstream:remotename)%00%(upstream:remoteref) refs/heads/main refs/remotes/main [1ms]
2025-08-09 12:45:26.553 [info] > git for-each-ref --sort -committerdate --format %(refname)%00%(objectname)%00%(*objectname) [1ms]
2025-08-09 12:45:26.588 [info] > git status -z -uall [45ms]
2025-08-09 12:45:32.279 [info] > git config --get commit.template [17ms]
2025-08-09 12:45:32.280 [info] > git for-each-ref --format=%(refname)%00%(upstream:short)%00%(objectname)%00%(upstream:track)%00%(upstream:remotename)%00%(upstream:remoteref) refs/heads/main refs/remotes/main [3ms]
2025-08-09 12:45:32.302 [info] > git for-each-ref --sort -committerdate --format %(refname)%00%(objectname)%00%(*objectname) [2ms]
2025-08-09 12:45:32.341 [info] > git status -z -uall [52ms]
2025-08-09 12:47:15.029 [info] > git config --get commit.template [7ms]
2025-08-09 12:47:15.030 [info] > git for-each-ref --format=%(refname)%00%(upstream:short)%00%(objectname)%00%(upstream:track)%00%(upstream:remotename)%00%(upstream:remoteref) refs/heads/main refs/remotes/main [2ms]
2025-08-09 12:47:15.045 [info] > git for-each-ref --sort -committerdate --format %(refname)%00%(objectname)%00%(*objectname) [2ms]
2025-08-09 12:47:15.083 [info] > git status -z -uall [46ms]
