2025-08-06 12:18:07.856 [info] [main] Log level: Info
2025-08-06 12:18:07.856 [info] [main] Validating found git in: "git"
2025-08-06 12:18:07.856 [info] [main] Using git "2.50.1" from "git"
2025-08-06 12:18:07.856 [info] [Model][doInitialScan] Initial repository scan started
2025-08-06 12:18:07.856 [info] > git rev-parse --show-toplevel [7ms]
2025-08-06 12:18:07.856 [info] > git rev-parse --git-dir --git-common-dir [1ms]
2025-08-06 12:18:07.856 [info] [Model][openRepository] Opened repository (path): /home/hubert/.dotfiles
2025-08-06 12:18:07.856 [info] [Model][openRepository] Opened repository (real path): /home/hubert/.dotfiles
2025-08-06 12:18:07.856 [info] > git config --get commit.template [8ms]
2025-08-06 12:18:07.856 [info] > git rev-parse --show-toplevel [7ms]
2025-08-06 12:18:07.856 [info] fatal: not a git repository (or any of the parent directories): .git
2025-08-06 12:18:07.856 [info] > git rev-parse --show-toplevel [9ms]
2025-08-06 12:18:07.856 [info] > git for-each-ref --format=%(refname)%00%(upstream:short)%00%(objectname)%00%(upstream:track)%00%(upstream:remotename)%00%(upstream:remoteref) refs/heads/main refs/remotes/main [14ms]
2025-08-06 12:18:07.860 [info] > git rev-parse --show-toplevel [1ms]
2025-08-06 12:18:07.860 [info] fatal: not a git repository (or any of the parent directories): .git
2025-08-06 12:18:08.191 [info] > git for-each-ref --sort -committerdate --format %(refname)%00%(objectname)%00%(*objectname) [22ms]
2025-08-06 12:18:08.203 [info] > git rev-parse --show-toplevel [1ms]
2025-08-06 12:18:08.203 [info] fatal: not a git repository (or any of the parent directories): .git
2025-08-06 12:18:08.211 [info] > git rev-parse --show-toplevel [1ms]
2025-08-06 12:18:08.211 [info] fatal: not a git repository (or any of the parent directories): .git
2025-08-06 12:18:08.220 [info] > git rev-parse --show-toplevel [1ms]
2025-08-06 12:18:08.220 [info] fatal: not a git repository (or any of the parent directories): .git
2025-08-06 12:18:08.226 [info] > git rev-parse --show-toplevel [2ms]
2025-08-06 12:18:08.226 [info] fatal: not a git repository (or any of the parent directories): .git
2025-08-06 12:18:08.235 [info] > git rev-parse --show-toplevel [1ms]
2025-08-06 12:18:08.235 [info] fatal: not a git repository (or any of the parent directories): .git
2025-08-06 12:18:08.241 [info] > git status -z -uall [78ms]
2025-08-06 12:18:08.259 [info] > git for-each-ref --format=%(refname)%00%(upstream:short)%00%(objectname)%00%(upstream:track)%00%(upstream:remotename)%00%(upstream:remoteref) refs/heads/main refs/remotes/main [7ms]
2025-08-06 12:18:08.264 [info] > git rev-parse --show-toplevel [24ms]
2025-08-06 12:18:08.264 [info] fatal: not a git repository (or any of the parent directories): .git
2025-08-06 12:18:08.391 [info] > git config --get --local branch.main.vscode-merge-base [127ms]
2025-08-06 12:18:08.395 [info] > git config --get commit.template [137ms]
2025-08-06 12:18:08.413 [info] > git for-each-ref --format=%(refname)%00%(upstream:short)%00%(objectname)%00%(upstream:track)%00%(upstream:remotename)%00%(upstream:remoteref) refs/heads/origin/main refs/remotes/origin/main [18ms]
2025-08-06 12:18:08.420 [info] > git rev-parse --show-toplevel [30ms]
2025-08-06 12:18:08.420 [info] fatal: not a git repository (or any of the parent directories): .git
2025-08-06 12:18:08.433 [info] > git merge-base refs/heads/main refs/remotes/origin/main [13ms]
2025-08-06 12:18:08.441 [info] > git diff --name-status -z --diff-filter=ADMR 4f9f921897bca9fe086ed5db1e0bb8dc3d7d85cf...refs/remotes/origin/main [2ms]
2025-08-06 12:18:08.441 [info] > git rev-parse --show-toplevel [9ms]
2025-08-06 12:18:08.441 [info] fatal: not a git repository (or any of the parent directories): .git
2025-08-06 12:18:08.442 [info] > git for-each-ref --format=%(refname)%00%(upstream:short)%00%(objectname)%00%(upstream:track)%00%(upstream:remotename)%00%(upstream:remoteref) refs/heads/main refs/remotes/main [15ms]
2025-08-06 12:18:08.470 [info] > git rev-parse --show-toplevel [14ms]
2025-08-06 12:18:08.470 [info] fatal: not a git repository (or any of the parent directories): .git
2025-08-06 12:18:08.498 [info] > git check-ignore -v -z --stdin [96ms]
2025-08-06 12:18:08.501 [info] > git rev-parse --show-toplevel [5ms]
2025-08-06 12:18:08.501 [info] fatal: not a git repository (or any of the parent directories): .git
2025-08-06 12:18:08.501 [info] > git for-each-ref --sort -committerdate --format %(refname)%00%(objectname)%00%(*objectname) [21ms]
2025-08-06 12:18:08.508 [info] > git rev-parse --show-toplevel [1ms]
2025-08-06 12:18:08.508 [info] fatal: not a git repository (or any of the parent directories): .git
2025-08-06 12:18:08.515 [info] > git rev-parse --show-toplevel [2ms]
2025-08-06 12:18:08.515 [info] fatal: not a git repository (or any of the parent directories): .git
2025-08-06 12:18:08.523 [info] > git rev-parse --show-toplevel [1ms]
2025-08-06 12:18:08.523 [info] fatal: not a git repository (or any of the parent directories): .git
2025-08-06 12:18:08.528 [info] > git rev-parse --show-toplevel [1ms]
2025-08-06 12:18:08.528 [info] fatal: not a git repository (or any of the parent directories): .git
2025-08-06 12:18:08.534 [info] > git rev-parse --show-toplevel [1ms]
2025-08-06 12:18:08.534 [info] fatal: not a git repository (or any of the parent directories): .git
2025-08-06 12:18:08.540 [info] > git rev-parse --show-toplevel [1ms]
2025-08-06 12:18:08.540 [info] fatal: not a git repository (or any of the parent directories): .git
2025-08-06 12:18:08.545 [info] > git status -z -uall [71ms]
2025-08-06 12:18:08.545 [info] > git rev-parse --show-toplevel [1ms]
2025-08-06 12:18:08.545 [info] fatal: not a git repository (or any of the parent directories): .git
2025-08-06 12:18:08.555 [info] > git rev-parse --show-toplevel [2ms]
2025-08-06 12:18:08.555 [info] fatal: not a git repository (or any of the parent directories): .git
2025-08-06 12:18:08.578 [info] > git rev-parse --show-toplevel [19ms]
2025-08-06 12:18:08.578 [info] fatal: not a git repository (or any of the parent directories): .git
2025-08-06 12:18:08.588 [info] > git rev-parse --show-toplevel [3ms]
2025-08-06 12:18:08.588 [info] fatal: not a git repository (or any of the parent directories): .git
2025-08-06 12:18:08.594 [info] > git rev-parse --show-toplevel [1ms]
2025-08-06 12:18:08.594 [info] fatal: not a git repository (or any of the parent directories): .git
2025-08-06 12:18:08.599 [info] > git rev-parse --show-toplevel [1ms]
2025-08-06 12:18:08.599 [info] fatal: not a git repository (or any of the parent directories): .git
2025-08-06 12:18:08.606 [info] > git rev-parse --show-toplevel [1ms]
2025-08-06 12:18:08.606 [info] fatal: not a git repository (or any of the parent directories): .git
2025-08-06 12:18:08.611 [info] > git rev-parse --show-toplevel [1ms]
2025-08-06 12:18:08.611 [info] fatal: not a git repository (or any of the parent directories): .git
2025-08-06 12:18:08.617 [info] > git rev-parse --show-toplevel [1ms]
2025-08-06 12:18:08.617 [info] fatal: not a git repository (or any of the parent directories): .git
2025-08-06 12:18:08.623 [info] > git rev-parse --show-toplevel [1ms]
2025-08-06 12:18:08.623 [info] fatal: not a git repository (or any of the parent directories): .git
2025-08-06 12:18:08.629 [info] > git rev-parse --show-toplevel [1ms]
2025-08-06 12:18:08.629 [info] fatal: not a git repository (or any of the parent directories): .git
2025-08-06 12:18:08.635 [info] > git rev-parse --show-toplevel [1ms]
2025-08-06 12:18:08.635 [info] fatal: not a git repository (or any of the parent directories): .git
2025-08-06 12:18:08.641 [info] > git rev-parse --show-toplevel [1ms]
2025-08-06 12:18:08.641 [info] fatal: not a git repository (or any of the parent directories): .git
2025-08-06 12:18:08.646 [info] > git rev-parse --show-toplevel [1ms]
2025-08-06 12:18:08.646 [info] fatal: not a git repository (or any of the parent directories): .git
2025-08-06 12:18:08.662 [info] > git rev-parse --show-toplevel [10ms]
2025-08-06 12:18:08.670 [info] > git rev-parse --show-toplevel [1ms]
2025-08-06 12:18:08.678 [info] > git rev-parse --show-toplevel [1ms]
2025-08-06 12:18:08.685 [info] > git rev-parse --show-toplevel [2ms]
2025-08-06 12:18:08.690 [info] > git rev-parse --show-toplevel [1ms]
2025-08-06 12:18:08.694 [info] > git rev-parse --show-toplevel [1ms]
2025-08-06 12:18:08.700 [info] > git rev-parse --show-toplevel [1ms]
2025-08-06 12:18:08.706 [info] > git rev-parse --show-toplevel [1ms]
2025-08-06 12:18:08.711 [info] > git rev-parse --show-toplevel [1ms]
2025-08-06 12:18:08.715 [info] > git rev-parse --show-toplevel [1ms]
2025-08-06 12:18:08.721 [info] > git rev-parse --show-toplevel [1ms]
2025-08-06 12:18:08.726 [info] > git rev-parse --show-toplevel [1ms]
2025-08-06 12:18:08.730 [info] > git rev-parse --show-toplevel [1ms]
2025-08-06 12:18:08.736 [info] > git rev-parse --show-toplevel [1ms]
2025-08-06 12:18:08.741 [info] > git rev-parse --show-toplevel [1ms]
2025-08-06 12:18:08.746 [info] > git rev-parse --show-toplevel [1ms]
2025-08-06 12:18:08.752 [info] > git rev-parse --show-toplevel [1ms]
2025-08-06 12:18:08.757 [info] > git rev-parse --show-toplevel [1ms]
2025-08-06 12:18:08.762 [info] > git rev-parse --show-toplevel [1ms]
2025-08-06 12:18:08.767 [info] > git rev-parse --show-toplevel [1ms]
2025-08-06 12:18:08.773 [info] > git rev-parse --show-toplevel [1ms]
2025-08-06 12:18:08.777 [info] > git rev-parse --show-toplevel [1ms]
2025-08-06 12:18:08.782 [info] > git rev-parse --show-toplevel [1ms]
2025-08-06 12:18:08.788 [info] > git rev-parse --show-toplevel [1ms]
2025-08-06 12:18:08.793 [info] > git rev-parse --show-toplevel [1ms]
2025-08-06 12:18:08.798 [info] > git rev-parse --show-toplevel [2ms]
2025-08-06 12:18:08.804 [info] > git rev-parse --show-toplevel [1ms]
2025-08-06 12:18:08.809 [info] > git rev-parse --show-toplevel [1ms]
2025-08-06 12:18:08.813 [info] > git rev-parse --show-toplevel [1ms]
2025-08-06 12:18:08.819 [info] > git rev-parse --show-toplevel [1ms]
2025-08-06 12:18:08.824 [info] > git rev-parse --show-toplevel [1ms]
2025-08-06 12:18:08.828 [info] > git rev-parse --show-toplevel [1ms]
2025-08-06 12:18:08.834 [info] > git rev-parse --show-toplevel [1ms]
2025-08-06 12:18:08.839 [info] > git rev-parse --show-toplevel [1ms]
2025-08-06 12:18:08.844 [info] > git rev-parse --show-toplevel [1ms]
2025-08-06 12:18:08.850 [info] > git rev-parse --show-toplevel [1ms]
2025-08-06 12:18:08.855 [info] > git rev-parse --show-toplevel [1ms]
2025-08-06 12:18:08.860 [info] > git rev-parse --show-toplevel [1ms]
2025-08-06 12:18:08.865 [info] > git rev-parse --show-toplevel [2ms]
2025-08-06 12:18:08.871 [info] > git rev-parse --show-toplevel [1ms]
2025-08-06 12:18:08.876 [info] > git rev-parse --show-toplevel [1ms]
2025-08-06 12:18:08.880 [info] > git rev-parse --show-toplevel [1ms]
2025-08-06 12:18:08.886 [info] > git rev-parse --show-toplevel [1ms]
2025-08-06 12:18:08.891 [info] > git rev-parse --show-toplevel [1ms]
2025-08-06 12:18:08.895 [info] > git rev-parse --show-toplevel [0ms]
2025-08-06 12:18:08.901 [info] > git rev-parse --show-toplevel [1ms]
2025-08-06 12:18:08.906 [info] > git rev-parse --show-toplevel [0ms]
2025-08-06 12:18:08.911 [info] > git rev-parse --show-toplevel [1ms]
2025-08-06 12:18:08.916 [info] > git rev-parse --show-toplevel [2ms]
2025-08-06 12:18:08.922 [info] > git rev-parse --show-toplevel [1ms]
2025-08-06 12:18:08.926 [info] > git rev-parse --show-toplevel [0ms]
2025-08-06 12:18:08.931 [info] > git rev-parse --show-toplevel [1ms]
2025-08-06 12:18:08.938 [info] > git rev-parse --show-toplevel [1ms]
2025-08-06 12:18:08.943 [info] > git rev-parse --show-toplevel [1ms]
2025-08-06 12:18:08.949 [info] > git rev-parse --show-toplevel [2ms]
2025-08-06 12:18:08.957 [info] > git rev-parse --show-toplevel [1ms]
2025-08-06 12:18:08.962 [info] > git rev-parse --show-toplevel [1ms]
2025-08-06 12:18:08.977 [info] > git rev-parse --show-toplevel [1ms]
2025-08-06 12:18:08.984 [info] > git rev-parse --show-toplevel [2ms]
2025-08-06 12:18:08.991 [info] > git rev-parse --show-toplevel [1ms]
2025-08-06 12:18:08.997 [info] > git rev-parse --show-toplevel [2ms]
2025-08-06 12:18:09.003 [info] > git rev-parse --show-toplevel [1ms]
2025-08-06 12:18:09.008 [info] > git rev-parse --show-toplevel [1ms]
2025-08-06 12:18:09.013 [info] > git rev-parse --show-toplevel [1ms]
2025-08-06 12:18:09.020 [info] > git rev-parse --show-toplevel [1ms]
2025-08-06 12:18:09.026 [info] > git rev-parse --show-toplevel [1ms]
2025-08-06 12:18:09.032 [info] > git rev-parse --show-toplevel [2ms]
2025-08-06 12:18:09.040 [info] > git rev-parse --show-toplevel [2ms]
2025-08-06 12:18:09.045 [info] > git rev-parse --show-toplevel [1ms]
2025-08-06 12:18:09.053 [info] > git rev-parse --show-toplevel [1ms]
2025-08-06 12:18:09.054 [info] [Model][doInitialScan] Initial repository scan completed - repositories (1), closed repositories (0), parent repositories (0), unsafe repositories (0)
2025-08-06 12:18:09.071 [info] > git show --textconv :alacritty/.config/alacritty/alacritty.toml [13ms]
2025-08-06 12:18:09.072 [info] > git rev-parse --show-toplevel [1ms]
2025-08-06 12:18:09.073 [info] fatal: not a git repository (or any of the parent directories): .git
2025-08-06 12:18:09.073 [info] > git ls-files --stage -- alacritty/.config/alacritty/alacritty.toml [9ms]
2025-08-06 12:18:09.079 [info] > git cat-file -s e9717a9eceb3983c1a426ec2b3ca3ad4810214ba [1ms]
2025-08-06 12:18:09.305 [info] > git fetch [1497ms]
2025-08-06 12:18:09.314 [info] > git config --get commit.template [4ms]
2025-08-06 12:18:09.315 [info] > git for-each-ref --format=%(refname)%00%(upstream:short)%00%(objectname)%00%(upstream:track)%00%(upstream:remotename)%00%(upstream:remoteref) refs/heads/main refs/remotes/main [2ms]
2025-08-06 12:18:09.330 [info] > git for-each-ref --sort -committerdate --format %(refname)%00%(objectname)%00%(*objectname) [3ms]
2025-08-06 12:18:09.382 [info] > git status -z -uall [62ms]
2025-08-06 12:18:11.091 [info] > git check-ignore -v -z --stdin [6ms]
2025-08-06 12:18:18.002 [info] > git config --get commit.template [4ms]
2025-08-06 12:18:18.003 [info] > git for-each-ref --format=%(refname)%00%(upstream:short)%00%(objectname)%00%(upstream:track)%00%(upstream:remotename)%00%(upstream:remoteref) refs/heads/main refs/remotes/main [1ms]
2025-08-06 12:18:18.016 [info] > git for-each-ref --sort -committerdate --format %(refname)%00%(objectname)%00%(*objectname) [4ms]
2025-08-06 12:18:18.060 [info] > git status -z -uall [53ms]
2025-08-06 12:19:41.845 [info] > git config --get commit.template [6ms]
2025-08-06 12:19:41.846 [info] > git for-each-ref --format=%(refname)%00%(upstream:short)%00%(objectname)%00%(upstream:track)%00%(upstream:remotename)%00%(upstream:remoteref) refs/heads/main refs/remotes/main [1ms]
2025-08-06 12:19:41.862 [info] > git for-each-ref --sort -committerdate --format %(refname)%00%(objectname)%00%(*objectname) [3ms]
2025-08-06 12:19:41.913 [info] > git status -z -uall [61ms]
2025-08-06 12:19:46.924 [info] > git config --get commit.template [4ms]
2025-08-06 12:19:46.925 [info] > git for-each-ref --format=%(refname)%00%(upstream:short)%00%(objectname)%00%(upstream:track)%00%(upstream:remotename)%00%(upstream:remoteref) refs/heads/main refs/remotes/main [1ms]
2025-08-06 12:19:46.943 [info] > git for-each-ref --sort -committerdate --format %(refname)%00%(objectname)%00%(*objectname) [6ms]
2025-08-06 12:19:46.983 [info] > git status -z -uall [54ms]
2025-08-06 12:20:07.378 [info] > git config --get commit.template [17ms]
2025-08-06 12:20:07.381 [info] > git for-each-ref --format=%(refname)%00%(upstream:short)%00%(objectname)%00%(upstream:track)%00%(upstream:remotename)%00%(upstream:remoteref) refs/heads/main refs/remotes/main [4ms]
2025-08-06 12:20:07.425 [info] > git for-each-ref --sort -committerdate --format %(refname)%00%(objectname)%00%(*objectname) [10ms]
2025-08-06 12:20:07.475 [info] > git status -z -uall [80ms]
2025-08-06 12:20:42.551 [info] > git config --get commit.template [5ms]
2025-08-06 12:20:42.551 [info] > git for-each-ref --format=%(refname)%00%(upstream:short)%00%(objectname)%00%(upstream:track)%00%(upstream:remotename)%00%(upstream:remoteref) refs/heads/main refs/remotes/main [1ms]
2025-08-06 12:20:42.567 [info] > git for-each-ref --sort -committerdate --format %(refname)%00%(objectname)%00%(*objectname) [5ms]
2025-08-06 12:20:42.612 [info] > git status -z -uall [56ms]
2025-08-06 12:20:52.906 [info] > git config --get commit.template [17ms]
2025-08-06 12:20:52.908 [info] > git for-each-ref --format=%(refname)%00%(upstream:short)%00%(objectname)%00%(upstream:track)%00%(upstream:remotename)%00%(upstream:remoteref) refs/heads/main refs/remotes/main [4ms]
2025-08-06 12:20:52.950 [info] > git for-each-ref --sort -committerdate --format %(refname)%00%(objectname)%00%(*objectname) [9ms]
2025-08-06 12:20:52.997 [info] > git status -z -uall [73ms]
2025-08-06 12:20:56.949 [info] > git rev-parse --show-toplevel [2ms]
2025-08-06 12:20:56.949 [info] fatal: not a git repository (or any of the parent directories): .git
2025-08-06 12:20:57.480 [info] > git check-ignore -v -z --stdin [17ms]
2025-08-06 12:20:58.283 [info] > git config --get commit.template [15ms]
2025-08-06 12:20:58.285 [info] > git for-each-ref --format=%(refname)%00%(upstream:short)%00%(objectname)%00%(upstream:track)%00%(upstream:remotename)%00%(upstream:remoteref) refs/heads/main refs/remotes/main [4ms]
2025-08-06 12:20:58.309 [info] > git for-each-ref --sort -committerdate --format %(refname)%00%(objectname)%00%(*objectname) [4ms]
2025-08-06 12:20:58.352 [info] > git status -z -uall [61ms]
2025-08-06 12:21:05.702 [info] > git for-each-ref --format=%(refname)%00%(upstream:short)%00%(objectname)%00%(upstream:track)%00%(upstream:remotename)%00%(upstream:remoteref) refs/heads/main refs/remotes/main [0ms]
2025-08-06 12:21:05.702 [info] > git config --get commit.template [11ms]
2025-08-06 12:21:05.737 [info] > git for-each-ref --sort -committerdate --format %(refname)%00%(objectname)%00%(*objectname) [10ms]
2025-08-06 12:21:05.789 [info] > git status -z -uall [80ms]
2025-08-06 12:21:10.594 [info] > git ls-files --stage -- alacritty/.config/alacritty/alacritty.toml [4ms]
2025-08-06 12:21:10.599 [info] > git cat-file -s e9717a9eceb3983c1a426ec2b3ca3ad4810214ba [1ms]
2025-08-06 12:21:10.609 [info] > git show --textconv :alacritty/.config/alacritty/alacritty.toml [5ms]
2025-08-06 12:21:10.834 [info] > git fetch [1440ms]
2025-08-06 12:21:10.842 [info] > git config --get commit.template [1ms]
2025-08-06 12:21:10.848 [info] > git for-each-ref --format=%(refname)%00%(upstream:short)%00%(objectname)%00%(upstream:track)%00%(upstream:remotename)%00%(upstream:remoteref) refs/heads/main refs/remotes/main [1ms]
2025-08-06 12:21:10.866 [info] > git for-each-ref --sort -committerdate --format %(refname)%00%(objectname)%00%(*objectname) [7ms]
2025-08-06 12:21:10.906 [info] > git status -z -uall [54ms]
2025-08-06 12:21:11.962 [info] > git ls-files --stage -- alacritty/.config/alacritty/alacritty.toml [3ms]
2025-08-06 12:21:11.967 [info] > git cat-file -s e9717a9eceb3983c1a426ec2b3ca3ad4810214ba [1ms]
2025-08-06 12:21:11.976 [info] > git show --textconv :alacritty/.config/alacritty/alacritty.toml [4ms]
2025-08-06 12:21:17.970 [info] > git config --get commit.template [16ms]
2025-08-06 12:21:17.973 [info] > git for-each-ref --format=%(refname)%00%(upstream:short)%00%(objectname)%00%(upstream:track)%00%(upstream:remotename)%00%(upstream:remoteref) refs/heads/main refs/remotes/main [5ms]
2025-08-06 12:21:18.009 [info] > git for-each-ref --sort -committerdate --format %(refname)%00%(objectname)%00%(*objectname) [5ms]
2025-08-06 12:21:18.053 [info] > git status -z -uall [65ms]
2025-08-06 12:22:07.989 [info] > git rev-parse --show-toplevel [1ms]
2025-08-06 12:22:07.989 [info] fatal: not a git repository (or any of the parent directories): .git
2025-08-06 12:22:09.221 [info] > git config --get commit.template [17ms]
2025-08-06 12:22:09.224 [info] > git for-each-ref --format=%(refname)%00%(upstream:short)%00%(objectname)%00%(upstream:track)%00%(upstream:remotename)%00%(upstream:remoteref) refs/heads/main refs/remotes/main [5ms]
2025-08-06 12:22:09.262 [info] > git for-each-ref --sort -committerdate --format %(refname)%00%(objectname)%00%(*objectname) [5ms]
2025-08-06 12:22:09.316 [info] > git status -z -uall [76ms]
2025-08-06 12:22:20.912 [info] > git rev-parse --show-toplevel [2ms]
2025-08-06 12:22:20.912 [info] fatal: not a git repository (or any of the parent directories): .git
2025-08-06 12:22:22.086 [info] > git config --get commit.template [16ms]
2025-08-06 12:22:22.089 [info] > git for-each-ref --format=%(refname)%00%(upstream:short)%00%(objectname)%00%(upstream:track)%00%(upstream:remotename)%00%(upstream:remoteref) refs/heads/main refs/remotes/main [5ms]
2025-08-06 12:22:22.120 [info] > git for-each-ref --sort -committerdate --format %(refname)%00%(objectname)%00%(*objectname) [1ms]
2025-08-06 12:22:22.170 [info] > git status -z -uall [66ms]
2025-08-06 12:22:29.594 [info] > git config --get commit.template [16ms]
2025-08-06 12:22:29.597 [info] > git for-each-ref --format=%(refname)%00%(upstream:short)%00%(objectname)%00%(upstream:track)%00%(upstream:remotename)%00%(upstream:remoteref) refs/heads/main refs/remotes/main [5ms]
2025-08-06 12:22:29.628 [info] > git for-each-ref --sort -committerdate --format %(refname)%00%(objectname)%00%(*objectname) [1ms]
2025-08-06 12:22:29.683 [info] > git status -z -uall [72ms]
2025-08-06 12:22:38.368 [info] > git show --textconv :alacritty/.config/alacritty/alacritty.toml.bak [7ms]
2025-08-06 12:22:38.372 [info] > git ls-files --stage -- alacritty/.config/alacritty/alacritty.toml.bak [5ms]
2025-08-06 12:22:38.378 [info] > git cat-file -s e9717a9eceb3983c1a426ec2b3ca3ad4810214ba [1ms]
2025-08-06 12:22:50.114 [info] > git rev-parse --show-toplevel [1ms]
2025-08-06 12:22:50.114 [info] fatal: not a git repository (or any of the parent directories): .git
2025-08-06 12:22:51.370 [info] > git config --get commit.template [10ms]
2025-08-06 12:22:51.371 [info] > git for-each-ref --format=%(refname)%00%(upstream:short)%00%(objectname)%00%(upstream:track)%00%(upstream:remotename)%00%(upstream:remoteref) refs/heads/main refs/remotes/main [2ms]
2025-08-06 12:22:51.388 [info] > git for-each-ref --sort -committerdate --format %(refname)%00%(objectname)%00%(*objectname) [1ms]
2025-08-06 12:22:51.437 [info] > git status -z -uall [59ms]
2025-08-06 12:23:07.323 [info] > git config --get commit.template [1ms]
2025-08-06 12:23:07.328 [info] > git for-each-ref --format=%(refname)%00%(upstream:short)%00%(objectname)%00%(upstream:track)%00%(upstream:remotename)%00%(upstream:remoteref) refs/heads/main refs/remotes/main [1ms]
2025-08-06 12:23:07.339 [info] > git for-each-ref --sort -committerdate --format %(refname)%00%(objectname)%00%(*objectname) [2ms]
2025-08-06 12:23:07.387 [info] > git status -z -uall [55ms]
2025-08-06 12:23:32.234 [info] > git config --get commit.template [17ms]
2025-08-06 12:23:32.237 [info] > git for-each-ref --format=%(refname)%00%(upstream:short)%00%(objectname)%00%(upstream:track)%00%(upstream:remotename)%00%(upstream:remoteref) refs/heads/main refs/remotes/main [5ms]
2025-08-06 12:23:32.276 [info] > git for-each-ref --sort -committerdate --format %(refname)%00%(objectname)%00%(*objectname) [5ms]
2025-08-06 12:23:32.331 [info] > git status -z -uall [78ms]
2025-08-06 12:23:45.455 [info] > git config --get commit.template [19ms]
2025-08-06 12:23:45.458 [info] > git for-each-ref --format=%(refname)%00%(upstream:short)%00%(objectname)%00%(upstream:track)%00%(upstream:remotename)%00%(upstream:remoteref) refs/heads/main refs/remotes/main [5ms]
2025-08-06 12:23:45.501 [info] > git for-each-ref --sort -committerdate --format %(refname)%00%(objectname)%00%(*objectname) [5ms]
2025-08-06 12:23:45.566 [info] > git status -z -uall [90ms]
2025-08-06 12:24:07.328 [info] > git config --get commit.template [4ms]
2025-08-06 12:24:07.329 [info] > git for-each-ref --format=%(refname)%00%(upstream:short)%00%(objectname)%00%(upstream:track)%00%(upstream:remotename)%00%(upstream:remoteref) refs/heads/main refs/remotes/main [1ms]
2025-08-06 12:24:07.343 [info] > git for-each-ref --sort -committerdate --format %(refname)%00%(objectname)%00%(*objectname) [3ms]
2025-08-06 12:24:07.389 [info] > git status -z -uall [55ms]
2025-08-06 12:24:11.983 [info] > git rev-parse --show-toplevel [1ms]
2025-08-06 12:24:11.984 [info] fatal: not a git repository (or any of the parent directories): .git
2025-08-06 12:24:12.133 [info] > git ls-files --stage -- alacritty/.config/alacritty/alacritty.toml [14ms]
2025-08-06 12:24:12.151 [info] > git cat-file -s e9717a9eceb3983c1a426ec2b3ca3ad4810214ba [5ms]
2025-08-06 12:24:12.178 [info] > git show --textconv :alacritty/.config/alacritty/alacritty.toml [9ms]
2025-08-06 12:24:12.427 [info] > git fetch [1510ms]
2025-08-06 12:24:12.436 [info] > git config --get commit.template [5ms]
2025-08-06 12:24:12.437 [info] > git for-each-ref --format=%(refname)%00%(upstream:short)%00%(objectname)%00%(upstream:track)%00%(upstream:remotename)%00%(upstream:remoteref) refs/heads/main refs/remotes/main [1ms]
2025-08-06 12:24:12.451 [info] > git for-each-ref --sort -committerdate --format %(refname)%00%(objectname)%00%(*objectname) [3ms]
2025-08-06 12:24:12.501 [info] > git status -z -uall [60ms]
2025-08-06 12:24:13.546 [info] > git ls-files --stage -- alacritty/.config/alacritty/alacritty.toml [3ms]
2025-08-06 12:24:13.551 [info] > git cat-file -s e9717a9eceb3983c1a426ec2b3ca3ad4810214ba [1ms]
2025-08-06 12:24:13.562 [info] > git show --textconv :alacritty/.config/alacritty/alacritty.toml [5ms]
2025-08-06 12:24:18.540 [info] > git rev-parse --show-toplevel [2ms]
2025-08-06 12:24:18.540 [info] fatal: not a git repository (or any of the parent directories): .git
2025-08-06 12:24:19.725 [info] > git config --get commit.template [6ms]
2025-08-06 12:24:19.727 [info] > git for-each-ref --format=%(refname)%00%(upstream:short)%00%(objectname)%00%(upstream:track)%00%(upstream:remotename)%00%(upstream:remoteref) refs/heads/main refs/remotes/main [2ms]
2025-08-06 12:24:19.746 [info] > git for-each-ref --sort -committerdate --format %(refname)%00%(objectname)%00%(*objectname) [3ms]
2025-08-06 12:24:19.798 [info] > git status -z -uall [64ms]
2025-08-06 12:24:22.048 [info] > git rev-parse --show-toplevel [1ms]
2025-08-06 12:24:22.048 [info] fatal: not a git repository (or any of the parent directories): .git
2025-08-06 12:24:24.809 [info] > git config --get commit.template [5ms]
2025-08-06 12:24:24.810 [info] > git for-each-ref --format=%(refname)%00%(upstream:short)%00%(objectname)%00%(upstream:track)%00%(upstream:remotename)%00%(upstream:remoteref) refs/heads/main refs/remotes/main [2ms]
2025-08-06 12:24:24.825 [info] > git for-each-ref --sort -committerdate --format %(refname)%00%(objectname)%00%(*objectname) [3ms]
2025-08-06 12:24:24.874 [info] > git status -z -uall [59ms]
2025-08-06 12:24:35.201 [info] > git rev-parse --show-toplevel [1ms]
2025-08-06 12:24:35.201 [info] fatal: not a git repository (or any of the parent directories): .git
2025-08-06 12:24:36.813 [info] > git config --get commit.template [4ms]
2025-08-06 12:24:36.814 [info] > git for-each-ref --format=%(refname)%00%(upstream:short)%00%(objectname)%00%(upstream:track)%00%(upstream:remotename)%00%(upstream:remoteref) refs/heads/main refs/remotes/main [1ms]
2025-08-06 12:24:36.830 [info] > git for-each-ref --sort -committerdate --format %(refname)%00%(objectname)%00%(*objectname) [4ms]
2025-08-06 12:24:36.874 [info] > git status -z -uall [56ms]
2025-08-06 12:25:07.333 [info] > git config --get commit.template [4ms]
2025-08-06 12:25:07.334 [info] > git for-each-ref --format=%(refname)%00%(upstream:short)%00%(objectname)%00%(upstream:track)%00%(upstream:remotename)%00%(upstream:remoteref) refs/heads/main refs/remotes/main [1ms]
2025-08-06 12:25:07.348 [info] > git for-each-ref --sort -committerdate --format %(refname)%00%(objectname)%00%(*objectname) [2ms]
2025-08-06 12:25:07.395 [info] > git status -z -uall [56ms]
2025-08-06 12:25:23.424 [info] > git rev-parse --show-toplevel [1ms]
2025-08-06 12:25:23.424 [info] fatal: not a git repository (or any of the parent directories): .git
2025-08-06 12:25:24.772 [info] > git config --get commit.template [17ms]
2025-08-06 12:25:24.775 [info] > git for-each-ref --format=%(refname)%00%(upstream:short)%00%(objectname)%00%(upstream:track)%00%(upstream:remotename)%00%(upstream:remoteref) refs/heads/main refs/remotes/main [5ms]
2025-08-06 12:25:24.821 [info] > git for-each-ref --sort -committerdate --format %(refname)%00%(objectname)%00%(*objectname) [11ms]
2025-08-06 12:25:24.876 [info] > git status -z -uall [86ms]
2025-08-06 12:25:35.162 [info] > git rev-parse --show-toplevel [3ms]
2025-08-06 12:25:35.163 [info] fatal: not a git repository (or any of the parent directories): .git
2025-08-06 12:25:36.495 [info] > git config --get commit.template [7ms]
2025-08-06 12:25:36.496 [info] > git for-each-ref --format=%(refname)%00%(upstream:short)%00%(objectname)%00%(upstream:track)%00%(upstream:remotename)%00%(upstream:remoteref) refs/heads/main refs/remotes/main [2ms]
2025-08-06 12:25:36.517 [info] > git for-each-ref --sort -committerdate --format %(refname)%00%(objectname)%00%(*objectname) [3ms]
2025-08-06 12:25:36.575 [info] > git status -z -uall [71ms]
2025-08-06 12:25:41.676 [info] > git config --get commit.template [5ms]
2025-08-06 12:25:41.677 [info] > git for-each-ref --format=%(refname)%00%(upstream:short)%00%(objectname)%00%(upstream:track)%00%(upstream:remotename)%00%(upstream:remoteref) refs/heads/main refs/remotes/main [2ms]
2025-08-06 12:25:41.690 [info] > git for-each-ref --sort -committerdate --format %(refname)%00%(objectname)%00%(*objectname) [1ms]
2025-08-06 12:25:41.737 [info] > git status -z -uall [56ms]
2025-08-06 12:25:48.471 [info] > git rev-parse --show-toplevel [1ms]
2025-08-06 12:25:48.471 [info] fatal: not a git repository (or any of the parent directories): .git
2025-08-06 12:25:49.856 [info] > git config --get commit.template [19ms]
2025-08-06 12:25:49.859 [info] > git for-each-ref --format=%(refname)%00%(upstream:short)%00%(objectname)%00%(upstream:track)%00%(upstream:remotename)%00%(upstream:remoteref) refs/heads/main refs/remotes/main [5ms]
2025-08-06 12:25:49.897 [info] > git for-each-ref --sort -committerdate --format %(refname)%00%(objectname)%00%(*objectname) [7ms]
2025-08-06 12:25:49.949 [info] > git status -z -uall [75ms]
2025-08-06 12:25:58.099 [info] > git config --get commit.template [16ms]
2025-08-06 12:25:58.102 [info] > git for-each-ref --format=%(refname)%00%(upstream:short)%00%(objectname)%00%(upstream:track)%00%(upstream:remotename)%00%(upstream:remoteref) refs/heads/main refs/remotes/main [4ms]
2025-08-06 12:25:58.139 [info] > git for-each-ref --sort -committerdate --format %(refname)%00%(objectname)%00%(*objectname) [6ms]
2025-08-06 12:25:58.193 [info] > git status -z -uall [76ms]
2025-08-06 12:26:07.340 [info] > git config --get commit.template [4ms]
2025-08-06 12:26:07.341 [info] > git for-each-ref --format=%(refname)%00%(upstream:short)%00%(objectname)%00%(upstream:track)%00%(upstream:remotename)%00%(upstream:remoteref) refs/heads/main refs/remotes/main [1ms]
2025-08-06 12:26:07.354 [info] > git for-each-ref --sort -committerdate --format %(refname)%00%(objectname)%00%(*objectname) [1ms]
2025-08-06 12:26:07.401 [info] > git status -z -uall [55ms]
2025-08-06 12:26:12.415 [info] > git config --get commit.template [5ms]
2025-08-06 12:26:12.415 [info] > git for-each-ref --format=%(refname)%00%(upstream:short)%00%(objectname)%00%(upstream:track)%00%(upstream:remotename)%00%(upstream:remoteref) refs/heads/main refs/remotes/main [1ms]
2025-08-06 12:26:12.427 [info] > git for-each-ref --sort -committerdate --format %(refname)%00%(objectname)%00%(*objectname) [2ms]
2025-08-06 12:26:12.476 [info] > git status -z -uall [56ms]
2025-08-06 12:26:21.856 [info] > git rev-parse --show-toplevel [1ms]
2025-08-06 12:26:21.856 [info] fatal: not a git repository (or any of the parent directories): .git
2025-08-06 12:26:23.194 [info] > git config --get commit.template [16ms]
2025-08-06 12:26:23.197 [info] > git for-each-ref --format=%(refname)%00%(upstream:short)%00%(objectname)%00%(upstream:track)%00%(upstream:remotename)%00%(upstream:remoteref) refs/heads/main refs/remotes/main [4ms]
2025-08-06 12:26:23.241 [info] > git for-each-ref --sort -committerdate --format %(refname)%00%(objectname)%00%(*objectname) [5ms]
2025-08-06 12:26:23.299 [info] > git status -z -uall [86ms]
2025-08-06 12:26:57.828 [info] > git rev-parse --show-toplevel [1ms]
2025-08-06 12:26:57.828 [info] fatal: not a git repository (or any of the parent directories): .git
2025-08-06 12:26:59.167 [info] > git config --get commit.template [18ms]
2025-08-06 12:26:59.170 [info] > git for-each-ref --format=%(refname)%00%(upstream:short)%00%(objectname)%00%(upstream:track)%00%(upstream:remotename)%00%(upstream:remoteref) refs/heads/main refs/remotes/main [4ms]
2025-08-06 12:26:59.194 [info] > git for-each-ref --sort -committerdate --format %(refname)%00%(objectname)%00%(*objectname) [7ms]
2025-08-06 12:26:59.244 [info] > git status -z -uall [65ms]
2025-08-06 12:27:02.959 [info] > git rev-parse --show-toplevel [1ms]
2025-08-06 12:27:02.959 [info] fatal: not a git repository (or any of the parent directories): .git
2025-08-06 12:27:04.320 [info] > git config --get commit.template [19ms]
2025-08-06 12:27:04.323 [info] > git for-each-ref --format=%(refname)%00%(upstream:short)%00%(objectname)%00%(upstream:track)%00%(upstream:remotename)%00%(upstream:remoteref) refs/heads/main refs/remotes/main [5ms]
2025-08-06 12:27:04.364 [info] > git for-each-ref --sort -committerdate --format %(refname)%00%(objectname)%00%(*objectname) [11ms]
2025-08-06 12:27:04.415 [info] > git status -z -uall [76ms]
2025-08-06 12:27:09.427 [info] > git config --get commit.template [1ms]
2025-08-06 12:27:09.432 [info] > git for-each-ref --format=%(refname)%00%(upstream:short)%00%(objectname)%00%(upstream:track)%00%(upstream:remotename)%00%(upstream:remoteref) refs/heads/main refs/remotes/main [1ms]
2025-08-06 12:27:09.449 [info] > git for-each-ref --sort -committerdate --format %(refname)%00%(objectname)%00%(*objectname) [5ms]
2025-08-06 12:27:09.493 [info] > git status -z -uall [56ms]
2025-08-06 12:27:10.562 [info] > git rev-parse --show-toplevel [2ms]
2025-08-06 12:27:10.562 [info] fatal: not a git repository (or any of the parent directories): .git
2025-08-06 12:27:13.726 [info] > git ls-files --stage -- alacritty/.config/alacritty/alacritty.toml [14ms]
2025-08-06 12:27:13.746 [info] > git cat-file -s e9717a9eceb3983c1a426ec2b3ca3ad4810214ba [5ms]
2025-08-06 12:27:13.774 [info] > git show --textconv :alacritty/.config/alacritty/alacritty.toml [10ms]
2025-08-06 12:27:14.047 [info] > git fetch [1535ms]
2025-08-06 12:27:14.084 [info] > git config --get commit.template [18ms]
2025-08-06 12:27:14.088 [info] > git for-each-ref --format=%(refname)%00%(upstream:short)%00%(objectname)%00%(upstream:track)%00%(upstream:remotename)%00%(upstream:remoteref) refs/heads/main refs/remotes/main [6ms]
2025-08-06 12:27:14.128 [info] > git for-each-ref --sort -committerdate --format %(refname)%00%(objectname)%00%(*objectname) [7ms]
2025-08-06 12:27:14.180 [info] > git status -z -uall [76ms]
2025-08-06 12:27:14.533 [info] > git config --get commit.template [18ms]
2025-08-06 12:27:14.535 [info] > git for-each-ref --format=%(refname)%00%(upstream:short)%00%(objectname)%00%(upstream:track)%00%(upstream:remotename)%00%(upstream:remoteref) refs/heads/main refs/remotes/main [5ms]
2025-08-06 12:27:14.570 [info] > git for-each-ref --sort -committerdate --format %(refname)%00%(objectname)%00%(*objectname) [3ms]
2025-08-06 12:27:14.624 [info] > git status -z -uall [72ms]
2025-08-06 12:27:15.181 [info] > git ls-files --stage -- alacritty/.config/alacritty/alacritty.toml [16ms]
2025-08-06 12:27:15.195 [info] > git cat-file -s e9717a9eceb3983c1a426ec2b3ca3ad4810214ba [4ms]
2025-08-06 12:27:15.220 [info] > git show --textconv :alacritty/.config/alacritty/alacritty.toml [12ms]
2025-08-06 12:27:22.233 [info] > git config --get commit.template [18ms]
2025-08-06 12:27:22.236 [info] > git for-each-ref --format=%(refname)%00%(upstream:short)%00%(objectname)%00%(upstream:track)%00%(upstream:remotename)%00%(upstream:remoteref) refs/heads/main refs/remotes/main [5ms]
2025-08-06 12:27:22.280 [info] > git for-each-ref --sort -committerdate --format %(refname)%00%(objectname)%00%(*objectname) [5ms]
2025-08-06 12:27:22.330 [info] > git status -z -uall [77ms]
2025-08-06 12:27:27.025 [info] > git check-ignore -v -z --stdin [5ms]
2025-08-06 12:27:27.351 [info] > git config --get commit.template [8ms]
2025-08-06 12:27:27.352 [info] > git for-each-ref --format=%(refname)%00%(upstream:short)%00%(objectname)%00%(upstream:track)%00%(upstream:remotename)%00%(upstream:remoteref) refs/heads/main refs/remotes/main [2ms]
2025-08-06 12:27:27.370 [info] > git for-each-ref --sort -committerdate --format %(refname)%00%(objectname)%00%(*objectname) [2ms]
2025-08-06 12:27:27.421 [info] > git status -z -uall [63ms]
2025-08-06 12:27:28.633 [info] > git check-ignore -v -z --stdin [45ms]
2025-08-06 12:27:31.769 [info] > git rev-parse --show-toplevel [1ms]
2025-08-06 12:27:31.769 [info] fatal: not a git repository (or any of the parent directories): .git
2025-08-06 12:27:32.445 [info] > git config --get commit.template [8ms]
2025-08-06 12:27:32.446 [info] > git for-each-ref --format=%(refname)%00%(upstream:short)%00%(objectname)%00%(upstream:track)%00%(upstream:remotename)%00%(upstream:remoteref) refs/heads/main refs/remotes/main [1ms]
2025-08-06 12:27:32.474 [info] > git for-each-ref --sort -committerdate --format %(refname)%00%(objectname)%00%(*objectname) [9ms]
2025-08-06 12:27:32.514 [info] > git status -z -uall [61ms]
2025-08-06 12:27:37.551 [info] > git config --get commit.template [18ms]
2025-08-06 12:27:37.555 [info] > git for-each-ref --format=%(refname)%00%(upstream:short)%00%(objectname)%00%(upstream:track)%00%(upstream:remotename)%00%(upstream:remoteref) refs/heads/main refs/remotes/main [6ms]
2025-08-06 12:27:37.590 [info] > git for-each-ref --sort -committerdate --format %(refname)%00%(objectname)%00%(*objectname) [7ms]
2025-08-06 12:27:37.638 [info] > git status -z -uall [71ms]
2025-08-06 12:27:48.589 [info] > git config --get commit.template [1ms]
2025-08-06 12:27:48.594 [info] > git for-each-ref --format=%(refname)%00%(upstream:short)%00%(objectname)%00%(upstream:track)%00%(upstream:remotename)%00%(upstream:remoteref) refs/heads/main refs/remotes/main [1ms]
2025-08-06 12:27:48.607 [info] > git for-each-ref --sort -committerdate --format %(refname)%00%(objectname)%00%(*objectname) [3ms]
2025-08-06 12:27:48.652 [info] > git status -z -uall [53ms]
2025-08-06 12:28:07.364 [info] > git config --get commit.template [4ms]
2025-08-06 12:28:07.364 [info] > git for-each-ref --format=%(refname)%00%(upstream:short)%00%(objectname)%00%(upstream:track)%00%(upstream:remotename)%00%(upstream:remoteref) refs/heads/main refs/remotes/main [1ms]
2025-08-06 12:28:07.380 [info] > git for-each-ref --sort -committerdate --format %(refname)%00%(objectname)%00%(*objectname) [5ms]
2025-08-06 12:28:07.426 [info] > git status -z -uall [57ms]
2025-08-06 12:28:12.465 [info] > git config --get commit.template [17ms]
2025-08-06 12:28:12.468 [info] > git for-each-ref --format=%(refname)%00%(upstream:short)%00%(objectname)%00%(upstream:track)%00%(upstream:remotename)%00%(upstream:remoteref) refs/heads/main refs/remotes/main [5ms]
2025-08-06 12:28:12.520 [info] > git for-each-ref --sort -committerdate --format %(refname)%00%(objectname)%00%(*objectname) [7ms]
2025-08-06 12:28:12.570 [info] > git status -z -uall [85ms]
2025-08-06 12:28:14.843 [info] > git rev-parse --show-toplevel [1ms]
2025-08-06 12:28:14.843 [info] fatal: not a git repository (or any of the parent directories): .git
2025-08-06 12:28:15.999 [info] > git log --format=%H%n%aN%n%aE%n%at%n%ct%n%P%n%D%n%B -z --shortstat --diff-merges=first-parent -n50 --skip=0 --topo-order --decorate=full --stdin [1193ms]
2025-08-06 12:28:17.610 [info] > git config --get commit.template [19ms]
2025-08-06 12:28:17.613 [info] > git for-each-ref --format=%(refname)%00%(upstream:short)%00%(objectname)%00%(upstream:track)%00%(upstream:remotename)%00%(upstream:remoteref) refs/heads/main refs/remotes/main [5ms]
2025-08-06 12:28:17.652 [info] > git for-each-ref --sort -committerdate --format %(refname)%00%(objectname)%00%(*objectname) [6ms]
2025-08-06 12:28:17.702 [info] > git status -z -uall [72ms]
2025-08-06 12:28:22.718 [info] > git config --get commit.template [4ms]
2025-08-06 12:28:22.719 [info] > git for-each-ref --format=%(refname)%00%(upstream:short)%00%(objectname)%00%(upstream:track)%00%(upstream:remotename)%00%(upstream:remoteref) refs/heads/main refs/remotes/main [1ms]
2025-08-06 12:28:22.738 [info] > git for-each-ref --sort -committerdate --format %(refname)%00%(objectname)%00%(*objectname) [3ms]
2025-08-06 12:28:22.782 [info] > git status -z -uall [57ms]
2025-08-06 12:28:27.798 [info] > git config --get commit.template [5ms]
2025-08-06 12:28:27.798 [info] > git for-each-ref --format=%(refname)%00%(upstream:short)%00%(objectname)%00%(upstream:track)%00%(upstream:remotename)%00%(upstream:remoteref) refs/heads/main refs/remotes/main [1ms]
2025-08-06 12:28:27.817 [info] > git for-each-ref --sort -committerdate --format %(refname)%00%(objectname)%00%(*objectname) [1ms]
2025-08-06 12:28:27.859 [info] > git status -z -uall [55ms]
2025-08-06 12:28:32.897 [info] > git config --get commit.template [18ms]
2025-08-06 12:28:32.900 [info] > git for-each-ref --format=%(refname)%00%(upstream:short)%00%(objectname)%00%(upstream:track)%00%(upstream:remotename)%00%(upstream:remoteref) refs/heads/main refs/remotes/main [5ms]
2025-08-06 12:28:32.938 [info] > git for-each-ref --sort -committerdate --format %(refname)%00%(objectname)%00%(*objectname) [7ms]
2025-08-06 12:28:32.989 [info] > git status -z -uall [73ms]
2025-08-06 12:28:38.015 [info] > git config --get commit.template [14ms]
2025-08-06 12:28:38.016 [info] > git for-each-ref --format=%(refname)%00%(upstream:short)%00%(objectname)%00%(upstream:track)%00%(upstream:remotename)%00%(upstream:remoteref) refs/heads/main refs/remotes/main [3ms]
2025-08-06 12:28:38.034 [info] > git for-each-ref --sort -committerdate --format %(refname)%00%(objectname)%00%(*objectname) [4ms]
2025-08-06 12:28:38.086 [info] > git status -z -uall [64ms]
2025-08-06 12:28:38.797 [info] > git check-ignore -v -z --stdin [40ms]
2025-08-06 12:28:48.456 [info] > git config --get commit.template [7ms]
2025-08-06 12:28:48.457 [info] > git for-each-ref --format=%(refname)%00%(upstream:short)%00%(objectname)%00%(upstream:track)%00%(upstream:remotename)%00%(upstream:remoteref) refs/heads/main refs/remotes/main [2ms]
2025-08-06 12:28:48.479 [info] > git for-each-ref --sort -committerdate --format %(refname)%00%(objectname)%00%(*objectname) [3ms]
2025-08-06 12:28:48.530 [info] > git status -z -uall [66ms]
2025-08-06 12:28:50.437 [info] > git check-ignore -v -z --stdin [37ms]
2025-08-06 12:28:53.561 [info] > git config --get commit.template [12ms]
2025-08-06 12:28:53.562 [info] > git for-each-ref --format=%(refname)%00%(upstream:short)%00%(objectname)%00%(upstream:track)%00%(upstream:remotename)%00%(upstream:remoteref) refs/heads/main refs/remotes/main [2ms]
2025-08-06 12:28:53.588 [info] > git for-each-ref --sort -committerdate --format %(refname)%00%(objectname)%00%(*objectname) [8ms]
2025-08-06 12:28:53.631 [info] > git status -z -uall [60ms]
2025-08-06 12:28:58.645 [info] > git config --get commit.template [5ms]
2025-08-06 12:28:58.646 [info] > git for-each-ref --format=%(refname)%00%(upstream:short)%00%(objectname)%00%(upstream:track)%00%(upstream:remotename)%00%(upstream:remoteref) refs/heads/main refs/remotes/main [1ms]
2025-08-06 12:28:58.659 [info] > git for-each-ref --sort -committerdate --format %(refname)%00%(objectname)%00%(*objectname) [2ms]
2025-08-06 12:28:58.705 [info] > git status -z -uall [54ms]
2025-08-06 12:29:03.742 [info] > git config --get commit.template [18ms]
2025-08-06 12:29:03.745 [info] > git for-each-ref --format=%(refname)%00%(upstream:short)%00%(objectname)%00%(upstream:track)%00%(upstream:remotename)%00%(upstream:remoteref) refs/heads/main refs/remotes/main [4ms]
2025-08-06 12:29:03.783 [info] > git for-each-ref --sort -committerdate --format %(refname)%00%(objectname)%00%(*objectname) [4ms]
2025-08-06 12:29:03.839 [info] > git status -z -uall [77ms]
