2025-08-06 11:42:13.021 [info] Reading sessions from keychain...
2025-08-06 11:42:13.021 [info] Getting sessions for all scopes...
2025-08-06 11:42:13.021 [info] Got 0 sessions for ...
2025-08-06 11:42:13.021 [info] Getting sessions for all scopes...
2025-08-06 11:42:13.021 [info] Got 0 sessions for ...
2025-08-06 11:42:13.021 [info] Getting sessions for all scopes...
2025-08-06 11:42:13.021 [info] Got 0 sessions for ...
2025-08-06 11:42:13.021 [info] Getting sessions for read:user,repo,user:email,workflow...
2025-08-06 11:42:13.021 [info] Got 0 sessions for read:user,repo,user:email,workflow...
2025-08-06 11:42:13.554 [info] Getting sessions for all scopes...
2025-08-06 11:42:13.554 [info] Got 0 sessions for ...
2025-08-06 11:42:13.555 [info] Getting sessions for all scopes...
2025-08-06 11:42:13.555 [info] Got 0 sessions for ...
2025-08-06 11:42:13.556 [info] Getting sessions for all scopes...
2025-08-06 11:42:13.556 [info] Got 0 sessions for ...
2025-08-06 11:43:48.291 [info] Getting sessions for all scopes...
2025-08-06 11:43:48.291 [info] Got 0 sessions for ...
2025-08-06 11:44:00.849 [info] Getting sessions for read:user,repo,user:email,workflow...
2025-08-06 11:44:00.849 [info] Got 0 sessions for read:user,repo,user:email,workflow...
2025-08-06 11:44:53.867 [info] Reading sessions from keychain...
2025-08-06 11:44:53.867 [info] Getting sessions for all scopes...
2025-08-06 11:44:53.867 [info] Got 0 sessions for ...
2025-08-06 11:44:53.867 [info] Getting sessions for all scopes...
2025-08-06 11:44:53.867 [info] Got 0 sessions for ...
2025-08-06 11:44:53.867 [info] Getting sessions for all scopes...
2025-08-06 11:44:53.867 [info] Got 0 sessions for ...
2025-08-06 11:44:53.867 [info] Getting sessions for all scopes...
2025-08-06 11:44:53.867 [info] Got 0 sessions for ...
2025-08-06 11:44:53.867 [info] Getting sessions for all scopes...
2025-08-06 11:44:53.867 [info] Got 0 sessions for ...
2025-08-06 11:44:55.380 [info] Getting sessions for read:user,repo,user:email,workflow...
2025-08-06 11:44:55.380 [info] Got 0 sessions for read:user,repo,user:email,workflow...
