2025-08-06 11:46:34.088 [info] [main] Log level: Info
2025-08-06 11:46:34.088 [info] [main] Validating found git in: "git"
2025-08-06 11:46:34.088 [info] [main] Using git "2.50.1" from "git"
2025-08-06 11:46:34.088 [info] [Model][doInitialScan] Initial repository scan started
2025-08-06 11:46:34.088 [info] > git rev-parse --show-toplevel [9ms]
2025-08-06 11:46:34.088 [info] > git rev-parse --git-dir --git-common-dir [2ms]
2025-08-06 11:46:34.088 [info] [Model][openRepository] Opened repository (path): /home/hubert/.dotfiles
2025-08-06 11:46:34.088 [info] [Model][openRepository] Opened repository (real path): /home/hubert/.dotfiles
2025-08-06 11:46:34.088 [info] > git rev-parse --show-toplevel [2ms]
2025-08-06 11:46:34.088 [info] fatal: not a git repository (or any of the parent directories): .git
2025-08-06 11:46:34.088 [info] > git config --get commit.template [7ms]
2025-08-06 11:46:34.088 [info] > git rev-parse --show-toplevel [8ms]
2025-08-06 11:46:34.088 [info] fatal: not a git repository (or any of the parent directories): .git
2025-08-06 11:46:34.088 [info] > git for-each-ref --format=%(refname)%00%(upstream:short)%00%(objectname)%00%(upstream:track)%00%(upstream:remotename)%00%(upstream:remoteref) refs/heads/main refs/remotes/main [3ms]
2025-08-06 11:46:34.149 [info] > git for-each-ref --sort -committerdate --format %(refname)%00%(objectname)%00%(*objectname) [16ms]
2025-08-06 11:46:34.163 [info] > git rev-parse --show-toplevel [1ms]
2025-08-06 11:46:34.163 [info] fatal: not a git repository (or any of the parent directories): .git
2025-08-06 11:46:34.169 [info] > git rev-parse --show-toplevel [1ms]
2025-08-06 11:46:34.169 [info] fatal: not a git repository (or any of the parent directories): .git
2025-08-06 11:46:34.175 [info] > git rev-parse --show-toplevel [1ms]
2025-08-06 11:46:34.175 [info] fatal: not a git repository (or any of the parent directories): .git
2025-08-06 11:46:34.181 [info] > git rev-parse --show-toplevel [2ms]
2025-08-06 11:46:34.181 [info] fatal: not a git repository (or any of the parent directories): .git
2025-08-06 11:46:34.187 [info] > git rev-parse --show-toplevel [1ms]
2025-08-06 11:46:34.187 [info] fatal: not a git repository (or any of the parent directories): .git
2025-08-06 11:46:34.258 [info] > git rev-parse --show-toplevel [66ms]
2025-08-06 11:46:34.258 [info] fatal: not a git repository (or any of the parent directories): .git
2025-08-06 11:46:34.329 [info] > git rev-parse --show-toplevel [20ms]
2025-08-06 11:46:34.329 [info] fatal: not a git repository (or any of the parent directories): .git
2025-08-06 11:46:34.333 [info] > git status -z -uall [206ms]
2025-08-06 11:46:34.333 [info] > git check-ignore -v -z --stdin [14ms]
2025-08-06 11:46:34.419 [info] > git for-each-ref --format=%(refname)%00%(upstream:short)%00%(objectname)%00%(upstream:track)%00%(upstream:remotename)%00%(upstream:remoteref) refs/heads/main refs/remotes/main [14ms]
2025-08-06 11:46:34.423 [info] > git rev-parse --show-toplevel [90ms]
2025-08-06 11:46:34.423 [info] fatal: not a git repository (or any of the parent directories): .git
2025-08-06 11:46:34.442 [info] > git config --get --local branch.main.vscode-merge-base [19ms]
2025-08-06 11:46:34.447 [info] > git config --get commit.template [29ms]
2025-08-06 11:46:34.448 [info] > git for-each-ref --format=%(refname)%00%(upstream:short)%00%(objectname)%00%(upstream:track)%00%(upstream:remotename)%00%(upstream:remoteref) refs/heads/origin/main refs/remotes/origin/main [1ms]
2025-08-06 11:46:34.454 [info] > git rev-parse --show-toplevel [13ms]
2025-08-06 11:46:34.454 [info] fatal: not a git repository (or any of the parent directories): .git
2025-08-06 11:46:35.016 [info] > git merge-base refs/heads/main refs/remotes/origin/main [563ms]
2025-08-06 11:46:35.025 [info] > git diff --name-status -z --diff-filter=ADMR 49fd4d12dcc52a542d810ffc80663887ccdfac93...refs/remotes/origin/main [4ms]
2025-08-06 11:46:35.026 [info] > git rev-parse --show-toplevel [30ms]
2025-08-06 11:46:35.026 [info] fatal: not a git repository (or any of the parent directories): .git
2025-08-06 11:46:35.026 [info] > git for-each-ref --format=%(refname)%00%(upstream:short)%00%(objectname)%00%(upstream:track)%00%(upstream:remotename)%00%(upstream:remoteref) refs/heads/main refs/remotes/main [38ms]
2025-08-06 11:46:35.032 [info] > git rev-parse --show-toplevel [1ms]
2025-08-06 11:46:35.032 [info] fatal: not a git repository (or any of the parent directories): .git
2025-08-06 11:46:35.052 [info] > git rev-parse --show-toplevel [13ms]
2025-08-06 11:46:35.052 [info] fatal: not a git repository (or any of the parent directories): .git
2025-08-06 11:46:35.065 [info] > git for-each-ref --sort -committerdate --format %(refname)%00%(objectname)%00%(*objectname) [14ms]
2025-08-06 11:46:35.066 [info] > git rev-parse --show-toplevel [2ms]
2025-08-06 11:46:35.066 [info] fatal: not a git repository (or any of the parent directories): .git
2025-08-06 11:46:35.074 [info] > git rev-parse --show-toplevel [1ms]
2025-08-06 11:46:35.074 [info] fatal: not a git repository (or any of the parent directories): .git
2025-08-06 11:46:35.082 [info] > git rev-parse --show-toplevel [2ms]
2025-08-06 11:46:35.082 [info] fatal: not a git repository (or any of the parent directories): .git
2025-08-06 11:46:35.088 [info] > git rev-parse --show-toplevel [1ms]
2025-08-06 11:46:35.088 [info] fatal: not a git repository (or any of the parent directories): .git
2025-08-06 11:46:35.097 [info] > git rev-parse --show-toplevel [2ms]
2025-08-06 11:46:35.097 [info] fatal: not a git repository (or any of the parent directories): .git
2025-08-06 11:46:35.102 [info] > git rev-parse --show-toplevel [1ms]
2025-08-06 11:46:35.102 [info] fatal: not a git repository (or any of the parent directories): .git
2025-08-06 11:46:35.108 [info] > git rev-parse --show-toplevel [1ms]
2025-08-06 11:46:35.108 [info] fatal: not a git repository (or any of the parent directories): .git
2025-08-06 11:46:35.113 [info] > git rev-parse --show-toplevel [1ms]
2025-08-06 11:46:35.113 [info] fatal: not a git repository (or any of the parent directories): .git
2025-08-06 11:46:35.118 [info] > git rev-parse --show-toplevel [1ms]
2025-08-06 11:46:35.118 [info] fatal: not a git repository (or any of the parent directories): .git
2025-08-06 11:46:35.123 [info] > git rev-parse --show-toplevel [0ms]
2025-08-06 11:46:35.123 [info] fatal: not a git repository (or any of the parent directories): .git
2025-08-06 11:46:35.129 [info] > git rev-parse --show-toplevel [1ms]
2025-08-06 11:46:35.129 [info] fatal: not a git repository (or any of the parent directories): .git
2025-08-06 11:46:35.134 [info] > git rev-parse --show-toplevel [1ms]
2025-08-06 11:46:35.134 [info] fatal: not a git repository (or any of the parent directories): .git
2025-08-06 11:46:35.140 [info] > git rev-parse --show-toplevel [1ms]
2025-08-06 11:46:35.140 [info] fatal: not a git repository (or any of the parent directories): .git
2025-08-06 11:46:35.146 [info] > git rev-parse --show-toplevel [2ms]
2025-08-06 11:46:35.146 [info] fatal: not a git repository (or any of the parent directories): .git
2025-08-06 11:46:35.150 [info] > git status -z -uall [105ms]
2025-08-06 11:46:35.199 [info] > git rev-parse --show-toplevel [50ms]
2025-08-06 11:46:35.199 [info] fatal: not a git repository (or any of the parent directories): .git
2025-08-06 11:46:35.206 [info] > git rev-parse --show-toplevel [2ms]
2025-08-06 11:46:35.206 [info] fatal: not a git repository (or any of the parent directories): .git
2025-08-06 11:46:35.228 [info] > git rev-parse --show-toplevel [18ms]
2025-08-06 11:46:35.228 [info] fatal: not a git repository (or any of the parent directories): .git
2025-08-06 11:46:35.237 [info] > git rev-parse --show-toplevel [2ms]
2025-08-06 11:46:35.237 [info] fatal: not a git repository (or any of the parent directories): .git
2025-08-06 11:46:35.242 [info] > git rev-parse --show-toplevel [1ms]
2025-08-06 11:46:35.247 [info] > git rev-parse --show-toplevel [1ms]
2025-08-06 11:46:35.252 [info] > git rev-parse --show-toplevel [1ms]
2025-08-06 11:46:35.256 [info] > git rev-parse --show-toplevel [1ms]
2025-08-06 11:46:35.790 [info] > git rev-parse --show-toplevel [531ms]
2025-08-06 11:46:35.790 [info] > git fetch [1995ms]
2025-08-06 11:46:35.806 [info] > git rev-parse --show-toplevel [4ms]
2025-08-06 11:46:35.811 [info] > git config --get commit.template [5ms]
2025-08-06 11:46:35.815 [info] > git rev-parse --show-toplevel [4ms]
2025-08-06 11:46:35.819 [info] > git for-each-ref --format=%(refname)%00%(upstream:short)%00%(objectname)%00%(upstream:track)%00%(upstream:remotename)%00%(upstream:remoteref) refs/heads/main refs/remotes/main [4ms]
2025-08-06 11:46:35.832 [info] > git rev-parse --show-toplevel [13ms]
2025-08-06 11:46:35.843 [info] > git for-each-ref --sort -committerdate --format %(refname)%00%(objectname)%00%(*objectname) [12ms]
2025-08-06 11:46:35.844 [info] > git rev-parse --show-toplevel [2ms]
2025-08-06 11:46:35.854 [info] > git rev-parse --show-toplevel [2ms]
2025-08-06 11:46:35.861 [info] > git rev-parse --show-toplevel [1ms]
2025-08-06 11:46:35.867 [info] > git rev-parse --show-toplevel [1ms]
2025-08-06 11:46:35.872 [info] > git rev-parse --show-toplevel [1ms]
2025-08-06 11:46:35.877 [info] > git rev-parse --show-toplevel [1ms]
2025-08-06 11:46:35.882 [info] > git rev-parse --show-toplevel [0ms]
2025-08-06 11:46:35.887 [info] > git rev-parse --show-toplevel [1ms]
2025-08-06 11:46:35.891 [info] > git rev-parse --show-toplevel [0ms]
2025-08-06 11:46:35.896 [info] > git rev-parse --show-toplevel [1ms]
2025-08-06 11:46:35.901 [info] > git rev-parse --show-toplevel [1ms]
2025-08-06 11:46:35.906 [info] > git rev-parse --show-toplevel [1ms]
2025-08-06 11:46:35.912 [info] > git rev-parse --show-toplevel [2ms]
2025-08-06 11:46:35.917 [info] > git status -z -uall [91ms]
2025-08-06 11:46:35.958 [info] > git rev-parse --show-toplevel [41ms]
2025-08-06 11:46:35.966 [info] > git rev-parse --show-toplevel [3ms]
2025-08-06 11:46:35.971 [info] > git rev-parse --show-toplevel [1ms]
2025-08-06 11:46:35.976 [info] > git rev-parse --show-toplevel [1ms]
2025-08-06 11:46:35.980 [info] > git rev-parse --show-toplevel [0ms]
2025-08-06 11:46:35.985 [info] > git rev-parse --show-toplevel [1ms]
2025-08-06 11:46:35.990 [info] > git rev-parse --show-toplevel [1ms]
2025-08-06 11:46:35.994 [info] > git rev-parse --show-toplevel [1ms]
2025-08-06 11:46:35.999 [info] > git rev-parse --show-toplevel [1ms]
2025-08-06 11:46:36.003 [info] > git rev-parse --show-toplevel [1ms]
2025-08-06 11:46:36.008 [info] > git rev-parse --show-toplevel [1ms]
2025-08-06 11:46:36.013 [info] > git rev-parse --show-toplevel [1ms]
2025-08-06 11:46:36.017 [info] > git rev-parse --show-toplevel [1ms]
2025-08-06 11:46:36.022 [info] > git rev-parse --show-toplevel [1ms]
2025-08-06 11:46:36.557 [info] > git rev-parse --show-toplevel [531ms]
