2025-08-06 11:46:12.445 [info] Extension host with pid 6374 started
2025-08-06 11:46:12.445 [info] Skipping acquiring lock for /home/hubert/.config/VSCodium/User/workspaceStorage/b912bb2efd1d02e05e5444214864e7f3.
2025-08-06 11:46:12.517 [info] ExtensionService#_doActivateExtension vscode.git-base, startup: true, activationEvent: '*', root cause: vscode.git
2025-08-06 11:46:12.524 [info] ExtensionService#_doActivateExtension yzhang.markdown-all-in-one, startup: true, activationEvent: 'workspaceContains:README.md'
2025-08-06 11:46:12.651 [info] ExtensionService#_doActivateExtension vscode.markdown-math, startup: false, activationEvent: 'api', root cause: yzhang.markdown-all-in-one
2025-08-06 11:46:12.658 [info] ExtensionService#_doActivateExtension vscode.git, startup: true, activationEvent: '*'
2025-08-06 11:46:12.699 [info] ExtensionService#_doActivateExtension vscode.github, startup: true, activationEvent: '*'
2025-08-06 11:46:12.816 [info] ExtensionService#_doActivateExtension vscode.emmet, startup: false, activationEvent: 'onLanguage'
2025-08-06 11:46:12.853 [info] Eager extensions activated
2025-08-06 11:46:12.858 [info] ExtensionService#_doActivateExtension vscode.debug-auto-launch, startup: false, activationEvent: 'onStartupFinished'
2025-08-06 11:46:12.860 [info] ExtensionService#_doActivateExtension vscode.merge-conflict, startup: false, activationEvent: 'onStartupFinished'
2025-08-06 11:46:12.876 [info] ExtensionService#_doActivateExtension Catppuccin.catppuccin-vsc, startup: false, activationEvent: 'onStartupFinished'
2025-08-06 11:46:12.881 [info] ExtensionService#_doActivateExtension Catppuccin.catppuccin-vsc-icons, startup: false, activationEvent: 'onStartupFinished'
2025-08-06 11:46:12.989 [info] ExtensionService#_doActivateExtension esbenp.prettier-vscode, startup: false, activationEvent: 'onStartupFinished'
2025-08-06 11:46:13.057 [info] ExtensionService#_doActivateExtension naumovs.color-highlight, startup: false, activationEvent: 'onStartupFinished'
2025-08-06 11:46:13.065 [info] ExtensionService#_doActivateExtension PKief.material-icon-theme, startup: false, activationEvent: 'onStartupFinished'
2025-08-06 11:46:13.177 [info] ExtensionService#_doActivateExtension vscode.configuration-editing, startup: false, activationEvent: 'onLanguage:jsonc'
2025-08-06 11:46:13.187 [info] ExtensionService#_doActivateExtension vscode.json-language-features, startup: false, activationEvent: 'onLanguage:jsonc'
2025-08-06 11:46:13.243 [info] ExtensionService#_doActivateExtension vscode.typescript-language-features, startup: false, activationEvent: 'onLanguage:jsonc'
2025-08-06 11:46:13.372 [warning] [Decorations] CAPPING events from decorations provider vscode.git 5948
2025-08-06 11:46:14.157 [warning] [Decorations] CAPPING events from decorations provider vscode.git 5949
2025-08-06 11:46:14.180 [info] ExtensionService#_doActivateExtension vscode.github-authentication, startup: false, activationEvent: 'onAuthenticationRequest:github'
2025-08-06 11:46:14.945 [warning] [Decorations] CAPPING events from decorations provider vscode.git 5956
2025-08-06 11:46:21.466 [warning] [Decorations] CAPPING events from decorations provider vscode.git 5956
2025-08-06 11:46:26.590 [warning] [Decorations] CAPPING events from decorations provider vscode.git 5950
2025-08-06 11:46:30.242 [info] Extension host terminating: renderer closed the MessagePort
2025-08-06 11:46:30.255 [info] Extension host with pid 6374 exiting with code 0
