2025-08-06 11:41:47.464 [info] Extension host with pid 4314 started
2025-08-06 11:41:47.485 [info] ExtensionService#_doActivateExtension vscode.git-base, startup: true, activationEvent: '*', root cause: vscode.git
2025-08-06 11:41:47.493 [info] ExtensionService#_doActivateExtension vscode.git, startup: true, activationEvent: '*'
2025-08-06 11:41:47.542 [info] ExtensionService#_doActivateExtension vscode.github, startup: true, activationEvent: '*'
2025-08-06 11:41:47.636 [info] Eager extensions activated
2025-08-06 11:41:47.638 [info] ExtensionService#_doActivateExtension vscode.debug-auto-launch, startup: false, activationEvent: 'onStartupFinished'
2025-08-06 11:41:47.639 [info] ExtensionService#_doActivateExtension vscode.merge-conflict, startup: false, activationEvent: 'onStartupFinished'
2025-08-06 11:41:47.655 [info] ExtensionService#_doActivateExtension Catppuccin.catppuccin-vsc, startup: false, activationEvent: 'onStartupFinished'
2025-08-06 11:41:47.660 [info] ExtensionService#_doActivateExtension Catppuccin.catppuccin-vsc-icons, startup: false, activationEvent: 'onStartupFinished'
2025-08-06 11:41:47.763 [info] ExtensionService#_doActivateExtension esbenp.prettier-vscode, startup: false, activationEvent: 'onStartupFinished'
2025-08-06 11:41:47.830 [info] ExtensionService#_doActivateExtension naumovs.color-highlight, startup: false, activationEvent: 'onStartupFinished'
2025-08-06 11:41:47.839 [info] ExtensionService#_doActivateExtension PKief.material-icon-theme, startup: false, activationEvent: 'onStartupFinished'
2025-08-06 11:41:47.930 [info] ExtensionService#_doActivateExtension vscode.configuration-editing, startup: false, activationEvent: 'onLanguage:jsonc'
2025-08-06 11:41:47.938 [info] ExtensionService#_doActivateExtension vscode.json-language-features, startup: false, activationEvent: 'onLanguage:jsonc'
2025-08-06 11:41:47.987 [info] ExtensionService#_doActivateExtension vscode.typescript-language-features, startup: false, activationEvent: 'onLanguage:jsonc'
2025-08-06 11:41:48.030 [info] ExtensionService#_doActivateExtension vscode.emmet, startup: false, activationEvent: 'onLanguage'
2025-08-06 11:42:10.280 [info] Extension host terminating: renderer closed the MessagePort
2025-08-06 11:42:10.289 [info] Extension host with pid 4314 exiting with code 0
2025-08-06 11:42:11.294 [info] Extension host with pid 4431 started
2025-08-06 11:42:11.294 [info] Skipping acquiring lock for /home/hubert/.config/VSCodium/User/workspaceStorage/24d80720a1baa955b6c4cee24eabc2ce.
2025-08-06 11:42:11.313 [info] ExtensionService#_doActivateExtension vscode.git-base, startup: true, activationEvent: '*', root cause: vscode.git
2025-08-06 11:42:11.318 [info] ExtensionService#_doActivateExtension yzhang.markdown-all-in-one, startup: true, activationEvent: 'workspaceContains:README.md'
2025-08-06 11:42:11.463 [info] ExtensionService#_doActivateExtension vscode.markdown-math, startup: false, activationEvent: 'api', root cause: yzhang.markdown-all-in-one
2025-08-06 11:42:11.472 [info] ExtensionService#_doActivateExtension vscode.git, startup: true, activationEvent: '*'
2025-08-06 11:42:11.515 [info] ExtensionService#_doActivateExtension vscode.github, startup: true, activationEvent: '*'
2025-08-06 11:42:11.630 [info] ExtensionService#_doActivateExtension vscode.emmet, startup: false, activationEvent: 'onLanguage'
2025-08-06 11:42:11.667 [info] Eager extensions activated
2025-08-06 11:42:11.670 [info] ExtensionService#_doActivateExtension vscode.debug-auto-launch, startup: false, activationEvent: 'onStartupFinished'
2025-08-06 11:42:11.672 [info] ExtensionService#_doActivateExtension vscode.merge-conflict, startup: false, activationEvent: 'onStartupFinished'
2025-08-06 11:42:11.690 [info] ExtensionService#_doActivateExtension Catppuccin.catppuccin-vsc, startup: false, activationEvent: 'onStartupFinished'
2025-08-06 11:42:11.696 [info] ExtensionService#_doActivateExtension Catppuccin.catppuccin-vsc-icons, startup: false, activationEvent: 'onStartupFinished'
2025-08-06 11:42:11.805 [info] ExtensionService#_doActivateExtension esbenp.prettier-vscode, startup: false, activationEvent: 'onStartupFinished'
2025-08-06 11:42:11.874 [info] ExtensionService#_doActivateExtension naumovs.color-highlight, startup: false, activationEvent: 'onStartupFinished'
2025-08-06 11:42:11.882 [info] ExtensionService#_doActivateExtension PKief.material-icon-theme, startup: false, activationEvent: 'onStartupFinished'
2025-08-06 11:42:12.013 [info] ExtensionService#_doActivateExtension vscode.configuration-editing, startup: false, activationEvent: 'onLanguage:jsonc'
2025-08-06 11:42:12.020 [info] ExtensionService#_doActivateExtension vscode.json-language-features, startup: false, activationEvent: 'onLanguage:jsonc'
2025-08-06 11:42:12.073 [info] ExtensionService#_doActivateExtension vscode.typescript-language-features, startup: false, activationEvent: 'onLanguage:jsonc'
2025-08-06 11:42:12.201 [warning] [Decorations] CAPPING events from decorations provider vscode.git 5827
2025-08-06 11:42:12.962 [warning] [Decorations] CAPPING events from decorations provider vscode.git 5827
2025-08-06 11:42:12.983 [info] ExtensionService#_doActivateExtension vscode.github-authentication, startup: false, activationEvent: 'onAuthenticationRequest:github'
2025-08-06 11:42:13.761 [warning] [Decorations] CAPPING events from decorations provider vscode.git 5829
2025-08-06 11:42:19.334 [warning] [Decorations] CAPPING events from decorations provider vscode.git 5829
2025-08-06 11:42:24.457 [warning] [Decorations] CAPPING events from decorations provider vscode.git 5827
2025-08-06 11:42:29.618 [warning] [Decorations] CAPPING events from decorations provider vscode.git 5827
2025-08-06 11:42:34.768 [warning] [Decorations] CAPPING events from decorations provider vscode.git 5827
2025-08-06 11:42:39.894 [warning] [Decorations] CAPPING events from decorations provider vscode.git 5827
2025-08-06 11:42:45.033 [warning] [Decorations] CAPPING events from decorations provider vscode.git 5827
2025-08-06 11:42:50.165 [warning] [Decorations] CAPPING events from decorations provider vscode.git 5827
2025-08-06 11:42:55.306 [warning] [Decorations] CAPPING events from decorations provider vscode.git 5827
2025-08-06 11:43:00.445 [warning] [Decorations] CAPPING events from decorations provider vscode.git 5827
2025-08-06 11:43:05.599 [warning] [Decorations] CAPPING events from decorations provider vscode.git 5827
2025-08-06 11:43:10.795 [warning] [Decorations] CAPPING events from decorations provider vscode.git 5852
2025-08-06 11:43:15.956 [warning] [Decorations] CAPPING events from decorations provider vscode.git 5865
2025-08-06 11:43:21.145 [warning] [Decorations] CAPPING events from decorations provider vscode.git 5915
2025-08-06 11:43:26.338 [warning] [Decorations] CAPPING events from decorations provider vscode.git 5915
2025-08-06 11:43:31.469 [warning] [Decorations] CAPPING events from decorations provider vscode.git 5915
2025-08-06 11:43:36.596 [warning] [Decorations] CAPPING events from decorations provider vscode.git 5915
2025-08-06 11:43:41.727 [warning] [Decorations] CAPPING events from decorations provider vscode.git 5915
2025-08-06 11:43:46.853 [warning] [Decorations] CAPPING events from decorations provider vscode.git 5916
2025-08-06 11:43:51.987 [warning] [Decorations] CAPPING events from decorations provider vscode.git 5919
2025-08-06 11:43:57.170 [warning] [Decorations] CAPPING events from decorations provider vscode.git 5919
2025-08-06 11:44:02.299 [warning] [Decorations] CAPPING events from decorations provider vscode.git 5920
2025-08-06 11:44:07.427 [warning] [Decorations] CAPPING events from decorations provider vscode.git 5920
2025-08-06 11:44:12.547 [warning] [Decorations] CAPPING events from decorations provider vscode.git 5920
2025-08-06 11:44:17.681 [warning] [Decorations] CAPPING events from decorations provider vscode.git 5920
2025-08-06 11:44:22.846 [warning] [Decorations] CAPPING events from decorations provider vscode.git 5920
2025-08-06 11:44:28.024 [warning] [Decorations] CAPPING events from decorations provider vscode.git 5920
2025-08-06 11:44:33.145 [warning] [Decorations] CAPPING events from decorations provider vscode.git 5920
2025-08-06 11:44:38.267 [warning] [Decorations] CAPPING events from decorations provider vscode.git 5920
2025-08-06 11:44:43.396 [warning] [Decorations] CAPPING events from decorations provider vscode.git 5920
2025-08-06 11:44:48.573 [warning] [Decorations] CAPPING events from decorations provider vscode.git 5920
2025-08-06 11:44:52.773 [info] Extension host terminating: renderer closed the MessagePort
2025-08-06 11:44:52.790 [info] Extension host with pid 4431 exiting with code 0
2025-08-06 11:44:53.592 [info] Extension host with pid 5446 started
2025-08-06 11:44:53.592 [info] Skipping acquiring lock for /home/hubert/.config/VSCodium/User/workspaceStorage/b912bb2efd1d02e05e5444214864e7f3.
2025-08-06 11:44:53.603 [info] ExtensionService#_doActivateExtension vscode.emmet, startup: false, activationEvent: 'onLanguage'
2025-08-06 11:44:53.621 [info] ExtensionService#_doActivateExtension vscode.configuration-editing, startup: false, activationEvent: 'onLanguage:jsonc'
2025-08-06 11:44:53.629 [info] ExtensionService#_doActivateExtension vscode.json-language-features, startup: false, activationEvent: 'onLanguage:jsonc'
2025-08-06 11:44:53.686 [info] ExtensionService#_doActivateExtension vscode.typescript-language-features, startup: false, activationEvent: 'onLanguage:jsonc'
2025-08-06 11:44:53.733 [info] ExtensionService#_doActivateExtension vscode.github-authentication, startup: false, activationEvent: 'onAuthenticationRequest:github'
2025-08-06 11:44:53.753 [info] ExtensionService#_doActivateExtension vscode.extension-editing, startup: false, activationEvent: 'onLanguage:json'
2025-08-06 11:44:53.766 [info] ExtensionService#_doActivateExtension vscode.npm, startup: false, activationEvent: 'onLanguage:json'
2025-08-06 11:44:54.086 [info] ExtensionService#_doActivateExtension vscode.git-base, startup: true, activationEvent: '*', root cause: vscode.git
2025-08-06 11:44:54.088 [info] ExtensionService#_doActivateExtension yzhang.markdown-all-in-one, startup: true, activationEvent: 'workspaceContains:README.md'
2025-08-06 11:44:54.193 [info] ExtensionService#_doActivateExtension vscode.markdown-math, startup: false, activationEvent: 'api', root cause: yzhang.markdown-all-in-one
2025-08-06 11:44:54.201 [info] ExtensionService#_doActivateExtension vscode.git, startup: true, activationEvent: '*'
2025-08-06 11:44:54.238 [info] ExtensionService#_doActivateExtension vscode.github, startup: true, activationEvent: '*'
2025-08-06 11:44:54.396 [info] Eager extensions activated
2025-08-06 11:44:54.408 [info] ExtensionService#_doActivateExtension vscode.debug-auto-launch, startup: false, activationEvent: 'onStartupFinished'
2025-08-06 11:44:54.409 [info] ExtensionService#_doActivateExtension vscode.merge-conflict, startup: false, activationEvent: 'onStartupFinished'
2025-08-06 11:44:54.427 [info] ExtensionService#_doActivateExtension Catppuccin.catppuccin-vsc, startup: false, activationEvent: 'onStartupFinished'
2025-08-06 11:44:54.431 [info] ExtensionService#_doActivateExtension Catppuccin.catppuccin-vsc-icons, startup: false, activationEvent: 'onStartupFinished'
2025-08-06 11:44:54.541 [info] ExtensionService#_doActivateExtension esbenp.prettier-vscode, startup: false, activationEvent: 'onStartupFinished'
2025-08-06 11:44:54.618 [info] ExtensionService#_doActivateExtension naumovs.color-highlight, startup: false, activationEvent: 'onStartupFinished'
2025-08-06 11:44:54.626 [info] ExtensionService#_doActivateExtension PKief.material-icon-theme, startup: false, activationEvent: 'onStartupFinished'
2025-08-06 11:44:54.733 [warning] [Decorations] CAPPING events from decorations provider vscode.git 5927
2025-08-06 11:44:55.365 [warning] [Decorations] CAPPING events from decorations provider vscode.git 5928
2025-08-06 11:44:56.114 [warning] [Decorations] CAPPING events from decorations provider vscode.git 5928
2025-08-06 11:44:57.826 [warning] [Decorations] CAPPING events from decorations provider vscode.git 5928
2025-08-06 11:45:02.951 [warning] [Decorations] CAPPING events from decorations provider vscode.git 5928
2025-08-06 11:45:08.109 [warning] [Decorations] CAPPING events from decorations provider vscode.git 5928
2025-08-06 11:45:13.225 [warning] [Decorations] CAPPING events from decorations provider vscode.git 5928
2025-08-06 11:45:18.353 [warning] [Decorations] CAPPING events from decorations provider vscode.git 5928
2025-08-06 11:45:23.530 [warning] [Decorations] CAPPING events from decorations provider vscode.git 5928
2025-08-06 11:45:24.867 [info] Extension host terminating: renderer closed the MessagePort
2025-08-06 11:45:24.881 [info] Extension host with pid 5446 exiting with code 0
