2025-08-06 11:49:52.902 [info] [main] Log level: Info
2025-08-06 11:49:52.902 [info] [main] Validating found git in: "git"
2025-08-06 11:49:52.902 [info] [main] Using git "2.50.1" from "git"
2025-08-06 11:49:52.902 [info] [Model][doInitialScan] Initial repository scan started
2025-08-06 11:49:52.902 [info] > git rev-parse --show-toplevel [12ms]
2025-08-06 11:49:52.902 [info] > git rev-parse --git-dir --git-common-dir [1ms]
2025-08-06 11:49:52.902 [info] [Model][openRepository] Opened repository (path): /home/hubert/.dotfiles
2025-08-06 11:49:52.902 [info] [Model][openRepository] Opened repository (real path): /home/hubert/.dotfiles
2025-08-06 11:49:52.902 [info] > git rev-parse --show-toplevel [3ms]
2025-08-06 11:49:52.902 [info] fatal: not a git repository (or any of the parent directories): .git
2025-08-06 11:49:52.902 [info] > git config --get commit.template [8ms]
2025-08-06 11:49:52.902 [info] > git for-each-ref --format=%(refname)%00%(upstream:short)%00%(objectname)%00%(upstream:track)%00%(upstream:remotename)%00%(upstream:remoteref) refs/heads/main refs/remotes/main [8ms]
2025-08-06 11:49:53.164 [info] > git for-each-ref --sort -committerdate --format %(refname)%00%(objectname)%00%(*objectname) [12ms]
2025-08-06 11:49:53.180 [info] > git rev-parse --show-toplevel [1ms]
2025-08-06 11:49:53.181 [info] fatal: not a git repository (or any of the parent directories): .git
2025-08-06 11:49:53.187 [info] > git rev-parse --show-toplevel [2ms]
2025-08-06 11:49:53.187 [info] fatal: not a git repository (or any of the parent directories): .git
2025-08-06 11:49:53.194 [info] > git rev-parse --show-toplevel [2ms]
2025-08-06 11:49:53.194 [info] fatal: not a git repository (or any of the parent directories): .git
2025-08-06 11:49:53.201 [info] > git rev-parse --show-toplevel [1ms]
2025-08-06 11:49:53.201 [info] fatal: not a git repository (or any of the parent directories): .git
2025-08-06 11:49:53.325 [info] > git status -z -uall [180ms]
2025-08-06 11:49:53.335 [info] > git rev-parse --show-toplevel [129ms]
2025-08-06 11:49:53.335 [info] fatal: not a git repository (or any of the parent directories): .git
2025-08-06 11:49:53.354 [info] > git for-each-ref --format=%(refname)%00%(upstream:short)%00%(objectname)%00%(upstream:track)%00%(upstream:remotename)%00%(upstream:remoteref) refs/heads/main refs/remotes/main [20ms]
2025-08-06 11:49:53.366 [info] > git config --get --local branch.main.vscode-merge-base [8ms]
2025-08-06 11:49:53.370 [info] > git rev-parse --show-toplevel [17ms]
2025-08-06 11:49:53.370 [info] fatal: not a git repository (or any of the parent directories): .git
2025-08-06 11:49:53.370 [info] > git config --get commit.template [20ms]
2025-08-06 11:49:53.374 [info] > git check-ignore -v -z --stdin [12ms]
2025-08-06 11:49:53.375 [info] > git for-each-ref --format=%(refname)%00%(upstream:short)%00%(objectname)%00%(upstream:track)%00%(upstream:remotename)%00%(upstream:remoteref) refs/heads/origin/main refs/remotes/origin/main [5ms]
2025-08-06 11:49:53.391 [info] > git rev-parse --show-toplevel [17ms]
2025-08-06 11:49:53.391 [info] fatal: not a git repository (or any of the parent directories): .git
2025-08-06 11:49:53.405 [info] > git for-each-ref --format=%(refname)%00%(upstream:short)%00%(objectname)%00%(upstream:track)%00%(upstream:remotename)%00%(upstream:remoteref) refs/heads/main refs/remotes/main [22ms]
2025-08-06 11:49:53.405 [info] > git merge-base refs/heads/main refs/remotes/origin/main [26ms]
2025-08-06 11:49:53.416 [info] > git rev-parse --show-toplevel [12ms]
2025-08-06 11:49:53.416 [info] fatal: not a git repository (or any of the parent directories): .git
2025-08-06 11:49:53.421 [info] > git diff --name-status -z --diff-filter=ADMR c1132723236aaa7573b28ed75cc9243d04387ce3...refs/remotes/origin/main [12ms]
2025-08-06 11:49:53.422 [info] > git rev-parse --show-toplevel [2ms]
2025-08-06 11:49:53.422 [info] fatal: not a git repository (or any of the parent directories): .git
2025-08-06 11:49:53.456 [info] > git for-each-ref --sort -committerdate --format %(refname)%00%(objectname)%00%(*objectname) [24ms]
2025-08-06 11:49:53.457 [info] > git rev-parse --show-toplevel [2ms]
2025-08-06 11:49:53.457 [info] fatal: not a git repository (or any of the parent directories): .git
2025-08-06 11:49:53.462 [info] > git rev-parse --show-toplevel [1ms]
2025-08-06 11:49:53.462 [info] fatal: not a git repository (or any of the parent directories): .git
2025-08-06 11:49:53.467 [info] > git rev-parse --show-toplevel [1ms]
2025-08-06 11:49:53.467 [info] fatal: not a git repository (or any of the parent directories): .git
2025-08-06 11:49:53.473 [info] > git rev-parse --show-toplevel [1ms]
2025-08-06 11:49:53.473 [info] fatal: not a git repository (or any of the parent directories): .git
2025-08-06 11:49:53.478 [info] > git rev-parse --show-toplevel [1ms]
2025-08-06 11:49:53.478 [info] fatal: not a git repository (or any of the parent directories): .git
2025-08-06 11:49:53.484 [info] > git rev-parse --show-toplevel [1ms]
2025-08-06 11:49:53.484 [info] fatal: not a git repository (or any of the parent directories): .git
2025-08-06 11:49:53.490 [info] > git rev-parse --show-toplevel [1ms]
2025-08-06 11:49:53.490 [info] fatal: not a git repository (or any of the parent directories): .git
2025-08-06 11:49:53.496 [info] > git rev-parse --show-toplevel [1ms]
2025-08-06 11:49:53.496 [info] fatal: not a git repository (or any of the parent directories): .git
2025-08-06 11:49:53.501 [info] > git rev-parse --show-toplevel [0ms]
2025-08-06 11:49:53.501 [info] fatal: not a git repository (or any of the parent directories): .git
2025-08-06 11:49:53.505 [info] > git rev-parse --show-toplevel [1ms]
2025-08-06 11:49:53.505 [info] fatal: not a git repository (or any of the parent directories): .git
2025-08-06 11:49:53.511 [info] > git rev-parse --show-toplevel [1ms]
2025-08-06 11:49:53.511 [info] fatal: not a git repository (or any of the parent directories): .git
2025-08-06 11:49:53.515 [info] > git rev-parse --show-toplevel [1ms]
2025-08-06 11:49:53.515 [info] fatal: not a git repository (or any of the parent directories): .git
2025-08-06 11:49:53.519 [info] > git status -z -uall [93ms]
2025-08-06 11:49:53.523 [info] > git rev-parse --show-toplevel [4ms]
2025-08-06 11:49:53.523 [info] fatal: not a git repository (or any of the parent directories): .git
2025-08-06 11:49:53.529 [info] > git rev-parse --show-toplevel [1ms]
2025-08-06 11:49:53.529 [info] fatal: not a git repository (or any of the parent directories): .git
2025-08-06 11:49:53.557 [info] > git rev-parse --show-toplevel [3ms]
2025-08-06 11:49:53.557 [info] fatal: not a git repository (or any of the parent directories): .git
2025-08-06 11:49:53.564 [info] > git rev-parse --show-toplevel [1ms]
2025-08-06 11:49:53.564 [info] fatal: not a git repository (or any of the parent directories): .git
2025-08-06 11:49:53.570 [info] > git rev-parse --show-toplevel [1ms]
2025-08-06 11:49:53.570 [info] fatal: not a git repository (or any of the parent directories): .git
2025-08-06 11:49:53.576 [info] > git rev-parse --show-toplevel [2ms]
2025-08-06 11:49:53.576 [info] fatal: not a git repository (or any of the parent directories): .git
2025-08-06 11:49:53.589 [info] > git rev-parse --show-toplevel [9ms]
2025-08-06 11:49:53.589 [info] fatal: not a git repository (or any of the parent directories): .git
2025-08-06 11:49:53.596 [info] > git rev-parse --show-toplevel [3ms]
2025-08-06 11:49:53.596 [info] fatal: not a git repository (or any of the parent directories): .git
2025-08-06 11:49:53.602 [info] > git rev-parse --show-toplevel [1ms]
2025-08-06 11:49:53.602 [info] fatal: not a git repository (or any of the parent directories): .git
2025-08-06 11:49:53.607 [info] > git rev-parse --show-toplevel [0ms]
2025-08-06 11:49:53.612 [info] > git rev-parse --show-toplevel [1ms]
2025-08-06 11:49:53.617 [info] > git rev-parse --show-toplevel [2ms]
2025-08-06 11:49:53.626 [info] > git rev-parse --show-toplevel [6ms]
2025-08-06 11:49:53.631 [info] > git rev-parse --show-toplevel [1ms]
2025-08-06 11:49:53.636 [info] > git rev-parse --show-toplevel [1ms]
2025-08-06 11:49:53.641 [info] > git rev-parse --show-toplevel [1ms]
2025-08-06 11:49:53.646 [info] > git rev-parse --show-toplevel [1ms]
2025-08-06 11:49:53.651 [info] > git rev-parse --show-toplevel [1ms]
2025-08-06 11:49:53.655 [info] > git rev-parse --show-toplevel [0ms]
2025-08-06 11:49:53.661 [info] > git rev-parse --show-toplevel [1ms]
2025-08-06 11:49:53.665 [info] > git rev-parse --show-toplevel [1ms]
2025-08-06 11:49:53.670 [info] > git rev-parse --show-toplevel [1ms]
2025-08-06 11:49:53.674 [info] > git rev-parse --show-toplevel [0ms]
2025-08-06 11:49:53.679 [info] > git rev-parse --show-toplevel [0ms]
2025-08-06 11:49:53.684 [info] > git rev-parse --show-toplevel [1ms]
2025-08-06 11:49:53.688 [info] > git rev-parse --show-toplevel [0ms]
2025-08-06 11:49:53.693 [info] > git rev-parse --show-toplevel [1ms]
2025-08-06 11:49:53.697 [info] > git rev-parse --show-toplevel [1ms]
2025-08-06 11:49:53.701 [info] > git rev-parse --show-toplevel [1ms]
2025-08-06 11:49:53.706 [info] > git rev-parse --show-toplevel [1ms]
2025-08-06 11:49:53.710 [info] > git rev-parse --show-toplevel [1ms]
2025-08-06 11:49:53.714 [info] > git rev-parse --show-toplevel [1ms]
2025-08-06 11:49:53.718 [info] > git rev-parse --show-toplevel [1ms]
2025-08-06 11:49:53.722 [info] > git rev-parse --show-toplevel [0ms]
2025-08-06 11:49:53.727 [info] > git rev-parse --show-toplevel [1ms]
2025-08-06 11:49:53.731 [info] > git rev-parse --show-toplevel [1ms]
2025-08-06 11:49:53.735 [info] > git rev-parse --show-toplevel [1ms]
2025-08-06 11:49:53.740 [info] > git rev-parse --show-toplevel [1ms]
2025-08-06 11:49:53.744 [info] > git rev-parse --show-toplevel [1ms]
2025-08-06 11:49:53.748 [info] > git rev-parse --show-toplevel [1ms]
2025-08-06 11:49:53.752 [info] > git rev-parse --show-toplevel [1ms]
2025-08-06 11:49:53.757 [info] > git rev-parse --show-toplevel [1ms]
2025-08-06 11:49:53.761 [info] > git rev-parse --show-toplevel [1ms]
2025-08-06 11:49:53.766 [info] > git rev-parse --show-toplevel [1ms]
2025-08-06 11:49:53.770 [info] > git rev-parse --show-toplevel [1ms]
2025-08-06 11:49:53.775 [info] > git rev-parse --show-toplevel [1ms]
2025-08-06 11:49:53.779 [info] > git rev-parse --show-toplevel [1ms]
2025-08-06 11:49:53.783 [info] > git rev-parse --show-toplevel [1ms]
2025-08-06 11:49:53.787 [info] > git rev-parse --show-toplevel [1ms]
2025-08-06 11:49:53.791 [info] > git rev-parse --show-toplevel [0ms]
2025-08-06 11:49:53.796 [info] > git rev-parse --show-toplevel [1ms]
2025-08-06 11:49:53.801 [info] > git rev-parse --show-toplevel [1ms]
2025-08-06 11:49:53.805 [info] > git rev-parse --show-toplevel [0ms]
2025-08-06 11:49:53.810 [info] > git rev-parse --show-toplevel [1ms]
2025-08-06 11:49:53.815 [info] > git rev-parse --show-toplevel [1ms]
2025-08-06 11:49:53.820 [info] > git rev-parse --show-toplevel [1ms]
2025-08-06 11:49:53.824 [info] > git rev-parse --show-toplevel [1ms]
2025-08-06 11:49:53.829 [info] > git rev-parse --show-toplevel [1ms]
2025-08-06 11:49:53.834 [info] > git rev-parse --show-toplevel [1ms]
2025-08-06 11:49:53.838 [info] > git rev-parse --show-toplevel [1ms]
2025-08-06 11:49:53.843 [info] > git rev-parse --show-toplevel [1ms]
2025-08-06 11:49:53.847 [info] > git rev-parse --show-toplevel [1ms]
2025-08-06 11:49:53.852 [info] > git rev-parse --show-toplevel [1ms]
2025-08-06 11:49:53.856 [info] > git rev-parse --show-toplevel [1ms]
2025-08-06 11:49:53.861 [info] > git rev-parse --show-toplevel [1ms]
2025-08-06 11:49:53.866 [info] > git rev-parse --show-toplevel [1ms]
2025-08-06 11:49:53.870 [info] > git rev-parse --show-toplevel [1ms]
2025-08-06 11:49:53.876 [info] > git rev-parse --show-toplevel [1ms]
2025-08-06 11:49:53.880 [info] > git rev-parse --show-toplevel [1ms]
2025-08-06 11:49:53.885 [info] > git rev-parse --show-toplevel [1ms]
2025-08-06 11:49:53.889 [info] > git rev-parse --show-toplevel [1ms]
2025-08-06 11:49:53.894 [info] > git rev-parse --show-toplevel [1ms]
2025-08-06 11:49:53.898 [info] > git rev-parse --show-toplevel [0ms]
2025-08-06 11:49:53.903 [info] > git rev-parse --show-toplevel [1ms]
2025-08-06 11:49:53.908 [info] > git rev-parse --show-toplevel [1ms]
2025-08-06 11:49:53.913 [info] > git rev-parse --show-toplevel [1ms]
2025-08-06 11:49:53.917 [info] > git rev-parse --show-toplevel [1ms]
2025-08-06 11:49:53.922 [info] > git rev-parse --show-toplevel [1ms]
2025-08-06 11:49:53.927 [info] > git rev-parse --show-toplevel [1ms]
2025-08-06 11:49:53.927 [info] [Model][doInitialScan] Initial repository scan completed - repositories (1), closed repositories (0), parent repositories (0), unsafe repositories (0)
2025-08-06 11:49:54.294 [info] > git rev-parse --show-toplevel [0ms]
2025-08-06 11:49:54.294 [info] fatal: not a git repository (or any of the parent directories): .git
2025-08-06 11:49:54.406 [info] > git fetch [1583ms]
2025-08-06 11:49:54.414 [info] > git config --get commit.template [4ms]
2025-08-06 11:49:54.415 [info] > git for-each-ref --format=%(refname)%00%(upstream:short)%00%(objectname)%00%(upstream:track)%00%(upstream:remotename)%00%(upstream:remoteref) refs/heads/main refs/remotes/main [1ms]
2025-08-06 11:49:54.428 [info] > git for-each-ref --sort -committerdate --format %(refname)%00%(objectname)%00%(*objectname) [4ms]
2025-08-06 11:49:54.490 [info] > git status -z -uall [71ms]
2025-08-06 11:49:56.100 [info] > git check-ignore -v -z --stdin [50ms]
2025-08-06 11:49:58.728 [info] > git check-ignore -v -z --stdin [14ms]
2025-08-06 11:49:59.419 [info] > git check-ignore -v -z --stdin [23ms]
2025-08-06 11:50:00.256 [info] > git check-ignore -v -z --stdin [27ms]
2025-08-06 11:50:01.717 [info] > git check-ignore -v -z --stdin [7ms]
2025-08-06 11:50:03.527 [info] > git check-ignore -v -z --stdin [26ms]
2025-08-06 11:50:04.289 [info] > git config --get commit.template [18ms]
2025-08-06 11:50:04.292 [info] > git for-each-ref --format=%(refname)%00%(upstream:short)%00%(objectname)%00%(upstream:track)%00%(upstream:remotename)%00%(upstream:remoteref) refs/heads/main refs/remotes/main [5ms]
2025-08-06 11:50:04.328 [info] > git for-each-ref --sort -committerdate --format %(refname)%00%(objectname)%00%(*objectname) [5ms]
2025-08-06 11:50:04.403 [info] > git status -z -uall [96ms]
2025-08-06 11:50:06.086 [info] > git check-ignore -v -z --stdin [17ms]
2025-08-06 11:50:07.828 [info] > git check-ignore -v -z --stdin [17ms]
