2025-11-08 10:17:24.497 [info] [main] Log level: Info
2025-11-08 10:17:24.497 [info] [main] Validating found git in: "git"
2025-11-08 10:17:24.497 [info] [main] Using git "2.51.2" from "git"
2025-11-08 10:17:24.497 [info] [Model][doInitialScan] Initial repository scan started
2025-11-08 10:17:24.497 [info] > git rev-parse --show-toplevel [5ms]
2025-11-08 10:17:24.497 [info] fatal: not a git repository (or any of the parent directories): .git
2025-11-08 10:17:24.497 [info] > git rev-parse --show-toplevel [2ms]
2025-11-08 10:17:24.497 [info] fatal: not a git repository (or any of the parent directories): .git
2025-11-08 10:17:24.497 [info] > git rev-parse --show-toplevel [2ms]
2025-11-08 10:17:24.497 [info] fatal: not a git repository (or any of the parent directories): .git
2025-11-08 10:17:24.497 [info] > git rev-parse --show-toplevel [2ms]
2025-11-08 10:17:24.497 [info] fatal: not a git repository (or any of the parent directories): .git
2025-11-08 10:17:24.497 [info] > git rev-parse --show-toplevel [1ms]
2025-11-08 10:17:24.497 [info] fatal: not a git repository (or any of the parent directories): .git
2025-11-08 10:17:24.497 [info] > git rev-parse --show-toplevel [3ms]
2025-11-08 10:17:24.497 [info] fatal: not a git repository (or any of the parent directories): .git
2025-11-08 10:17:24.497 [info] > git rev-parse --show-toplevel [0ms]
2025-11-08 10:17:24.497 [info] fatal: not a git repository (or any of the parent directories): .git
2025-11-08 10:17:24.497 [info] > git rev-parse --show-toplevel [1ms]
2025-11-08 10:17:24.497 [info] fatal: not a git repository (or any of the parent directories): .git
2025-11-08 10:17:24.497 [info] > git rev-parse --show-toplevel [1ms]
2025-11-08 10:17:24.497 [info] fatal: not a git repository (or any of the parent directories): .git
2025-11-08 10:17:24.497 [info] > git rev-parse --show-toplevel [9ms]
2025-11-08 10:17:24.497 [info] fatal: not a git repository (or any of the parent directories): .git
2025-11-08 10:17:24.498 [info] > git rev-parse --show-toplevel [1ms]
2025-11-08 10:17:24.498 [info] fatal: not a git repository (or any of the parent directories): .git
2025-11-08 10:17:24.503 [info] > git rev-parse --show-toplevel [2ms]
2025-11-08 10:17:24.503 [info] fatal: not a git repository (or any of the parent directories): .git
2025-11-08 10:17:24.507 [info] > git rev-parse --show-toplevel [1ms]
2025-11-08 10:17:24.507 [info] fatal: not a git repository (or any of the parent directories): .git
2025-11-08 10:17:24.511 [info] > git rev-parse --show-toplevel [1ms]
2025-11-08 10:17:24.511 [info] fatal: not a git repository (or any of the parent directories): .git
2025-11-08 10:17:24.515 [info] > git rev-parse --show-toplevel [1ms]
2025-11-08 10:17:24.515 [info] fatal: not a git repository (or any of the parent directories): .git
2025-11-08 10:17:24.518 [info] > git rev-parse --show-toplevel [1ms]
2025-11-08 10:17:24.518 [info] fatal: not a git repository (or any of the parent directories): .git
2025-11-08 10:17:24.522 [info] > git rev-parse --show-toplevel [1ms]
2025-11-08 10:17:24.522 [info] fatal: not a git repository (or any of the parent directories): .git
2025-11-08 10:17:24.525 [info] > git rev-parse --show-toplevel [1ms]
2025-11-08 10:17:24.525 [info] fatal: not a git repository (or any of the parent directories): .git
2025-11-08 10:17:24.529 [info] > git rev-parse --show-toplevel [1ms]
2025-11-08 10:17:24.529 [info] fatal: not a git repository (or any of the parent directories): .git
2025-11-08 10:17:24.533 [info] > git rev-parse --show-toplevel [1ms]
2025-11-08 10:17:24.533 [info] fatal: not a git repository (or any of the parent directories): .git
2025-11-08 10:17:24.541 [info] > git rev-parse --show-toplevel [3ms]
2025-11-08 10:17:24.541 [info] fatal: not a git repository (or any of the parent directories): .git
2025-11-08 10:17:24.911 [info] > git rev-parse --show-toplevel [45ms]
2025-11-08 10:17:24.911 [info] fatal: not a git repository (or any of the parent directories): .git
2025-11-08 10:17:24.918 [info] > git rev-parse --show-toplevel [2ms]
2025-11-08 10:17:24.918 [info] fatal: not a git repository (or any of the parent directories): .git
2025-11-08 10:17:24.922 [info] > git rev-parse --show-toplevel [1ms]
2025-11-08 10:17:24.922 [info] fatal: not a git repository (or any of the parent directories): .git
2025-11-08 10:17:24.926 [info] > git rev-parse --show-toplevel [1ms]
2025-11-08 10:17:24.926 [info] fatal: not a git repository (or any of the parent directories): .git
2025-11-08 10:17:24.930 [info] > git rev-parse --show-toplevel [1ms]
2025-11-08 10:17:24.930 [info] fatal: not a git repository (or any of the parent directories): .git
2025-11-08 10:17:24.934 [info] > git rev-parse --show-toplevel [0ms]
2025-11-08 10:17:24.934 [info] fatal: not a git repository (or any of the parent directories): .git
2025-11-08 10:17:24.938 [info] > git rev-parse --show-toplevel [1ms]
2025-11-08 10:17:24.938 [info] fatal: not a git repository (or any of the parent directories): .git
2025-11-08 10:17:24.943 [info] > git rev-parse --show-toplevel [1ms]
2025-11-08 10:17:24.943 [info] fatal: not a git repository (or any of the parent directories): .git
2025-11-08 10:17:24.947 [info] > git rev-parse --show-toplevel [1ms]
2025-11-08 10:17:24.947 [info] fatal: not a git repository (or any of the parent directories): .git
2025-11-08 10:17:24.951 [info] > git rev-parse --show-toplevel [0ms]
2025-11-08 10:17:24.951 [info] fatal: not a git repository (or any of the parent directories): .git
2025-11-08 10:17:25.085 [info] > git rev-parse --show-toplevel [130ms]
2025-11-08 10:17:25.085 [info] fatal: not a git repository (or any of the parent directories): .git
2025-11-08 10:17:25.110 [info] > git rev-parse --show-toplevel [1ms]
2025-11-08 10:17:25.110 [info] fatal: not a git repository (or any of the parent directories): .git
2025-11-08 10:17:25.129 [info] > git rev-parse --show-toplevel [16ms]
2025-11-08 10:17:25.129 [info] fatal: not a git repository (or any of the parent directories): .git
2025-11-08 10:17:25.134 [info] > git rev-parse --show-toplevel [2ms]
2025-11-08 10:17:25.134 [info] fatal: not a git repository (or any of the parent directories): .git
2025-11-08 10:17:25.138 [info] > git rev-parse --show-toplevel [1ms]
2025-11-08 10:17:25.138 [info] fatal: not a git repository (or any of the parent directories): .git
2025-11-08 10:17:25.142 [info] > git rev-parse --show-toplevel [0ms]
2025-11-08 10:17:25.142 [info] fatal: not a git repository (or any of the parent directories): .git
2025-11-08 10:17:25.145 [info] > git rev-parse --show-toplevel [1ms]
2025-11-08 10:17:25.145 [info] fatal: not a git repository (or any of the parent directories): .git
2025-11-08 10:17:25.149 [info] > git rev-parse --show-toplevel [1ms]
2025-11-08 10:17:25.149 [info] fatal: not a git repository (or any of the parent directories): .git
2025-11-08 10:17:25.150 [info] [Model][doInitialScan] Initial repository scan completed - repositories (0), closed repositories (0), parent repositories (0), unsafe repositories (0)
2025-11-08 10:17:25.154 [info] > git rev-parse --show-toplevel [1ms]
2025-11-08 10:17:25.154 [info] fatal: not a git repository (or any of the parent directories): .git
2025-11-08 10:17:25.966 [info] > git rev-parse --show-toplevel [1ms]
2025-11-08 10:17:25.966 [info] fatal: not a git repository (or any of the parent directories): .git
