2025-08-10 02:43:15.431 [info] [main] Log level: Info
2025-08-10 02:43:15.431 [info] [main] Validating found git in: "git"
2025-08-10 02:43:15.431 [info] [main] Using git "2.50.1" from "git"
2025-08-10 02:43:15.431 [info] [Model][doInitialScan] Initial repository scan started
2025-08-10 02:43:15.431 [info] > git rev-parse --show-toplevel [8ms]
2025-08-10 02:43:15.431 [info] fatal: not a git repository (or any of the parent directories): .git
2025-08-10 02:43:15.431 [info] > git rev-parse --show-toplevel [3ms]
2025-08-10 02:43:15.431 [info] > git rev-parse --git-dir --git-common-dir [1ms]
2025-08-10 02:43:15.431 [info] [Model][openRepository] Opened repository (path): /home/hubert/Pobrane/.hydedots
2025-08-10 02:43:15.431 [info] [Model][openRepository] Opened repository (real path): /home/hubert/Pobrane/.hydedots
2025-08-10 02:43:15.431 [info] > git rev-parse --show-toplevel [4ms]
2025-08-10 02:43:15.431 [info] > git config --get commit.template [9ms]
2025-08-10 02:43:15.431 [info] > git rev-parse --show-toplevel [15ms]
2025-08-10 02:43:15.431 [info] > git for-each-ref --format=%(refname)%00%(upstream:short)%00%(objectname)%00%(upstream:track)%00%(upstream:remotename)%00%(upstream:remoteref) refs/heads/main refs/remotes/main [14ms]
2025-08-10 02:43:15.432 [info] > git rev-parse --show-toplevel [19ms]
2025-08-10 02:43:15.449 [info] > git rev-parse --show-toplevel [13ms]
2025-08-10 02:43:15.692 [info] > git status -z -uall [250ms]
2025-08-10 02:43:15.693 [info] > git for-each-ref --sort -committerdate --format %(refname)%00%(objectname)%00%(*objectname) [245ms]
2025-08-10 02:43:15.760 [info] > git for-each-ref --format=%(refname)%00%(upstream:short)%00%(objectname)%00%(upstream:track)%00%(upstream:remotename)%00%(upstream:remoteref) refs/heads/main refs/remotes/main [48ms]
2025-08-10 02:43:15.764 [info] > git rev-parse --show-toplevel [73ms]
2025-08-10 02:43:15.765 [info] > git fetch [398ms]
2025-08-10 02:43:15.779 [info] > git config --get --local branch.main.vscode-merge-base [15ms]
2025-08-10 02:43:15.784 [info] > git config --get commit.template [26ms]
2025-08-10 02:43:15.785 [info] > git config --get commit.template [8ms]
2025-08-10 02:43:15.785 [info] > git rev-parse --show-toplevel [12ms]
2025-08-10 02:43:15.795 [info] > git for-each-ref --format=%(refname)%00%(upstream:short)%00%(objectname)%00%(upstream:track)%00%(upstream:remotename)%00%(upstream:remoteref) refs/heads/origin/main refs/remotes/origin/main [11ms]
2025-08-10 02:43:15.807 [info] > git rev-parse --show-toplevel [13ms]
2025-08-10 02:43:15.807 [info] > git for-each-ref --format=%(refname)%00%(upstream:short)%00%(objectname)%00%(upstream:track)%00%(upstream:remotename)%00%(upstream:remoteref) refs/heads/main refs/remotes/main [18ms]
2025-08-10 02:43:15.813 [info] > git for-each-ref --format=%(refname)%00%(upstream:short)%00%(objectname)%00%(upstream:track)%00%(upstream:remotename)%00%(upstream:remoteref) refs/heads/main refs/remotes/main [8ms]
2025-08-10 02:43:15.813 [info] > git merge-base refs/heads/main refs/remotes/origin/main [13ms]
2025-08-10 02:43:15.820 [info] > git rev-parse --show-toplevel [8ms]
2025-08-10 02:43:15.821 [info] > git diff --name-status -z --diff-filter=ADMR 7aa9562946e61503f4bd4c039ddb14ce062c372a...refs/remotes/origin/main [2ms]
2025-08-10 02:43:15.839 [info] > git rev-parse --show-toplevel [13ms]
2025-08-10 02:43:15.839 [info] fatal: not a git repository (or any of the parent directories): .git
2025-08-10 02:43:15.957 [info] > git status -z -uall [123ms]
2025-08-10 02:43:15.957 [info] > git for-each-ref --sort -committerdate --format %(refname)%00%(objectname)%00%(*objectname) [118ms]
2025-08-10 02:43:15.979 [info] > git rev-parse --show-toplevel [27ms]
2025-08-10 02:43:15.979 [info] fatal: not a git repository (or any of the parent directories): .git
2025-08-10 02:43:16.001 [info] > git check-ignore -v -z --stdin [37ms]
2025-08-10 02:43:16.004 [info] > git rev-parse --show-toplevel [3ms]
2025-08-10 02:43:16.004 [info] fatal: not a git repository (or any of the parent directories): .git
2025-08-10 02:43:16.025 [info] > git rev-parse --show-toplevel [10ms]
2025-08-10 02:43:16.025 [info] fatal: not a git repository (or any of the parent directories): .git
2025-08-10 02:43:16.032 [info] > git rev-parse --show-toplevel [2ms]
2025-08-10 02:43:16.032 [info] fatal: not a git repository (or any of the parent directories): .git
2025-08-10 02:43:16.038 [info] > git rev-parse --show-toplevel [1ms]
2025-08-10 02:43:16.038 [info] fatal: not a git repository (or any of the parent directories): .git
2025-08-10 02:43:16.043 [info] > git rev-parse --show-toplevel [1ms]
2025-08-10 02:43:16.043 [info] fatal: not a git repository (or any of the parent directories): .git
2025-08-10 02:43:16.048 [info] > git rev-parse --show-toplevel [0ms]
2025-08-10 02:43:16.048 [info] fatal: not a git repository (or any of the parent directories): .git
2025-08-10 02:43:16.052 [info] > git rev-parse --show-toplevel [1ms]
2025-08-10 02:43:16.052 [info] fatal: not a git repository (or any of the parent directories): .git
2025-08-10 02:43:16.058 [info] > git rev-parse --show-toplevel [2ms]
2025-08-10 02:43:16.058 [info] fatal: not a git repository (or any of the parent directories): .git
2025-08-10 02:43:16.063 [info] > git rev-parse --show-toplevel [1ms]
2025-08-10 02:43:16.063 [info] fatal: not a git repository (or any of the parent directories): .git
2025-08-10 02:43:16.068 [info] > git rev-parse --show-toplevel [1ms]
2025-08-10 02:43:16.068 [info] fatal: not a git repository (or any of the parent directories): .git
2025-08-10 02:43:16.073 [info] > git rev-parse --show-toplevel [1ms]
2025-08-10 02:43:16.073 [info] fatal: not a git repository (or any of the parent directories): .git
2025-08-10 02:43:16.077 [info] > git rev-parse --show-toplevel [1ms]
2025-08-10 02:43:16.077 [info] fatal: not a git repository (or any of the parent directories): .git
2025-08-10 02:43:16.082 [info] > git rev-parse --show-toplevel [1ms]
2025-08-10 02:43:16.082 [info] fatal: not a git repository (or any of the parent directories): .git
2025-08-10 02:43:16.087 [info] > git rev-parse --show-toplevel [1ms]
2025-08-10 02:43:16.087 [info] fatal: not a git repository (or any of the parent directories): .git
2025-08-10 02:43:16.092 [info] > git rev-parse --show-toplevel [1ms]
2025-08-10 02:43:16.092 [info] fatal: not a git repository (or any of the parent directories): .git
2025-08-10 02:43:16.097 [info] > git rev-parse --show-toplevel [1ms]
2025-08-10 02:43:16.097 [info] fatal: not a git repository (or any of the parent directories): .git
2025-08-10 02:43:16.102 [info] > git rev-parse --show-toplevel [1ms]
2025-08-10 02:43:16.102 [info] fatal: not a git repository (or any of the parent directories): .git
2025-08-10 02:43:16.106 [info] > git rev-parse --show-toplevel [1ms]
2025-08-10 02:43:16.106 [info] fatal: not a git repository (or any of the parent directories): .git
2025-08-10 02:43:16.111 [info] > git rev-parse --show-toplevel [1ms]
2025-08-10 02:43:16.111 [info] fatal: not a git repository (or any of the parent directories): .git
2025-08-10 02:43:16.116 [info] > git rev-parse --show-toplevel [1ms]
2025-08-10 02:43:16.116 [info] fatal: not a git repository (or any of the parent directories): .git
2025-08-10 02:43:16.120 [info] > git rev-parse --show-toplevel [1ms]
2025-08-10 02:43:16.120 [info] fatal: not a git repository (or any of the parent directories): .git
2025-08-10 02:43:16.125 [info] > git rev-parse --show-toplevel [0ms]
2025-08-10 02:43:16.125 [info] fatal: not a git repository (or any of the parent directories): .git
2025-08-10 02:43:16.130 [info] > git rev-parse --show-toplevel [1ms]
2025-08-10 02:43:16.130 [info] fatal: not a git repository (or any of the parent directories): .git
2025-08-10 02:43:16.135 [info] > git rev-parse --show-toplevel [1ms]
2025-08-10 02:43:16.135 [info] fatal: not a git repository (or any of the parent directories): .git
2025-08-10 02:43:16.140 [info] > git rev-parse --show-toplevel [2ms]
2025-08-10 02:43:16.140 [info] fatal: not a git repository (or any of the parent directories): .git
2025-08-10 02:43:16.146 [info] > git rev-parse --show-toplevel [1ms]
2025-08-10 02:43:16.146 [info] fatal: not a git repository (or any of the parent directories): .git
2025-08-10 02:43:16.151 [info] > git rev-parse --show-toplevel [1ms]
2025-08-10 02:43:16.151 [info] fatal: not a git repository (or any of the parent directories): .git
2025-08-10 02:43:16.151 [info] [Model][doInitialScan] Initial repository scan completed - repositories (1), closed repositories (0), parent repositories (0), unsafe repositories (0)
2025-08-10 02:43:16.744 [info] > git rev-parse --show-toplevel [2ms]
2025-08-10 02:43:16.744 [info] fatal: not a git repository (or any of the parent directories): .git
2025-08-10 02:43:32.517 [info] > git show --textconv :HyDE_myconf_install.sh [5ms]
2025-08-10 02:43:32.519 [info] > git ls-files --stage -- HyDE_myconf_install.sh [2ms]
2025-08-10 02:43:32.526 [info] > git cat-file -s 9aef2cedc43a06820befdafb784ca417050714b0 [1ms]
2025-08-10 02:44:49.034 [info] > git blame --root --incremental 7aa9562946e61503f4bd4c039ddb14ce062c372a -- HyDE_myconf_install.sh [1ms]
2025-08-10 02:44:56.741 [info] > git for-each-ref --format=%(refname)%00%(upstream:short)%00%(objectname)%00%(upstream:track)%00%(upstream:remotename)%00%(upstream:remoteref) refs/heads/main refs/remotes/main [4ms]
2025-08-10 02:44:56.741 [info] > git config --get commit.template [23ms]
2025-08-10 02:44:56.759 [info] > git for-each-ref --sort -committerdate --format %(refname)%00%(objectname)%00%(*objectname) [2ms]
2025-08-10 02:44:56.760 [info] > git status -z -uall [10ms]
2025-08-10 02:45:03.955 [info] > git config --get commit.template [18ms]
2025-08-10 02:45:03.957 [info] > git for-each-ref --format=%(refname)%00%(upstream:short)%00%(objectname)%00%(upstream:track)%00%(upstream:remotename)%00%(upstream:remoteref) refs/heads/main refs/remotes/main [4ms]
2025-08-10 02:45:03.995 [info] > git for-each-ref --sort -committerdate --format %(refname)%00%(objectname)%00%(*objectname) [5ms]
2025-08-10 02:45:03.999 [info] > git status -z -uall [26ms]
2025-08-10 02:46:00.083 [info] > git config --get commit.template [18ms]
2025-08-10 02:46:00.086 [info] > git for-each-ref --format=%(refname)%00%(upstream:short)%00%(objectname)%00%(upstream:track)%00%(upstream:remotename)%00%(upstream:remoteref) refs/heads/main refs/remotes/main [5ms]
2025-08-10 02:46:00.107 [info] > git for-each-ref --sort -committerdate --format %(refname)%00%(objectname)%00%(*objectname) [1ms]
2025-08-10 02:46:00.110 [info] > git status -z -uall [13ms]
2025-08-10 02:46:05.146 [info] > git config --get commit.template [16ms]
2025-08-10 02:46:05.149 [info] > git for-each-ref --format=%(refname)%00%(upstream:short)%00%(objectname)%00%(upstream:track)%00%(upstream:remotename)%00%(upstream:remoteref) refs/heads/main refs/remotes/main [3ms]
2025-08-10 02:46:05.176 [info] > git for-each-ref --sort -committerdate --format %(refname)%00%(objectname)%00%(*objectname) [3ms]
2025-08-10 02:46:05.180 [info] > git status -z -uall [20ms]
2025-08-10 02:46:15.669 [info] > git config --get commit.template [19ms]
2025-08-10 02:46:15.672 [info] > git for-each-ref --format=%(refname)%00%(upstream:short)%00%(objectname)%00%(upstream:track)%00%(upstream:remotename)%00%(upstream:remoteref) refs/heads/main refs/remotes/main [5ms]
2025-08-10 02:46:15.705 [info] > git for-each-ref --sort -committerdate --format %(refname)%00%(objectname)%00%(*objectname) [2ms]
2025-08-10 02:46:15.707 [info] > git status -z -uall [19ms]
2025-08-10 02:46:16.380 [info] > git fetch [404ms]
2025-08-10 02:46:16.390 [info] > git config --get commit.template [5ms]
2025-08-10 02:46:16.391 [info] > git for-each-ref --format=%(refname)%00%(upstream:short)%00%(objectname)%00%(upstream:track)%00%(upstream:remotename)%00%(upstream:remoteref) refs/heads/main refs/remotes/main [1ms]
2025-08-10 02:46:16.404 [info] > git for-each-ref --sort -committerdate --format %(refname)%00%(objectname)%00%(*objectname) [2ms]
2025-08-10 02:46:16.405 [info] > git status -z -uall [9ms]
2025-08-10 02:46:17.631 [info] > git ls-files --stage -- HyDE_myconf_install.sh [7ms]
2025-08-10 02:46:17.651 [info] > git cat-file -s 9aef2cedc43a06820befdafb784ca417050714b0 [5ms]
2025-08-10 02:46:17.677 [info] > git show --textconv :HyDE_myconf_install.sh [8ms]
2025-08-10 02:46:20.744 [info] > git config --get commit.template [17ms]
2025-08-10 02:46:20.747 [info] > git for-each-ref --format=%(refname)%00%(upstream:short)%00%(objectname)%00%(upstream:track)%00%(upstream:remotename)%00%(upstream:remoteref) refs/heads/main refs/remotes/main [5ms]
2025-08-10 02:46:20.775 [info] > git for-each-ref --sort -committerdate --format %(refname)%00%(objectname)%00%(*objectname) [2ms]
2025-08-10 02:46:20.778 [info] > git status -z -uall [16ms]
2025-08-10 02:46:25.816 [info] > git config --get commit.template [18ms]
2025-08-10 02:46:25.817 [info] > git for-each-ref --format=%(refname)%00%(upstream:short)%00%(objectname)%00%(upstream:track)%00%(upstream:remotename)%00%(upstream:remoteref) refs/heads/main refs/remotes/main [4ms]
2025-08-10 02:46:25.840 [info] > git for-each-ref --sort -committerdate --format %(refname)%00%(objectname)%00%(*objectname) [3ms]
2025-08-10 02:46:25.842 [info] > git status -z -uall [14ms]
2025-08-10 02:46:30.866 [info] > git config --get commit.template [5ms]
2025-08-10 02:46:30.886 [info] > git for-each-ref --format=%(refname)%00%(upstream:short)%00%(objectname)%00%(upstream:track)%00%(upstream:remotename)%00%(upstream:remoteref) refs/heads/main refs/remotes/main [5ms]
2025-08-10 02:46:30.918 [info] > git for-each-ref --sort -committerdate --format %(refname)%00%(objectname)%00%(*objectname) [3ms]
2025-08-10 02:46:30.921 [info] > git status -z -uall [19ms]
2025-08-10 02:46:35.952 [info] > git config --get commit.template [16ms]
2025-08-10 02:46:35.953 [info] > git for-each-ref --format=%(refname)%00%(upstream:short)%00%(objectname)%00%(upstream:track)%00%(upstream:remotename)%00%(upstream:remoteref) refs/heads/main refs/remotes/main [3ms]
2025-08-10 02:46:35.980 [info] > git for-each-ref --sort -committerdate --format %(refname)%00%(objectname)%00%(*objectname) [3ms]
2025-08-10 02:46:35.983 [info] > git status -z -uall [19ms]
2025-08-10 02:46:43.742 [info] > git config --get commit.template [4ms]
2025-08-10 02:46:43.762 [info] > git for-each-ref --format=%(refname)%00%(upstream:short)%00%(objectname)%00%(upstream:track)%00%(upstream:remotename)%00%(upstream:remoteref) refs/heads/main refs/remotes/main [4ms]
2025-08-10 02:46:43.801 [info] > git for-each-ref --sort -committerdate --format %(refname)%00%(objectname)%00%(*objectname) [4ms]
2025-08-10 02:46:43.805 [info] > git status -z -uall [27ms]
2025-08-10 02:46:48.841 [info] > git config --get commit.template [17ms]
2025-08-10 02:46:48.844 [info] > git for-each-ref --format=%(refname)%00%(upstream:short)%00%(objectname)%00%(upstream:track)%00%(upstream:remotename)%00%(upstream:remoteref) refs/heads/main refs/remotes/main [5ms]
2025-08-10 02:46:48.879 [info] > git for-each-ref --sort -committerdate --format %(refname)%00%(objectname)%00%(*objectname) [3ms]
2025-08-10 02:46:48.881 [info] > git status -z -uall [22ms]
2025-08-10 02:46:53.909 [info] > git config --get commit.template [10ms]
2025-08-10 02:46:53.910 [info] > git for-each-ref --format=%(refname)%00%(upstream:short)%00%(objectname)%00%(upstream:track)%00%(upstream:remotename)%00%(upstream:remoteref) refs/heads/main refs/remotes/main [2ms]
2025-08-10 02:46:53.929 [info] > git for-each-ref --sort -committerdate --format %(refname)%00%(objectname)%00%(*objectname) [3ms]
2025-08-10 02:46:53.931 [info] > git status -z -uall [13ms]
2025-08-10 02:46:58.967 [info] > git config --get commit.template [18ms]
2025-08-10 02:46:58.970 [info] > git for-each-ref --format=%(refname)%00%(upstream:short)%00%(objectname)%00%(upstream:track)%00%(upstream:remotename)%00%(upstream:remoteref) refs/heads/main refs/remotes/main [5ms]
2025-08-10 02:46:59.002 [info] > git for-each-ref --sort -committerdate --format %(refname)%00%(objectname)%00%(*objectname) [3ms]
2025-08-10 02:46:59.005 [info] > git status -z -uall [20ms]
2025-08-10 02:47:04.041 [info] > git config --get commit.template [17ms]
2025-08-10 02:47:04.044 [info] > git for-each-ref --format=%(refname)%00%(upstream:short)%00%(objectname)%00%(upstream:track)%00%(upstream:remotename)%00%(upstream:remoteref) refs/heads/main refs/remotes/main [5ms]
2025-08-10 02:47:04.077 [info] > git for-each-ref --sort -committerdate --format %(refname)%00%(objectname)%00%(*objectname) [3ms]
2025-08-10 02:47:04.081 [info] > git status -z -uall [22ms]
2025-08-10 02:47:10.429 [info] > git config --get commit.template [9ms]
2025-08-10 02:47:10.430 [info] > git for-each-ref --format=%(refname)%00%(upstream:short)%00%(objectname)%00%(upstream:track)%00%(upstream:remotename)%00%(upstream:remoteref) refs/heads/main refs/remotes/main [2ms]
2025-08-10 02:47:10.445 [info] > git for-each-ref --sort -committerdate --format %(refname)%00%(objectname)%00%(*objectname) [1ms]
2025-08-10 02:47:10.447 [info] > git status -z -uall [9ms]
2025-08-10 02:47:17.988 [info] > git config --get commit.template [18ms]
2025-08-10 02:47:17.990 [info] > git for-each-ref --format=%(refname)%00%(upstream:short)%00%(objectname)%00%(upstream:track)%00%(upstream:remotename)%00%(upstream:remoteref) refs/heads/main refs/remotes/main [4ms]
2025-08-10 02:47:18.007 [info] > git for-each-ref --sort -committerdate --format %(refname)%00%(objectname)%00%(*objectname) [2ms]
2025-08-10 02:47:18.009 [info] > git status -z -uall [10ms]
2025-08-10 02:47:26.572 [info] > git config --get commit.template [18ms]
2025-08-10 02:47:26.575 [info] > git for-each-ref --format=%(refname)%00%(upstream:short)%00%(objectname)%00%(upstream:track)%00%(upstream:remotename)%00%(upstream:remoteref) refs/heads/main refs/remotes/main [5ms]
2025-08-10 02:47:26.604 [info] > git for-each-ref --sort -committerdate --format %(refname)%00%(objectname)%00%(*objectname) [3ms]
2025-08-10 02:47:26.607 [info] > git status -z -uall [17ms]
2025-08-10 02:47:31.640 [info] > git config --get commit.template [12ms]
2025-08-10 02:47:31.642 [info] > git for-each-ref --format=%(refname)%00%(upstream:short)%00%(objectname)%00%(upstream:track)%00%(upstream:remotename)%00%(upstream:remoteref) refs/heads/main refs/remotes/main [3ms]
2025-08-10 02:47:31.663 [info] > git for-each-ref --sort -committerdate --format %(refname)%00%(objectname)%00%(*objectname) [2ms]
2025-08-10 02:47:31.666 [info] > git status -z -uall [16ms]
2025-08-10 02:47:37.336 [info] > git config --get commit.template [13ms]
2025-08-10 02:47:37.338 [info] > git for-each-ref --format=%(refname)%00%(upstream:short)%00%(objectname)%00%(upstream:track)%00%(upstream:remotename)%00%(upstream:remoteref) refs/heads/main refs/remotes/main [3ms]
2025-08-10 02:47:37.366 [info] > git for-each-ref --sort -committerdate --format %(refname)%00%(objectname)%00%(*objectname) [4ms]
2025-08-10 02:47:37.369 [info] > git status -z -uall [19ms]
2025-08-10 02:47:42.408 [info] > git config --get commit.template [17ms]
2025-08-10 02:47:42.410 [info] > git for-each-ref --format=%(refname)%00%(upstream:short)%00%(objectname)%00%(upstream:track)%00%(upstream:remotename)%00%(upstream:remoteref) refs/heads/main refs/remotes/main [4ms]
2025-08-10 02:47:42.429 [info] > git for-each-ref --sort -committerdate --format %(refname)%00%(objectname)%00%(*objectname) [2ms]
2025-08-10 02:47:42.431 [info] > git status -z -uall [13ms]
2025-08-10 02:47:47.448 [info] > git config --get commit.template [2ms]
2025-08-10 02:47:47.457 [info] > git for-each-ref --format=%(refname)%00%(upstream:short)%00%(objectname)%00%(upstream:track)%00%(upstream:remotename)%00%(upstream:remoteref) refs/heads/main refs/remotes/main [2ms]
2025-08-10 02:47:47.471 [info] > git for-each-ref --sort -committerdate --format %(refname)%00%(objectname)%00%(*objectname) [2ms]
2025-08-10 02:47:47.473 [info] > git status -z -uall [10ms]
2025-08-10 02:47:52.484 [info] > git config --get commit.template [5ms]
2025-08-10 02:47:52.484 [info] > git for-each-ref --format=%(refname)%00%(upstream:short)%00%(objectname)%00%(upstream:track)%00%(upstream:remotename)%00%(upstream:remoteref) refs/heads/main refs/remotes/main [1ms]
2025-08-10 02:47:52.495 [info] > git for-each-ref --sort -committerdate --format %(refname)%00%(objectname)%00%(*objectname) [1ms]
2025-08-10 02:47:52.496 [info] > git status -z -uall [7ms]
2025-08-10 02:47:57.509 [info] > git config --get commit.template [5ms]
2025-08-10 02:47:57.510 [info] > git for-each-ref --format=%(refname)%00%(upstream:short)%00%(objectname)%00%(upstream:track)%00%(upstream:remotename)%00%(upstream:remoteref) refs/heads/main refs/remotes/main [2ms]
2025-08-10 02:47:57.522 [info] > git for-each-ref --sort -committerdate --format %(refname)%00%(objectname)%00%(*objectname) [1ms]
2025-08-10 02:47:57.526 [info] > git status -z -uall [10ms]
2025-08-10 02:48:02.534 [info] > git config --get commit.template [2ms]
2025-08-10 02:48:02.539 [info] > git for-each-ref --format=%(refname)%00%(upstream:short)%00%(objectname)%00%(upstream:track)%00%(upstream:remotename)%00%(upstream:remoteref) refs/heads/main refs/remotes/main [1ms]
2025-08-10 02:48:02.552 [info] > git for-each-ref --sort -committerdate --format %(refname)%00%(objectname)%00%(*objectname) [2ms]
2025-08-10 02:48:02.552 [info] > git status -z -uall [9ms]
2025-08-10 02:48:08.591 [info] > git config --get commit.template [17ms]
2025-08-10 02:48:08.594 [info] > git for-each-ref --format=%(refname)%00%(upstream:short)%00%(objectname)%00%(upstream:track)%00%(upstream:remotename)%00%(upstream:remoteref) refs/heads/main refs/remotes/main [5ms]
2025-08-10 02:48:08.630 [info] > git for-each-ref --sort -committerdate --format %(refname)%00%(objectname)%00%(*objectname) [3ms]
2025-08-10 02:48:08.633 [info] > git status -z -uall [23ms]
2025-08-10 02:48:13.672 [info] > git config --get commit.template [20ms]
2025-08-10 02:48:13.673 [info] > git for-each-ref --format=%(refname)%00%(upstream:short)%00%(objectname)%00%(upstream:track)%00%(upstream:remotename)%00%(upstream:remoteref) refs/heads/main refs/remotes/main [5ms]
2025-08-10 02:48:13.697 [info] > git for-each-ref --sort -committerdate --format %(refname)%00%(objectname)%00%(*objectname) [2ms]
2025-08-10 02:48:13.699 [info] > git status -z -uall [15ms]
2025-08-10 02:49:16.833 [info] > git fetch [410ms]
2025-08-10 02:49:16.866 [info] > git config --get commit.template [17ms]
2025-08-10 02:49:16.869 [info] > git for-each-ref --format=%(refname)%00%(upstream:short)%00%(objectname)%00%(upstream:track)%00%(upstream:remotename)%00%(upstream:remoteref) refs/heads/main refs/remotes/main [5ms]
2025-08-10 02:49:16.901 [info] > git for-each-ref --sort -committerdate --format %(refname)%00%(objectname)%00%(*objectname) [2ms]
2025-08-10 02:49:16.905 [info] > git status -z -uall [21ms]
2025-08-10 02:49:17.957 [info] > git config --get commit.template [5ms]
2025-08-10 02:49:17.958 [info] > git for-each-ref --format=%(refname)%00%(upstream:short)%00%(objectname)%00%(upstream:track)%00%(upstream:remotename)%00%(upstream:remoteref) refs/heads/main refs/remotes/main [2ms]
2025-08-10 02:49:17.969 [info] > git for-each-ref --sort -committerdate --format %(refname)%00%(objectname)%00%(*objectname) [2ms]
2025-08-10 02:49:17.970 [info] > git status -z -uall [8ms]
2025-08-10 02:49:18.072 [info] > git ls-files --stage -- HyDE_myconf_install.sh [6ms]
2025-08-10 02:49:18.084 [info] > git cat-file -s 9aef2cedc43a06820befdafb784ca417050714b0 [3ms]
2025-08-10 02:49:18.094 [info] > git show --textconv :HyDE_myconf_install.sh [3ms]
2025-08-10 02:49:29.553 [info] > git config --get commit.template [22ms]
2025-08-10 02:49:29.555 [info] > git for-each-ref --format=%(refname)%00%(upstream:short)%00%(objectname)%00%(upstream:track)%00%(upstream:remotename)%00%(upstream:remoteref) refs/heads/main refs/remotes/main [4ms]
2025-08-10 02:49:29.576 [info] > git for-each-ref --sort -committerdate --format %(refname)%00%(objectname)%00%(*objectname) [2ms]
2025-08-10 02:49:29.578 [info] > git status -z -uall [13ms]
2025-08-10 02:49:39.582 [info] > git check-ignore -v -z --stdin [2ms]
2025-08-10 02:54:09.452 [info] > git config --get commit.template [6ms]
2025-08-10 02:54:09.458 [info] > git ls-files --stage -- HyDE_myconf_install.sh [6ms]
2025-08-10 02:54:09.464 [info] > git for-each-ref --format=%(refname)%00%(upstream:short)%00%(objectname)%00%(upstream:track)%00%(upstream:remotename)%00%(upstream:remoteref) refs/heads/main refs/remotes/main [6ms]
2025-08-10 02:54:09.464 [info] > git cat-file -s 9c4e876c2a19ecc3a1c6f83e843bd9e258f770ca [1ms]
2025-08-10 02:54:09.481 [info] > git status -z -uall [12ms]
2025-08-10 02:54:09.481 [info] > git for-each-ref --sort -committerdate --format %(refname)%00%(objectname)%00%(*objectname) [6ms]
2025-08-10 02:54:09.495 [info] > git show --textconv :HyDE_myconf_install.sh [15ms]
2025-08-10 02:54:09.495 [info] > git blame --root --incremental d017c0af2684a5eae3e912dfb7b62a6e564bd77e -- HyDE_myconf_install.sh [7ms]
2025-08-10 02:54:09.496 [info] > git merge-base refs/heads/main refs/remotes/origin/main [3ms]
2025-08-10 02:54:09.503 [info] > git diff --name-status -z --diff-filter=ADMR d017c0af2684a5eae3e912dfb7b62a6e564bd77e...refs/remotes/origin/main [2ms]
2025-08-10 02:54:09.824 [info] > git fetch [386ms]
2025-08-10 02:54:09.837 [info] > git config --get commit.template [6ms]
2025-08-10 02:54:09.838 [info] > git for-each-ref --format=%(refname)%00%(upstream:short)%00%(objectname)%00%(upstream:track)%00%(upstream:remotename)%00%(upstream:remoteref) refs/heads/main refs/remotes/main [2ms]
2025-08-10 02:54:09.851 [info] > git for-each-ref --sort -committerdate --format %(refname)%00%(objectname)%00%(*objectname) [1ms]
2025-08-10 02:54:09.852 [info] > git status -z -uall [8ms]
