2025-08-14 18:21:03.470 [info] [main] Log level: Info
2025-08-14 18:21:03.470 [info] [main] Validating found git in: "git"
2025-08-14 18:21:03.470 [info] [main] Using git "2.50.1" from "git"
2025-08-14 18:21:03.470 [info] [Model][doInitialScan] Initial repository scan started
2025-08-14 18:21:03.470 [info] > git rev-parse --show-toplevel [3ms]
2025-08-14 18:21:03.470 [info] fatal: not a git repository (or any of the parent directories): .git
2025-08-14 18:21:03.470 [info] > git rev-parse --show-toplevel [1ms]
2025-08-14 18:21:03.470 [info] fatal: not a git repository (or any of the parent directories): .git
2025-08-14 18:21:03.470 [info] > git rev-parse --show-toplevel [1ms]
2025-08-14 18:21:03.470 [info] fatal: not a git repository (or any of the parent directories): .git
2025-08-14 18:21:03.470 [info] > git rev-parse --show-toplevel [1ms]
2025-08-14 18:21:03.470 [info] fatal: not a git repository (or any of the parent directories): .git
2025-08-14 18:21:03.470 [info] > git rev-parse --show-toplevel [1ms]
2025-08-14 18:21:03.470 [info] fatal: not a git repository (or any of the parent directories): .git
2025-08-14 18:21:03.470 [info] > git rev-parse --show-toplevel [1ms]
2025-08-14 18:21:03.470 [info] fatal: not a git repository (or any of the parent directories): .git
2025-08-14 18:21:03.470 [info] > git rev-parse --show-toplevel [2ms]
2025-08-14 18:21:03.470 [info] fatal: not a git repository (or any of the parent directories): .git
2025-08-14 18:21:03.470 [info] > git rev-parse --show-toplevel [1ms]
2025-08-14 18:21:03.470 [info] fatal: not a git repository (or any of the parent directories): .git
2025-08-14 18:21:03.470 [info] > git rev-parse --show-toplevel [1ms]
2025-08-14 18:21:03.470 [info] fatal: not a git repository (or any of the parent directories): .git
2025-08-14 18:21:03.470 [info] > git rev-parse --show-toplevel [1ms]
2025-08-14 18:21:03.470 [info] fatal: not a git repository (or any of the parent directories): .git
2025-08-14 18:21:03.470 [info] > git rev-parse --show-toplevel [1ms]
2025-08-14 18:21:03.470 [info] fatal: not a git repository (or any of the parent directories): .git
2025-08-14 18:21:03.470 [info] > git rev-parse --show-toplevel [1ms]
2025-08-14 18:21:03.470 [info] fatal: not a git repository (or any of the parent directories): .git
2025-08-14 18:21:03.470 [info] > git rev-parse --show-toplevel [1ms]
2025-08-14 18:21:03.470 [info] fatal: not a git repository (or any of the parent directories): .git
2025-08-14 18:21:03.470 [info] > git rev-parse --show-toplevel [1ms]
2025-08-14 18:21:03.470 [info] fatal: not a git repository (or any of the parent directories): .git
2025-08-14 18:21:03.470 [info] > git rev-parse --show-toplevel [1ms]
2025-08-14 18:21:03.470 [info] fatal: not a git repository (or any of the parent directories): .git
2025-08-14 18:21:03.470 [info] > git rev-parse --show-toplevel [1ms]
2025-08-14 18:21:03.470 [info] fatal: not a git repository (or any of the parent directories): .git
2025-08-14 18:21:03.470 [info] > git rev-parse --show-toplevel [1ms]
2025-08-14 18:21:03.470 [info] fatal: not a git repository (or any of the parent directories): .git
2025-08-14 18:21:03.470 [info] > git rev-parse --show-toplevel [1ms]
2025-08-14 18:21:03.470 [info] fatal: not a git repository (or any of the parent directories): .git
2025-08-14 18:21:03.479 [info] > git rev-parse --show-toplevel [5ms]
2025-08-14 18:21:03.479 [info] fatal: not a git repository (or any of the parent directories): .git
2025-08-14 18:21:03.485 [info] > git rev-parse --show-toplevel [2ms]
2025-08-14 18:21:03.485 [info] fatal: not a git repository (or any of the parent directories): .git
2025-08-14 18:21:03.489 [info] > git rev-parse --show-toplevel [1ms]
2025-08-14 18:21:03.489 [info] fatal: not a git repository (or any of the parent directories): .git
2025-08-14 18:21:03.492 [info] > git rev-parse --show-toplevel [1ms]
2025-08-14 18:21:03.492 [info] fatal: not a git repository (or any of the parent directories): .git
2025-08-14 18:21:03.496 [info] > git rev-parse --show-toplevel [0ms]
2025-08-14 18:21:03.496 [info] fatal: not a git repository (or any of the parent directories): .git
2025-08-14 18:21:03.500 [info] > git rev-parse --show-toplevel [1ms]
2025-08-14 18:21:03.500 [info] fatal: not a git repository (or any of the parent directories): .git
2025-08-14 18:21:03.512 [info] > git rev-parse --show-toplevel [9ms]
2025-08-14 18:21:03.512 [info] fatal: not a git repository (or any of the parent directories): .git
2025-08-14 18:21:03.522 [info] > git rev-parse --show-toplevel [3ms]
2025-08-14 18:21:03.522 [info] fatal: not a git repository (or any of the parent directories): .git
2025-08-14 18:21:03.529 [info] > git rev-parse --show-toplevel [1ms]
2025-08-14 18:21:03.529 [info] fatal: not a git repository (or any of the parent directories): .git
2025-08-14 18:21:03.535 [info] > git rev-parse --show-toplevel [1ms]
2025-08-14 18:21:03.535 [info] fatal: not a git repository (or any of the parent directories): .git
2025-08-14 18:21:03.789 [info] > git rev-parse --show-toplevel [250ms]
2025-08-14 18:21:03.789 [info] fatal: not a git repository (or any of the parent directories): .git
2025-08-14 18:21:03.842 [info] > git rev-parse --show-toplevel [4ms]
2025-08-14 18:21:03.842 [info] fatal: not a git repository (or any of the parent directories): .git
2025-08-14 18:21:03.848 [info] > git rev-parse --show-toplevel [2ms]
2025-08-14 18:21:03.848 [info] fatal: not a git repository (or any of the parent directories): .git
2025-08-14 18:21:03.853 [info] > git rev-parse --show-toplevel [1ms]
2025-08-14 18:21:03.853 [info] fatal: not a git repository (or any of the parent directories): .git
2025-08-14 18:21:03.857 [info] > git rev-parse --show-toplevel [0ms]
2025-08-14 18:21:03.858 [info] fatal: not a git repository (or any of the parent directories): .git
2025-08-14 18:21:03.858 [info] [Model][doInitialScan] Initial repository scan completed - repositories (0), closed repositories (0), parent repositories (0), unsafe repositories (0)
2025-08-14 18:21:03.863 [info] > git rev-parse --show-toplevel [1ms]
2025-08-14 18:21:03.863 [info] fatal: not a git repository (or any of the parent directories): .git
2025-08-14 18:21:04.098 [info] > git rev-parse --show-toplevel [21ms]
2025-08-14 18:21:04.098 [info] fatal: not a git repository (or any of the parent directories): .git
2025-08-14 18:21:04.135 [info] > git rev-parse --show-toplevel [33ms]
2025-08-14 18:21:04.135 [info] fatal: not a git repository (or any of the parent directories): .git
2025-08-14 18:21:04.210 [info] > git rev-parse --show-toplevel [1ms]
2025-08-14 18:21:04.210 [info] fatal: not a git repository (or any of the parent directories): .git
2025-08-14 18:21:04.376 [info] > git rev-parse --show-toplevel [1ms]
2025-08-14 18:21:04.376 [info] fatal: not a git repository (or any of the parent directories): .git
2025-08-14 18:21:04.546 [info] > git rev-parse --show-toplevel [1ms]
2025-08-14 18:21:04.546 [info] fatal: not a git repository (or any of the parent directories): .git
2025-08-14 18:21:06.594 [info] > git rev-parse --show-toplevel [1ms]
2025-08-14 18:21:06.594 [info] fatal: not a git repository (or any of the parent directories): .git
2025-08-14 18:21:18.062 [info] > git rev-parse --show-toplevel [1ms]
2025-08-14 18:21:18.062 [info] fatal: not a git repository (or any of the parent directories): .git
2025-08-14 18:21:42.825 [info] > git rev-parse --show-toplevel [2ms]
2025-08-14 18:21:42.829 [info] > git rev-parse --path-format=relative --show-toplevel [1ms]
