2025-08-06 11:46:47.635 [info] Extension host with pid 7262 started
2025-08-06 11:46:47.635 [info] Skipping acquiring lock for /home/hubert/.config/VSCodium/User/workspaceStorage/b912bb2efd1d02e05e5444214864e7f3.
2025-08-06 11:46:47.671 [info] ExtensionService#_doActivateExtension vscode.git-base, startup: true, activationEvent: '*', root cause: vscode.git
2025-08-06 11:46:47.676 [info] ExtensionService#_doActivateExtension yzhang.markdown-all-in-one, startup: true, activationEvent: 'workspaceContains:README.md'
2025-08-06 11:46:47.819 [info] ExtensionService#_doActivateExtension vscode.markdown-math, startup: false, activationEvent: 'api', root cause: yzhang.markdown-all-in-one
2025-08-06 11:46:47.837 [info] ExtensionService#_doActivateExtension vscode.git, startup: true, activationEvent: '*'
2025-08-06 11:46:47.885 [info] ExtensionService#_doActivateExtension vscode.github, startup: true, activationEvent: '*'
2025-08-06 11:46:48.042 [info] Eager extensions activated
2025-08-06 11:46:48.043 [info] ExtensionService#_doActivateExtension vscode.emmet, startup: false, activationEvent: 'onLanguage'
2025-08-06 11:46:48.065 [info] ExtensionService#_doActivateExtension vscode.debug-auto-launch, startup: false, activationEvent: 'onStartupFinished'
2025-08-06 11:46:48.067 [info] ExtensionService#_doActivateExtension vscode.merge-conflict, startup: false, activationEvent: 'onStartupFinished'
2025-08-06 11:46:48.084 [info] ExtensionService#_doActivateExtension Catppuccin.catppuccin-vsc, startup: false, activationEvent: 'onStartupFinished'
2025-08-06 11:46:48.088 [info] ExtensionService#_doActivateExtension Catppuccin.catppuccin-vsc-icons, startup: false, activationEvent: 'onStartupFinished'
2025-08-06 11:46:48.192 [info] ExtensionService#_doActivateExtension esbenp.prettier-vscode, startup: false, activationEvent: 'onStartupFinished'
2025-08-06 11:46:48.262 [info] ExtensionService#_doActivateExtension naumovs.color-highlight, startup: false, activationEvent: 'onStartupFinished'
2025-08-06 11:46:48.269 [info] ExtensionService#_doActivateExtension PKief.material-icon-theme, startup: false, activationEvent: 'onStartupFinished'
2025-08-06 11:46:48.383 [info] ExtensionService#_doActivateExtension vscode.configuration-editing, startup: false, activationEvent: 'onLanguage:jsonc'
2025-08-06 11:46:48.390 [info] ExtensionService#_doActivateExtension vscode.json-language-features, startup: false, activationEvent: 'onLanguage:jsonc'
2025-08-06 11:46:48.445 [info] ExtensionService#_doActivateExtension vscode.typescript-language-features, startup: false, activationEvent: 'onLanguage:jsonc'
2025-08-06 11:46:48.569 [warning] [Decorations] CAPPING events from decorations provider vscode.git 5965
2025-08-06 11:46:49.315 [warning] [Decorations] CAPPING events from decorations provider vscode.git 5966
2025-08-06 11:46:49.332 [info] ExtensionService#_doActivateExtension vscode.github-authentication, startup: false, activationEvent: 'onAuthenticationRequest:github'
2025-08-06 11:46:50.125 [warning] [Decorations] CAPPING events from decorations provider vscode.git 5967
2025-08-06 11:47:04.515 [warning] [Decorations] CAPPING events from decorations provider vscode.git 5967
2025-08-06 11:47:05.165 [info] Extension host terminating: renderer closed the MessagePort
2025-08-06 11:47:05.174 [info] Extension host with pid 7262 exiting with code 0
