2025-08-06 11:46:48.064 [info] [main] Log level: Info
2025-08-06 11:46:48.064 [info] [main] Validating found git in: "git"
2025-08-06 11:46:48.064 [info] [main] Using git "2.50.1" from "git"
2025-08-06 11:46:48.064 [info] [Model][doInitialScan] Initial repository scan started
2025-08-06 11:46:48.064 [info] > git rev-parse --show-toplevel [22ms]
2025-08-06 11:46:48.064 [info] > git rev-parse --git-dir --git-common-dir [3ms]
2025-08-06 11:46:48.064 [info] [Model][openRepository] Opened repository (path): /home/hubert/.dotfiles
2025-08-06 11:46:48.064 [info] [Model][openRepository] Opened repository (real path): /home/hubert/.dotfiles
2025-08-06 11:46:48.064 [info] > git rev-parse --show-toplevel [3ms]
2025-08-06 11:46:48.064 [info] fatal: not a git repository (or any of the parent directories): .git
2025-08-06 11:46:48.064 [info] > git config --get commit.template [8ms]
2025-08-06 11:46:48.065 [info] > git rev-parse --show-toplevel [31ms]
2025-08-06 11:46:48.065 [info] fatal: not a git repository (or any of the parent directories): .git
2025-08-06 11:46:48.294 [info] > git for-each-ref --format=%(refname)%00%(upstream:short)%00%(objectname)%00%(upstream:track)%00%(upstream:remotename)%00%(upstream:remoteref) refs/heads/main refs/remotes/main [230ms]
2025-08-06 11:46:48.359 [info] > git for-each-ref --sort -committerdate --format %(refname)%00%(objectname)%00%(*objectname) [4ms]
2025-08-06 11:46:48.371 [info] > git rev-parse --show-toplevel [2ms]
2025-08-06 11:46:48.371 [info] fatal: not a git repository (or any of the parent directories): .git
2025-08-06 11:46:48.377 [info] > git rev-parse --show-toplevel [1ms]
2025-08-06 11:46:48.377 [info] fatal: not a git repository (or any of the parent directories): .git
2025-08-06 11:46:48.390 [info] > git rev-parse --show-toplevel [8ms]
2025-08-06 11:46:48.390 [info] fatal: not a git repository (or any of the parent directories): .git
2025-08-06 11:46:48.507 [info] > git rev-parse --show-toplevel [12ms]
2025-08-06 11:46:48.507 [info] fatal: not a git repository (or any of the parent directories): .git
2025-08-06 11:46:48.513 [info] > git status -z -uall [173ms]
2025-08-06 11:46:48.513 [info] > git rev-parse --show-toplevel [2ms]
2025-08-06 11:46:48.513 [info] fatal: not a git repository (or any of the parent directories): .git
2025-08-06 11:46:48.604 [info] > git check-ignore -v -z --stdin [18ms]
2025-08-06 11:46:48.605 [info] > git for-each-ref --format=%(refname)%00%(upstream:short)%00%(objectname)%00%(upstream:track)%00%(upstream:remotename)%00%(upstream:remoteref) refs/heads/main refs/remotes/main [25ms]
2025-08-06 11:46:48.610 [info] > git rev-parse --show-toplevel [85ms]
2025-08-06 11:46:48.610 [info] fatal: not a git repository (or any of the parent directories): .git
2025-08-06 11:46:48.619 [info] > git config --get --local branch.main.vscode-merge-base [9ms]
2025-08-06 11:46:48.625 [info] > git config --get commit.template [21ms]
2025-08-06 11:46:48.626 [info] > git for-each-ref --format=%(refname)%00%(upstream:short)%00%(objectname)%00%(upstream:track)%00%(upstream:remotename)%00%(upstream:remoteref) refs/heads/origin/main refs/remotes/origin/main [1ms]
2025-08-06 11:46:48.632 [info] > git rev-parse --show-toplevel [14ms]
2025-08-06 11:46:48.632 [info] fatal: not a git repository (or any of the parent directories): .git
2025-08-06 11:46:48.642 [info] > git rev-parse --show-toplevel [1ms]
2025-08-06 11:46:48.642 [info] fatal: not a git repository (or any of the parent directories): .git
2025-08-06 11:46:48.643 [info] > git for-each-ref --format=%(refname)%00%(upstream:short)%00%(objectname)%00%(upstream:track)%00%(upstream:remotename)%00%(upstream:remoteref) refs/heads/main refs/remotes/main [7ms]
2025-08-06 11:46:48.643 [info] > git merge-base refs/heads/main refs/remotes/origin/main [12ms]
2025-08-06 11:46:49.173 [info] > git diff --name-status -z --diff-filter=ADMR 49fd4d12dcc52a542d810ffc80663887ccdfac93...refs/remotes/origin/main [526ms]
2025-08-06 11:46:49.180 [info] > git rev-parse --show-toplevel [18ms]
2025-08-06 11:46:49.180 [info] fatal: not a git repository (or any of the parent directories): .git
2025-08-06 11:46:49.204 [info] > git rev-parse --show-toplevel [13ms]
2025-08-06 11:46:49.204 [info] fatal: not a git repository (or any of the parent directories): .git
2025-08-06 11:46:49.220 [info] > git for-each-ref --sort -committerdate --format %(refname)%00%(objectname)%00%(*objectname) [19ms]
2025-08-06 11:46:49.221 [info] > git rev-parse --show-toplevel [2ms]
2025-08-06 11:46:49.221 [info] fatal: not a git repository (or any of the parent directories): .git
2025-08-06 11:46:49.233 [info] > git rev-parse --show-toplevel [1ms]
2025-08-06 11:46:49.233 [info] fatal: not a git repository (or any of the parent directories): .git
2025-08-06 11:46:49.238 [info] > git rev-parse --show-toplevel [1ms]
2025-08-06 11:46:49.239 [info] fatal: not a git repository (or any of the parent directories): .git
2025-08-06 11:46:49.245 [info] > git rev-parse --show-toplevel [1ms]
2025-08-06 11:46:49.245 [info] fatal: not a git repository (or any of the parent directories): .git
2025-08-06 11:46:49.254 [info] > git rev-parse --show-toplevel [3ms]
2025-08-06 11:46:49.254 [info] fatal: not a git repository (or any of the parent directories): .git
2025-08-06 11:46:49.260 [info] > git rev-parse --show-toplevel [1ms]
2025-08-06 11:46:49.260 [info] fatal: not a git repository (or any of the parent directories): .git
2025-08-06 11:46:49.269 [info] > git rev-parse --show-toplevel [4ms]
2025-08-06 11:46:49.269 [info] fatal: not a git repository (or any of the parent directories): .git
2025-08-06 11:46:49.275 [info] > git rev-parse --show-toplevel [1ms]
2025-08-06 11:46:49.275 [info] fatal: not a git repository (or any of the parent directories): .git
2025-08-06 11:46:49.281 [info] > git rev-parse --show-toplevel [1ms]
2025-08-06 11:46:49.281 [info] fatal: not a git repository (or any of the parent directories): .git
2025-08-06 11:46:49.288 [info] > git status -z -uall [93ms]
2025-08-06 11:46:49.288 [info] > git rev-parse --show-toplevel [3ms]
2025-08-06 11:46:49.288 [info] fatal: not a git repository (or any of the parent directories): .git
2025-08-06 11:46:49.326 [info] > git rev-parse --show-toplevel [1ms]
2025-08-06 11:46:49.326 [info] fatal: not a git repository (or any of the parent directories): .git
2025-08-06 11:46:49.351 [info] > git rev-parse --show-toplevel [18ms]
2025-08-06 11:46:49.351 [info] fatal: not a git repository (or any of the parent directories): .git
2025-08-06 11:46:49.358 [info] > git rev-parse --show-toplevel [2ms]
2025-08-06 11:46:49.358 [info] fatal: not a git repository (or any of the parent directories): .git
2025-08-06 11:46:49.363 [info] > git rev-parse --show-toplevel [1ms]
2025-08-06 11:46:49.363 [info] fatal: not a git repository (or any of the parent directories): .git
2025-08-06 11:46:49.368 [info] > git rev-parse --show-toplevel [1ms]
2025-08-06 11:46:49.368 [info] fatal: not a git repository (or any of the parent directories): .git
2025-08-06 11:46:49.373 [info] > git rev-parse --show-toplevel [1ms]
2025-08-06 11:46:49.373 [info] fatal: not a git repository (or any of the parent directories): .git
2025-08-06 11:46:49.377 [info] > git rev-parse --show-toplevel [1ms]
2025-08-06 11:46:49.377 [info] fatal: not a git repository (or any of the parent directories): .git
2025-08-06 11:46:49.382 [info] > git rev-parse --show-toplevel [1ms]
2025-08-06 11:46:49.382 [info] fatal: not a git repository (or any of the parent directories): .git
2025-08-06 11:46:49.386 [info] > git rev-parse --show-toplevel [0ms]
2025-08-06 11:46:49.386 [info] fatal: not a git repository (or any of the parent directories): .git
2025-08-06 11:46:49.391 [info] > git rev-parse --show-toplevel [1ms]
2025-08-06 11:46:49.391 [info] fatal: not a git repository (or any of the parent directories): .git
2025-08-06 11:46:49.395 [info] > git rev-parse --show-toplevel [1ms]
2025-08-06 11:46:49.952 [info] > git fetch [1941ms]
2025-08-06 11:46:49.965 [info] > git rev-parse --show-toplevel [13ms]
2025-08-06 11:46:49.969 [info] > git config --get commit.template [4ms]
2025-08-06 11:46:49.973 [info] > git rev-parse --show-toplevel [4ms]
2025-08-06 11:46:49.978 [info] > git for-each-ref --format=%(refname)%00%(upstream:short)%00%(objectname)%00%(upstream:track)%00%(upstream:remotename)%00%(upstream:remoteref) refs/heads/main refs/remotes/main [5ms]
2025-08-06 11:46:49.978 [info] > git rev-parse --show-toplevel [1ms]
2025-08-06 11:46:50.007 [info] > git for-each-ref --sort -committerdate --format %(refname)%00%(objectname)%00%(*objectname) [16ms]
2025-08-06 11:46:50.009 [info] > git rev-parse --show-toplevel [3ms]
2025-08-06 11:46:50.015 [info] > git rev-parse --show-toplevel [1ms]
2025-08-06 11:46:50.020 [info] > git rev-parse --show-toplevel [1ms]
2025-08-06 11:46:50.025 [info] > git rev-parse --show-toplevel [1ms]
2025-08-06 11:46:50.030 [info] > git rev-parse --show-toplevel [1ms]
2025-08-06 11:46:50.035 [info] > git rev-parse --show-toplevel [1ms]
2025-08-06 11:46:50.041 [info] > git rev-parse --show-toplevel [2ms]
2025-08-06 11:46:50.047 [info] > git rev-parse --show-toplevel [1ms]
2025-08-06 11:46:50.053 [info] > git rev-parse --show-toplevel [1ms]
2025-08-06 11:46:50.058 [info] > git rev-parse --show-toplevel [1ms]
2025-08-06 11:46:50.063 [info] > git rev-parse --show-toplevel [1ms]
2025-08-06 11:46:50.068 [info] > git rev-parse --show-toplevel [1ms]
2025-08-06 11:46:50.072 [info] > git rev-parse --show-toplevel [1ms]
2025-08-06 11:46:50.077 [info] > git rev-parse --show-toplevel [1ms]
2025-08-06 11:46:50.083 [info] > git status -z -uall [99ms]
2025-08-06 11:46:50.083 [info] > git rev-parse --show-toplevel [2ms]
2025-08-06 11:46:50.130 [info] > git rev-parse --show-toplevel [43ms]
2025-08-06 11:46:50.138 [info] > git rev-parse --show-toplevel [3ms]
2025-08-06 11:46:50.143 [info] > git rev-parse --show-toplevel [0ms]
2025-08-06 11:46:50.147 [info] > git rev-parse --show-toplevel [1ms]
2025-08-06 11:46:50.152 [info] > git rev-parse --show-toplevel [1ms]
2025-08-06 11:46:50.157 [info] > git rev-parse --show-toplevel [1ms]
2025-08-06 11:46:50.161 [info] > git rev-parse --show-toplevel [0ms]
2025-08-06 11:46:50.167 [info] > git rev-parse --show-toplevel [1ms]
2025-08-06 11:46:50.171 [info] > git rev-parse --show-toplevel [1ms]
2025-08-06 11:46:50.176 [info] > git rev-parse --show-toplevel [1ms]
2025-08-06 11:46:50.180 [info] > git rev-parse --show-toplevel [1ms]
2025-08-06 11:46:50.185 [info] > git rev-parse --show-toplevel [1ms]
2025-08-06 11:46:50.190 [info] > git rev-parse --show-toplevel [1ms]
2025-08-06 11:46:50.715 [info] > git rev-parse --show-toplevel [521ms]
2025-08-06 11:46:50.721 [info] > git rev-parse --show-toplevel [1ms]
2025-08-06 11:46:50.726 [info] > git rev-parse --show-toplevel [1ms]
2025-08-06 11:46:50.731 [info] > git rev-parse --show-toplevel [1ms]
2025-08-06 11:46:50.736 [info] > git rev-parse --show-toplevel [1ms]
2025-08-06 11:46:50.741 [info] > git rev-parse --show-toplevel [1ms]
2025-08-06 11:46:50.746 [info] > git rev-parse --show-toplevel [1ms]
2025-08-06 11:46:50.751 [info] > git rev-parse --show-toplevel [1ms]
2025-08-06 11:46:50.756 [info] > git rev-parse --show-toplevel [1ms]
2025-08-06 11:46:50.761 [info] > git rev-parse --show-toplevel [1ms]
2025-08-06 11:46:50.768 [info] > git rev-parse --show-toplevel [1ms]
2025-08-06 11:46:50.772 [info] > git rev-parse --show-toplevel [0ms]
2025-08-06 11:46:50.777 [info] > git rev-parse --show-toplevel [1ms]
2025-08-06 11:46:50.782 [info] > git rev-parse --show-toplevel [1ms]
2025-08-06 11:46:50.786 [info] > git rev-parse --show-toplevel [1ms]
2025-08-06 11:46:50.791 [info] > git rev-parse --show-toplevel [1ms]
2025-08-06 11:46:50.795 [info] > git rev-parse --show-toplevel [1ms]
2025-08-06 11:46:50.799 [info] > git rev-parse --show-toplevel [0ms]
2025-08-06 11:46:50.804 [info] > git rev-parse --show-toplevel [1ms]
2025-08-06 11:46:50.808 [info] > git rev-parse --show-toplevel [1ms]
2025-08-06 11:46:50.812 [info] > git rev-parse --show-toplevel [0ms]
2025-08-06 11:46:50.817 [info] > git rev-parse --show-toplevel [1ms]
2025-08-06 11:46:50.821 [info] > git rev-parse --show-toplevel [1ms]
2025-08-06 11:46:50.825 [info] > git rev-parse --show-toplevel [1ms]
2025-08-06 11:46:50.830 [info] > git rev-parse --show-toplevel [1ms]
2025-08-06 11:46:50.835 [info] > git rev-parse --show-toplevel [1ms]
2025-08-06 11:46:50.840 [info] > git rev-parse --show-toplevel [1ms]
2025-08-06 11:46:50.845 [info] > git rev-parse --show-toplevel [1ms]
2025-08-06 11:46:50.850 [info] > git rev-parse --show-toplevel [1ms]
2025-08-06 11:46:50.854 [info] > git rev-parse --show-toplevel [0ms]
2025-08-06 11:46:50.860 [info] > git rev-parse --show-toplevel [1ms]
2025-08-06 11:46:50.864 [info] > git rev-parse --show-toplevel [0ms]
2025-08-06 11:46:50.869 [info] > git rev-parse --show-toplevel [1ms]
2025-08-06 11:46:50.874 [info] > git rev-parse --show-toplevel [1ms]
2025-08-06 11:46:50.880 [info] > git rev-parse --show-toplevel [1ms]
2025-08-06 11:46:50.885 [info] > git rev-parse --show-toplevel [1ms]
2025-08-06 11:46:50.890 [info] > git rev-parse --show-toplevel [1ms]
2025-08-06 11:46:50.895 [info] > git rev-parse --show-toplevel [1ms]
2025-08-06 11:46:50.896 [info] [Model][doInitialScan] Initial repository scan completed - repositories (1), closed repositories (0), parent repositories (0), unsafe repositories (0)
2025-08-06 11:46:50.901 [info] > git rev-parse --show-toplevel [1ms]
2025-08-06 11:46:50.901 [info] fatal: not a git repository (or any of the parent directories): .git
2025-08-06 11:47:04.401 [info] > git config --get commit.template [6ms]
2025-08-06 11:47:04.402 [info] > git for-each-ref --format=%(refname)%00%(upstream:short)%00%(objectname)%00%(upstream:track)%00%(upstream:remotename)%00%(upstream:remoteref) refs/heads/main refs/remotes/main [1ms]
2025-08-06 11:47:04.415 [info] > git for-each-ref --sort -committerdate --format %(refname)%00%(objectname)%00%(*objectname) [1ms]
2025-08-06 11:47:04.480 [info] > git status -z -uall [72ms]
